MALLOC (0x100412a00) 24 bytes (file: util.c, line: 1532) - 24
STRDUP (0x100412a20) 4 bytes (file: exclude.c, line: 872) - 28
MALLOC (0x100412a30) 48 bytes (file: link.c, line: 61) - 76
STRDUP (0x100412a60) 16 bytes (file: exclude.c, line: 862) - 92
MALLOC (0x100412a70) 128 bytes (file: util.c, line: 779) - 220
MALLOC (0x100412db0) 72 bytes (file: db.c, line: 212) - 292
REALLOC (0x0 -> 0x100412e00) 72 (0) bytes (file: db.c, line: 224) - 364
REALLOC (0x0 -> 0x100412af0) 8 (0) bytes (file: info.c, line: 275) - 372
STRDUP (0x100412e50) 2 bytes (file: info.c, line: 276) - 374
FREE (0x100412a70) 128 bytes (file: db.c, line: 659) - 246
MALLOC (0x100412a70) 128 bytes (file: util.c, line: 779) - 374
REALLOC (0x100412a70 -> 0x100412e60) 256 (128) bytes (file: util.c, line: 785) - 502
STRDUP (0x100412f60) 3 bytes (file: info.c, line: 106) - 505
MALLOC (0x100412f70) 48 bytes (file: link.c, line: 61) - 553
STRDUP (0x100412fa0) 5 bytes (file: info.c, line: 108) - 558
STRDUP (0x100412fb0) 5 bytes (file: info.c, line: 106) - 563
MALLOC (0x100412fc0) 48 bytes (file: link.c, line: 61) - 611
STRDUP (0x100412ff0) 16 bytes (file: info.c, line: 108) - 627
STRDUP (0x100413000) 3 bytes (file: info.c, line: 106) - 630
MALLOC (0x100413010) 48 bytes (file: link.c, line: 61) - 678
STRDUP (0x100413040) 14 bytes (file: info.c, line: 108) - 692
STRDUP (0x100413050) 3 bytes (file: info.c, line: 106) - 695
MALLOC (0x100413060) 48 bytes (file: link.c, line: 61) - 743
STRDUP (0x100413090) 16 bytes (file: info.c, line: 108) - 759
FREE (0x100412e60) 256 bytes (file: db.c, line: 659) - 503
MALLOC (0x100412a70) 128 bytes (file: util.c, line: 779) - 631
MALLOC (0x1004130a0) 288 bytes (file: func_unit.c, line: 118) - 919
STRDUP (0x100412e60) 6 bytes (file: db.c, line: 611) - 925
STRDUP (0x100412e70) 3 bytes (file: db.c, line: 613) - 928
FREE (0x100412a70) 128 bytes (file: db.c, line: 659) - 800
MALLOC (0x100412a70) 128 bytes (file: util.c, line: 779) - 928
MALLOC (0x100412e80) 104 bytes (file: instance.c, line: 141) - 1032
STRDUP (0x100412ef0) 6 bytes (file: instance.c, line: 143) - 1038
MALLOC (0x100412f00) 24 bytes (file: link.c, line: 304) - 1062
MALLOC (0x100412f20) 16 bytes (file: link.c, line: 242) - 1078
MALLOC (0x1004131c0) 288 bytes (file: func_unit.c, line: 118) - 1366
STRDUP (0x100412f30) 5 bytes (file: db.c, line: 611) - 1371
STRDUP (0x100412f40) 14 bytes (file: db.c, line: 613) - 1385
FREE (0x100412a70) 128 bytes (file: db.c, line: 659) - 1257
MALLOC (0x100412a70) 128 bytes (file: util.c, line: 779) - 1385
MALLOC (0x1004132e0) 96 bytes (file: expr.c, line: 644) - 1481
MALLOC (0x100412f50) 8 bytes (file: expr.c, line: 658) - 1489
MALLOC (0x100413340) 16 bytes (file: expr.c, line: 662) - 1505
MALLOC (0x100413350) 16 bytes (file: vector.c, line: 204) - 1521
MALLOC (0x100413360) 8 bytes (file: vector.c, line: 214) - 1529
MALLOC (0x100413370) 48 bytes (file: vector.c, line: 216) - 1577
FREE (0x100413340) 16 bytes (file: vector.c, line: 5339) - 1561
MALLOC (0x1004133a0) 56 bytes (file: binding.c, line: 131) - 1617
STRDUP (0x100413340) 4 bytes (file: binding.c, line: 133) - 1621
MALLOC (0x1004133e0) 16 bytes (file: link.c, line: 155) - 1637
FREE (0x100412a70) 128 bytes (file: db.c, line: 659) - 1509
MALLOC (0x100412a70) 128 bytes (file: util.c, line: 779) - 1637
MALLOC (0x1004133f0) 96 bytes (file: expr.c, line: 644) - 1733
MALLOC (0x100413450) 8 bytes (file: expr.c, line: 658) - 1741
MALLOC (0x100413460) 16 bytes (file: expr.c, line: 662) - 1757
MALLOC (0x100413470) 16 bytes (file: vector.c, line: 204) - 1773
MALLOC (0x100413480) 8 bytes (file: vector.c, line: 214) - 1781
MALLOC (0x100413490) 48 bytes (file: vector.c, line: 216) - 1829
FREE (0x100413460) 16 bytes (file: vector.c, line: 5339) - 1813
MALLOC (0x1004134c0) 56 bytes (file: binding.c, line: 131) - 1869
STRDUP (0x100413460) 4 bytes (file: binding.c, line: 133) - 1873
MALLOC (0x100413500) 16 bytes (file: link.c, line: 155) - 1889
FREE (0x100412a70) 128 bytes (file: db.c, line: 659) - 1761
MALLOC (0x100412a70) 128 bytes (file: util.c, line: 779) - 1889
MALLOC (0x100413510) 8 bytes (file: vsignal.c, line: 318) - 1897
MALLOC (0x100413520) 16 bytes (file: vector.c, line: 204) - 1913
MALLOC (0x100413530) 8 bytes (file: vector.c, line: 214) - 1921
MALLOC (0x100413540) 48 bytes (file: vector.c, line: 216) - 1969
MALLOC (0x100413570) 64 bytes (file: vsignal.c, line: 99) - 2033
MALLOC (0x1004135b0) 16 bytes (file: vector.c, line: 204) - 2049
MALLOC (0x1004135c0) 8 bytes (file: vector.c, line: 214) - 2057
MALLOC (0x1004135d0) 48 bytes (file: vector.c, line: 216) - 2105
STRDUP (0x100413600) 2 bytes (file: vsignal.c, line: 111) - 2107
FREE (0x1004135d0) 48 bytes (file: vector.c, line: 5302) - 2059
FREE (0x1004135c0) 8 bytes (file: vector.c, line: 5304) - 2051
FREE (0x1004135b0) 16 bytes (file: vector.c, line: 5339) - 2035
MALLOC (0x1004135b0) 16 bytes (file: link.c, line: 184) - 2051
FREE (0x100412a70) 128 bytes (file: db.c, line: 659) - 1923
MALLOC (0x100412a70) 128 bytes (file: util.c, line: 779) - 2051
MALLOC (0x1004135c0) 8 bytes (file: vsignal.c, line: 318) - 2059
MALLOC (0x1004135d0) 16 bytes (file: vector.c, line: 204) - 2075
MALLOC (0x1004135e0) 8 bytes (file: vector.c, line: 214) - 2083
MALLOC (0x100413610) 48 bytes (file: vector.c, line: 216) - 2131
MALLOC (0x100413640) 64 bytes (file: vsignal.c, line: 99) - 2195
MALLOC (0x1004135f0) 16 bytes (file: vector.c, line: 204) - 2211
MALLOC (0x100413680) 8 bytes (file: vector.c, line: 214) - 2219
MALLOC (0x100413690) 48 bytes (file: vector.c, line: 216) - 2267
STRDUP (0x1004136c0) 2 bytes (file: vsignal.c, line: 111) - 2269
FREE (0x100413690) 48 bytes (file: vector.c, line: 5302) - 2221
FREE (0x100413680) 8 bytes (file: vector.c, line: 5304) - 2213
FREE (0x1004135f0) 16 bytes (file: vector.c, line: 5339) - 2197
MALLOC (0x1004135f0) 16 bytes (file: link.c, line: 184) - 2213
FREE (0x100412a70) 128 bytes (file: db.c, line: 659) - 2085
MALLOC (0x100412a70) 128 bytes (file: util.c, line: 779) - 2213
MALLOC (0x100413680) 56 bytes (file: statement.c, line: 142) - 2269
MALLOC (0x1004136d0) 24 bytes (file: link.c, line: 99) - 2293
FREE (0x100412a70) 128 bytes (file: db.c, line: 659) - 2165
MALLOC (0x100412a70) 128 bytes (file: util.c, line: 779) - 2293
MALLOC (0x1004136f0) 56 bytes (file: statement.c, line: 142) - 2349
MALLOC (0x100413730) 24 bytes (file: link.c, line: 99) - 2373
FREE (0x100412a70) 128 bytes (file: db.c, line: 659) - 2245
MALLOC (0x100412a70) 128 bytes (file: util.c, line: 779) - 2373
MALLOC (0x100413750) 32 bytes (file: exclude.c, line: 945) - 2405
STRDUP (0x100413770) 26 bytes (file: exclude.c, line: 956) - 2431
FREE (0x100412a70) 128 bytes (file: db.c, line: 659) - 2303
MALLOC (0x100412a70) 128 bytes (file: util.c, line: 779) - 2431
STRDUP (0x100413790) 1 bytes (file: util.c, line: 1046) - 2432
STRDUP (0x1004137a0) 6 bytes (file: util.c, line: 1046) - 2438
FREE (0x100413790) 1 bytes (file: util.c, line: 1076) - 2437
FREE (0x1004137a0) 6 bytes (file: util.c, line: 1077) - 2431
MALLOC (0x1004137b0) 104 bytes (file: instance.c, line: 141) - 2535
STRDUP (0x1004137a0) 5 bytes (file: instance.c, line: 143) - 2540
MALLOC (0x100413820) 24 bytes (file: link.c, line: 304) - 2564
MALLOC (0x100413790) 16 bytes (file: link.c, line: 242) - 2580
MALLOC (0x100413840) 288 bytes (file: func_unit.c, line: 118) - 2868
STRDUP (0x100413960) 9 bytes (file: db.c, line: 611) - 2877
STRDUP (0x100413970) 14 bytes (file: db.c, line: 613) - 2891
MALLOC (0x100413980) 9 bytes (file: scope.c, line: 342) - 2900
MALLOC (0x100413990) 9 bytes (file: scope.c, line: 343) - 2909
STRDUP (0x1004139a0) 5 bytes (file: util.c, line: 1046) - 2914
STRDUP (0x1004139b0) 5 bytes (file: util.c, line: 1046) - 2919
FREE (0x1004139a0) 5 bytes (file: util.c, line: 1076) - 2914
FREE (0x1004139b0) 5 bytes (file: util.c, line: 1077) - 2909
FREE (0x100413980) 9 bytes (file: scope.c, line: 355) - 2900
FREE (0x100413990) 9 bytes (file: scope.c, line: 356) - 2891
STRDUP (0x100413990) 9 bytes (file: scope.c, line: 386) - 2900
STRDUP (0x100413980) 9 bytes (file: scope.c, line: 387) - 2909
STRDUP (0x1004139a0) 9 bytes (file: scope.c, line: 388) - 2918
STRDUP (0x1004139b0) 5 bytes (file: util.c, line: 1046) - 2923
STRDUP (0x1004139c0) 5 bytes (file: util.c, line: 1046) - 2928
FREE (0x1004139b0) 5 bytes (file: util.c, line: 1076) - 2923
FREE (0x1004139c0) 5 bytes (file: util.c, line: 1077) - 2918
FREE (0x100413990) 9 bytes (file: scope.c, line: 398) - 2909
FREE (0x100413980) 9 bytes (file: scope.c, line: 399) - 2900
FREE (0x1004139a0) 9 bytes (file: scope.c, line: 400) - 2891
MALLOC (0x1004139a0) 16 bytes (file: link.c, line: 242) - 2907
FREE (0x100412a70) 128 bytes (file: db.c, line: 659) - 2779
MALLOC (0x100412a70) 128 bytes (file: util.c, line: 779) - 2907
MALLOC (0x1004139d0) 96 bytes (file: expr.c, line: 644) - 3003
MALLOC (0x100413980) 8 bytes (file: expr.c, line: 658) - 3011
MALLOC (0x100413990) 16 bytes (file: expr.c, line: 662) - 3027
MALLOC (0x1004139b0) 16 bytes (file: vector.c, line: 204) - 3043
MALLOC (0x1004139c0) 8 bytes (file: vector.c, line: 214) - 3051
MALLOC (0x100413a30) 16 bytes (file: vector.c, line: 216) - 3067
FREE (0x100413990) 16 bytes (file: vector.c, line: 5339) - 3051
MALLOC (0x100413990) 16 bytes (file: link.c, line: 155) - 3067
FREE (0x100412a70) 128 bytes (file: db.c, line: 659) - 2939
MALLOC (0x100412a70) 128 bytes (file: util.c, line: 779) - 3067
MALLOC (0x100413a40) 96 bytes (file: expr.c, line: 644) - 3163
MALLOC (0x100413aa0) 8 bytes (file: expr.c, line: 658) - 3171
MALLOC (0x100413ab0) 16 bytes (file: expr.c, line: 662) - 3187
MALLOC (0x100413ac0) 16 bytes (file: vector.c, line: 204) - 3203
MALLOC (0x100413ad0) 8 bytes (file: vector.c, line: 214) - 3211
MALLOC (0x100413ae0) 48 bytes (file: vector.c, line: 216) - 3259
FREE (0x100413ae0) 48 bytes (file: vector.c, line: 5302) - 3211
FREE (0x100413ad0) 8 bytes (file: vector.c, line: 5304) - 3203
FREE (0x100413ab0) 16 bytes (file: vector.c, line: 5339) - 3187
MALLOC (0x100413ad0) 56 bytes (file: binding.c, line: 131) - 3243
STRDUP (0x100413ab0) 2 bytes (file: binding.c, line: 133) - 3245
MALLOC (0x100413b10) 16 bytes (file: link.c, line: 155) - 3261
FREE (0x100412a70) 128 bytes (file: db.c, line: 659) - 3133
MALLOC (0x100412a70) 128 bytes (file: util.c, line: 779) - 3261
MALLOC (0x100413b20) 96 bytes (file: expr.c, line: 644) - 3357
MALLOC (0x100413b80) 8 bytes (file: expr.c, line: 658) - 3365
MALLOC (0x100413b90) 16 bytes (file: expr.c, line: 662) - 3381
FREE (0x100413b90) 16 bytes (file: vector.c, line: 5339) - 3365
MALLOC (0x100413b90) 16 bytes (file: link.c, line: 155) - 3381
FREE (0x100412a70) 128 bytes (file: db.c, line: 659) - 3253
MALLOC (0x100412a70) 128 bytes (file: util.c, line: 779) - 3381
MALLOC (0x100413ba0) 96 bytes (file: expr.c, line: 644) - 3477
MALLOC (0x100413c00) 8 bytes (file: expr.c, line: 658) - 3485
MALLOC (0x100413c10) 16 bytes (file: expr.c, line: 662) - 3501
MALLOC (0x100413c20) 16 bytes (file: vector.c, line: 204) - 3517
MALLOC (0x100413c30) 8 bytes (file: vector.c, line: 214) - 3525
MALLOC (0x100413c40) 16 bytes (file: vector.c, line: 216) - 3541
FREE (0x100413c10) 16 bytes (file: vector.c, line: 5339) - 3525
MALLOC (0x100413c10) 16 bytes (file: link.c, line: 155) - 3541
FREE (0x100412a70) 128 bytes (file: db.c, line: 659) - 3413
MALLOC (0x100412a70) 128 bytes (file: util.c, line: 779) - 3541
MALLOC (0x100413c50) 96 bytes (file: expr.c, line: 644) - 3637
MALLOC (0x100413cb0) 8 bytes (file: expr.c, line: 658) - 3645
MALLOC (0x100413cc0) 16 bytes (file: expr.c, line: 662) - 3661
MALLOC (0x100413cd0) 16 bytes (file: vector.c, line: 204) - 3677
MALLOC (0x100413ce0) 8 bytes (file: vector.c, line: 214) - 3685
MALLOC (0x100413cf0) 48 bytes (file: vector.c, line: 216) - 3733
FREE (0x100413cc0) 16 bytes (file: vector.c, line: 5339) - 3717
MALLOC (0x100413cc0) 16 bytes (file: link.c, line: 155) - 3733
FREE (0x100412a70) 128 bytes (file: db.c, line: 659) - 3605
MALLOC (0x100412a70) 128 bytes (file: util.c, line: 779) - 3733
MALLOC (0x100413d20) 96 bytes (file: expr.c, line: 644) - 3829
MALLOC (0x100413d80) 8 bytes (file: expr.c, line: 658) - 3837
MALLOC (0x100413d90) 16 bytes (file: expr.c, line: 662) - 3853
MALLOC (0x100413da0) 16 bytes (file: vector.c, line: 204) - 3869
MALLOC (0x100413db0) 8 bytes (file: vector.c, line: 214) - 3877
MALLOC (0x100413dc0) 16 bytes (file: vector.c, line: 216) - 3893
FREE (0x100413d90) 16 bytes (file: vector.c, line: 5339) - 3877
MALLOC (0x100413d90) 16 bytes (file: link.c, line: 155) - 3893
FREE (0x100412a70) 128 bytes (file: db.c, line: 659) - 3765
MALLOC (0x100412a70) 128 bytes (file: util.c, line: 779) - 3893
MALLOC (0x100413dd0) 96 bytes (file: expr.c, line: 644) - 3989
MALLOC (0x100413e30) 8 bytes (file: expr.c, line: 658) - 3997
MALLOC (0x100413e40) 16 bytes (file: expr.c, line: 662) - 4013
MALLOC (0x100413e50) 16 bytes (file: vector.c, line: 204) - 4029
MALLOC (0x100413e60) 8 bytes (file: vector.c, line: 214) - 4037
MALLOC (0x100413e70) 48 bytes (file: vector.c, line: 216) - 4085
FREE (0x100413e70) 48 bytes (file: vector.c, line: 5302) - 4037
FREE (0x100413e60) 8 bytes (file: vector.c, line: 5304) - 4029
FREE (0x100413e40) 16 bytes (file: vector.c, line: 5339) - 4013
MALLOC (0x100413e60) 56 bytes (file: binding.c, line: 131) - 4069
STRDUP (0x100413e40) 2 bytes (file: binding.c, line: 133) - 4071
MALLOC (0x100413ea0) 16 bytes (file: link.c, line: 155) - 4087
FREE (0x100412a70) 128 bytes (file: db.c, line: 659) - 3959
MALLOC (0x100412a70) 128 bytes (file: util.c, line: 779) - 4087
MALLOC (0x100413eb0) 96 bytes (file: expr.c, line: 644) - 4183
MALLOC (0x100413f10) 8 bytes (file: expr.c, line: 658) - 4191
MALLOC (0x100413f20) 16 bytes (file: expr.c, line: 662) - 4207
FREE (0x100413f20) 16 bytes (file: vector.c, line: 5339) - 4191
MALLOC (0x100413f20) 16 bytes (file: link.c, line: 155) - 4207
FREE (0x100412a70) 128 bytes (file: db.c, line: 659) - 4079
MALLOC (0x100412a70) 128 bytes (file: util.c, line: 779) - 4207
MALLOC (0x100413f30) 56 bytes (file: statement.c, line: 142) - 4263
MALLOC (0x100413f70) 24 bytes (file: statement.c, line: 200) - 4287
MALLOC (0x100413f90) 24 bytes (file: statement.c, line: 200) - 4311
MALLOC (0x100413fb0) 24 bytes (file: link.c, line: 99) - 4335
FREE (0x100412a70) 128 bytes (file: db.c, line: 659) - 4207
MALLOC (0x100412a70) 128 bytes (file: util.c, line: 779) - 4335
MALLOC (0x100413fd0) 56 bytes (file: statement.c, line: 142) - 4391
MALLOC (0x100414010) 24 bytes (file: statement.c, line: 200) - 4415
FREE (0x100413f70) 24 bytes (file: statement.c, line: 271) - 4391
FREE (0x100413f90) 24 bytes (file: statement.c, line: 271) - 4367
MALLOC (0x100413f90) 24 bytes (file: link.c, line: 99) - 4391
FREE (0x100412a70) 128 bytes (file: db.c, line: 659) - 4263
MALLOC (0x100412a70) 128 bytes (file: util.c, line: 779) - 4391
MALLOC (0x100414030) 56 bytes (file: statement.c, line: 142) - 4447
FREE (0x100414010) 24 bytes (file: statement.c, line: 271) - 4423
MALLOC (0x100414010) 24 bytes (file: link.c, line: 99) - 4447
FREE (0x100412a70) 128 bytes (file: db.c, line: 659) - 4319
MALLOC (0x100412a70) 128 bytes (file: util.c, line: 779) - 4447
STRDUP (0x100413f70) 5 bytes (file: util.c, line: 1046) - 4452
STRDUP (0x100413f80) 5 bytes (file: util.c, line: 1046) - 4457
FREE (0x100413f70) 5 bytes (file: util.c, line: 1076) - 4452
FREE (0x100413f80) 5 bytes (file: util.c, line: 1077) - 4447
MALLOC (0x100414070) 104 bytes (file: instance.c, line: 141) - 4551
STRDUP (0x100413f80) 4 bytes (file: instance.c, line: 143) - 4555
MALLOC (0x100413f70) 16 bytes (file: link.c, line: 242) - 4571
MALLOC (0x1004140e0) 288 bytes (file: func_unit.c, line: 118) - 4859
STRDUP (0x100414200) 9 bytes (file: db.c, line: 611) - 4868
STRDUP (0x100414210) 14 bytes (file: db.c, line: 613) - 4882
MALLOC (0x100414220) 9 bytes (file: scope.c, line: 342) - 4891
MALLOC (0x100414230) 9 bytes (file: scope.c, line: 343) - 4900
STRDUP (0x100414240) 5 bytes (file: util.c, line: 1046) - 4905
STRDUP (0x100414250) 5 bytes (file: util.c, line: 1046) - 4910
FREE (0x100414240) 5 bytes (file: util.c, line: 1076) - 4905
FREE (0x100414250) 5 bytes (file: util.c, line: 1077) - 4900
FREE (0x100414220) 9 bytes (file: scope.c, line: 355) - 4891
FREE (0x100414230) 9 bytes (file: scope.c, line: 356) - 4882
STRDUP (0x100414230) 9 bytes (file: scope.c, line: 386) - 4891
STRDUP (0x100414220) 9 bytes (file: scope.c, line: 387) - 4900
STRDUP (0x100414240) 9 bytes (file: scope.c, line: 388) - 4909
STRDUP (0x100414250) 5 bytes (file: util.c, line: 1046) - 4914
STRDUP (0x100414260) 5 bytes (file: util.c, line: 1046) - 4919
FREE (0x100414250) 5 bytes (file: util.c, line: 1076) - 4914
FREE (0x100414260) 5 bytes (file: util.c, line: 1077) - 4909
FREE (0x100414230) 9 bytes (file: scope.c, line: 398) - 4900
FREE (0x100414220) 9 bytes (file: scope.c, line: 399) - 4891
FREE (0x100414240) 9 bytes (file: scope.c, line: 400) - 4882
MALLOC (0x100414240) 16 bytes (file: link.c, line: 242) - 4898
FREE (0x100412a70) 128 bytes (file: db.c, line: 659) - 4770
MALLOC (0x100412a70) 128 bytes (file: util.c, line: 779) - 4898
MALLOC (0x100414270) 96 bytes (file: expr.c, line: 644) - 4994
MALLOC (0x100414220) 8 bytes (file: expr.c, line: 658) - 5002
MALLOC (0x100414230) 16 bytes (file: expr.c, line: 662) - 5018
MALLOC (0x100414250) 16 bytes (file: vector.c, line: 204) - 5034
MALLOC (0x100414260) 8 bytes (file: vector.c, line: 214) - 5042
MALLOC (0x1004142d0) 16 bytes (file: vector.c, line: 216) - 5058
FREE (0x100414230) 16 bytes (file: vector.c, line: 5339) - 5042
MALLOC (0x100414230) 16 bytes (file: link.c, line: 155) - 5058
FREE (0x100412a70) 128 bytes (file: db.c, line: 659) - 4930
MALLOC (0x100412a70) 128 bytes (file: util.c, line: 779) - 5058
MALLOC (0x1004142e0) 96 bytes (file: expr.c, line: 644) - 5154
MALLOC (0x100414340) 8 bytes (file: expr.c, line: 658) - 5162
MALLOC (0x100414350) 16 bytes (file: expr.c, line: 662) - 5178
MALLOC (0x100414360) 16 bytes (file: vector.c, line: 204) - 5194
MALLOC (0x100414370) 8 bytes (file: vector.c, line: 214) - 5202
MALLOC (0x100414380) 48 bytes (file: vector.c, line: 216) - 5250
FREE (0x100414350) 16 bytes (file: vector.c, line: 5339) - 5234
MALLOC (0x100414350) 16 bytes (file: link.c, line: 155) - 5250
FREE (0x100412a70) 128 bytes (file: db.c, line: 659) - 5122
MALLOC (0x100412a70) 128 bytes (file: util.c, line: 779) - 5250
MALLOC (0x1004143b0) 96 bytes (file: expr.c, line: 644) - 5346
MALLOC (0x100414410) 8 bytes (file: expr.c, line: 658) - 5354
MALLOC (0x100414420) 16 bytes (file: expr.c, line: 662) - 5370
MALLOC (0x100414430) 16 bytes (file: vector.c, line: 204) - 5386
MALLOC (0x100414440) 8 bytes (file: vector.c, line: 214) - 5394
MALLOC (0x100414450) 48 bytes (file: vector.c, line: 216) - 5442
FREE (0x100414430) 16 bytes (file: expr.c, line: 603) - 5426
MALLOC (0x100414430) 16 bytes (file: vector.c, line: 204) - 5442
MALLOC (0x100414480) 8 bytes (file: vector.c, line: 214) - 5450
MALLOC (0x100414490) 48 bytes (file: vector.c, line: 216) - 5498
FREE (0x100414450) 48 bytes (file: vector.c, line: 5302) - 5450
FREE (0x100414440) 8 bytes (file: vector.c, line: 5304) - 5442
FREE (0x100414420) 16 bytes (file: vector.c, line: 5339) - 5426
MALLOC (0x100414420) 16 bytes (file: link.c, line: 155) - 5442
FREE (0x100412a70) 128 bytes (file: db.c, line: 659) - 5314
MALLOC (0x100412a70) 128 bytes (file: util.c, line: 779) - 5442
MALLOC (0x100414440) 56 bytes (file: statement.c, line: 142) - 5498
MALLOC (0x1004144c0) 24 bytes (file: statement.c, line: 200) - 5522
MALLOC (0x1004144e0) 24 bytes (file: link.c, line: 99) - 5546
FREE (0x100412a70) 128 bytes (file: db.c, line: 659) - 5418
MALLOC (0x100412a70) 128 bytes (file: util.c, line: 779) - 5546
MALLOC (0x100414500) 56 bytes (file: statement.c, line: 142) - 5602
FREE (0x1004144c0) 24 bytes (file: statement.c, line: 271) - 5578
MALLOC (0x1004144c0) 24 bytes (file: link.c, line: 99) - 5602
FREE (0x100412a70) 128 bytes (file: db.c, line: 659) - 5474
MALLOC (0x100412a70) 128 bytes (file: util.c, line: 779) - 5602
FREE (0x100412a70) 128 bytes (file: util.c, line: 796) - 5474
STRDUP (0x100414540) 5 bytes (file: util.c, line: 1046) - 5479
STRDUP (0x100414550) 5 bytes (file: util.c, line: 1046) - 5484
FREE (0x100414540) 5 bytes (file: util.c, line: 1076) - 5479
FREE (0x100414550) 5 bytes (file: util.c, line: 1077) - 5474
MALLOC (0x100412a70) 104 bytes (file: instance.c, line: 141) - 5578
STRDUP (0x100414550) 4 bytes (file: instance.c, line: 143) - 5582
MALLOC (0x100412ae0) 16 bytes (file: link.c, line: 242) - 5598
STRDUP (0x100414540) 5 bytes (file: util.c, line: 1046) - 5603
STRDUP (0x100414560) 5 bytes (file: util.c, line: 1046) - 5608
FREE (0x100414540) 5 bytes (file: util.c, line: 1076) - 5603
FREE (0x100414560) 5 bytes (file: util.c, line: 1077) - 5598
STRDUP (0x100414560) 4 bytes (file: util.c, line: 1046) - 5602
STRDUP (0x100414540) 4 bytes (file: util.c, line: 1046) - 5606
FREE (0x100414560) 4 bytes (file: util.c, line: 1076) - 5602
FREE (0x100414540) 4 bytes (file: util.c, line: 1077) - 5598
STRDUP (0x100414540) 4 bytes (file: binding.c, line: 853) - 5602
FREE (0x100413340) 4 bytes (file: binding.c, line: 270) - 5598
FREE (0x1004133a0) 56 bytes (file: binding.c, line: 271) - 5542
STRDUP (0x100413340) 5 bytes (file: util.c, line: 1046) - 5547
STRDUP (0x100414560) 5 bytes (file: util.c, line: 1046) - 5552
FREE (0x100413340) 5 bytes (file: util.c, line: 1076) - 5547
FREE (0x100414560) 5 bytes (file: util.c, line: 1077) - 5542
STRDUP (0x100414560) 4 bytes (file: util.c, line: 1046) - 5546
STRDUP (0x100413340) 4 bytes (file: util.c, line: 1046) - 5550
FREE (0x100414560) 4 bytes (file: util.c, line: 1076) - 5546
FREE (0x100413340) 4 bytes (file: util.c, line: 1077) - 5542
STRDUP (0x100413340) 4 bytes (file: util.c, line: 1046) - 5546
STRDUP (0x100414560) 4 bytes (file: util.c, line: 1046) - 5550
FREE (0x100413340) 4 bytes (file: util.c, line: 1076) - 5546
FREE (0x100414560) 4 bytes (file: util.c, line: 1077) - 5542
STRDUP (0x100414560) 4 bytes (file: binding.c, line: 853) - 5546
FREE (0x100413460) 4 bytes (file: binding.c, line: 270) - 5542
FREE (0x1004134c0) 56 bytes (file: binding.c, line: 271) - 5486
STRDUP (0x100413460) 2 bytes (file: scope.c, line: 124) - 5488
FREE (0x100413460) 2 bytes (file: scope.c, line: 175) - 5486
STRDUP (0x100413460) 2 bytes (file: scope.c, line: 209) - 5488
MALLOC (0x1004134c0) 40 bytes (file: gen_item.c, line: 550) - 5528
FREE (0x1004134c0) 40 bytes (file: gen_item.c, line: 1223) - 5488
STRDUP (0x1004134f0) 2 bytes (file: util.c, line: 1046) - 5490
STRDUP (0x100413340) 2 bytes (file: util.c, line: 1046) - 5492
FREE (0x1004134f0) 2 bytes (file: util.c, line: 1076) - 5490
FREE (0x100413340) 2 bytes (file: util.c, line: 1077) - 5488
FREE (0x100413460) 2 bytes (file: scope.c, line: 272) - 5486
MALLOC (0x100413460) 16 bytes (file: link.c, line: 155) - 5502
STRDUP (0x100413340) 2 bytes (file: binding.c, line: 853) - 5504
FREE (0x100413ab0) 2 bytes (file: binding.c, line: 270) - 5502
FREE (0x100413ad0) 56 bytes (file: binding.c, line: 271) - 5446
STRDUP (0x100413ab0) 2 bytes (file: scope.c, line: 124) - 5448
FREE (0x100413ab0) 2 bytes (file: scope.c, line: 175) - 5446
STRDUP (0x100413ab0) 2 bytes (file: scope.c, line: 209) - 5448
MALLOC (0x100413ad0) 40 bytes (file: gen_item.c, line: 550) - 5488
FREE (0x100413ad0) 40 bytes (file: gen_item.c, line: 1223) - 5448
STRDUP (0x100413b00) 2 bytes (file: util.c, line: 1046) - 5450
STRDUP (0x1004134c0) 2 bytes (file: util.c, line: 1046) - 5452
FREE (0x100413b00) 2 bytes (file: util.c, line: 1076) - 5450
FREE (0x1004134c0) 2 bytes (file: util.c, line: 1077) - 5448
FREE (0x100413ab0) 2 bytes (file: scope.c, line: 272) - 5446
MALLOC (0x100413ab0) 16 bytes (file: link.c, line: 155) - 5462
STRDUP (0x1004134c0) 2 bytes (file: binding.c, line: 853) - 5464
FREE (0x100413e40) 2 bytes (file: binding.c, line: 270) - 5462
FREE (0x100413e60) 56 bytes (file: binding.c, line: 271) - 5406
Exclusion ID: T01, Status: EXCLUDED
STRDUP (0x1004134d0) 26 bytes (file: report.c, line: 1026) - 5432
MALLOC (0x1004134f0) 3 bytes (file: report.c, line: 1030) - 5435

  This toggle is not needed 

FREE (0x1004134d0) 26 bytes (file: report.c, line: 1067) - 5409
FREE (0x1004134f0) 3 bytes (file: report.c, line: 1068) - 5406
STRDUP (0x1004134f0) 6 bytes (file: util.c, line: 1046) - 5412
STRDUP (0x100413e40) 6 bytes (file: util.c, line: 1046) - 5418
FREE (0x1004134f0) 6 bytes (file: util.c, line: 1076) - 5412
FREE (0x100413e40) 6 bytes (file: util.c, line: 1077) - 5406
FREE (0x100412ef0) 6 bytes (file: instance.c, line: 1476) - 5400
FREE (0x100412e80) 104 bytes (file: instance.c, line: 1497) - 5296
FREE (0x100412f00) 24 bytes (file: link.c, line: 1253) - 5272
STRDUP (0x100413e40) 5 bytes (file: util.c, line: 1046) - 5277
STRDUP (0x1004134d0) 5 bytes (file: util.c, line: 1046) - 5282
FREE (0x100413e40) 5 bytes (file: util.c, line: 1076) - 5277
FREE (0x1004134d0) 5 bytes (file: util.c, line: 1077) - 5272
FREE (0x100413f80) 4 bytes (file: instance.c, line: 1476) - 5268
FREE (0x100414070) 104 bytes (file: instance.c, line: 1497) - 5164
FREE (0x100414550) 4 bytes (file: instance.c, line: 1476) - 5160
FREE (0x100412a70) 104 bytes (file: instance.c, line: 1497) - 5056
FREE (0x1004137a0) 5 bytes (file: instance.c, line: 1476) - 5051
FREE (0x1004137b0) 104 bytes (file: instance.c, line: 1497) - 4947
FREE (0x100413820) 24 bytes (file: link.c, line: 1253) - 4923
FREE (0x100412e60) 6 bytes (file: func_unit.c, line: 1717) - 4917
FREE (0x100412e70) 3 bytes (file: func_unit.c, line: 1723) - 4914
FREE (0x1004130a0) 288 bytes (file: func_unit.c, line: 1768) - 4626
FREE (0x100412f20) 16 bytes (file: link.c, line: 1196) - 4610
FREE (0x100413600) 2 bytes (file: vsignal.c, line: 763) - 4608
FREE (0x100413510) 8 bytes (file: vsignal.c, line: 767) - 4600
FREE (0x100413540) 48 bytes (file: vector.c, line: 5302) - 4552
FREE (0x100413530) 8 bytes (file: vector.c, line: 5304) - 4544
FREE (0x100413520) 16 bytes (file: vector.c, line: 5339) - 4528
FREE (0x100413460) 16 bytes (file: link.c, line: 1108) - 4512
FREE (0x100413ab0) 16 bytes (file: link.c, line: 1108) - 4496
FREE (0x100413570) 64 bytes (file: vsignal.c, line: 784) - 4432
FREE (0x1004135b0) 16 bytes (file: link.c, line: 1138) - 4416
FREE (0x1004136c0) 2 bytes (file: vsignal.c, line: 763) - 4414
FREE (0x1004135c0) 8 bytes (file: vsignal.c, line: 767) - 4406
FREE (0x100413610) 48 bytes (file: vector.c, line: 5302) - 4358
FREE (0x1004135e0) 8 bytes (file: vector.c, line: 5304) - 4350
FREE (0x1004135d0) 16 bytes (file: vector.c, line: 5339) - 4334
FREE (0x100413640) 64 bytes (file: vsignal.c, line: 784) - 4270
FREE (0x1004135f0) 16 bytes (file: link.c, line: 1138) - 4254
FREE (0x100413370) 48 bytes (file: vector.c, line: 5302) - 4206
FREE (0x100413360) 8 bytes (file: vector.c, line: 5304) - 4198
FREE (0x100413350) 16 bytes (file: vector.c, line: 5339) - 4182
FREE (0x100412f50) 8 bytes (file: expr.c, line: 6306) - 4174
FREE (0x100414540) 4 bytes (file: expr.c, line: 6309) - 4170
FREE (0x1004132e0) 96 bytes (file: expr.c, line: 6312) - 4074
FREE (0x1004133e0) 16 bytes (file: link.c, line: 1108) - 4058
FREE (0x100413490) 48 bytes (file: vector.c, line: 5302) - 4010
FREE (0x100413480) 8 bytes (file: vector.c, line: 5304) - 4002
FREE (0x100413470) 16 bytes (file: vector.c, line: 5339) - 3986
FREE (0x100413450) 8 bytes (file: expr.c, line: 6306) - 3978
FREE (0x100414560) 4 bytes (file: expr.c, line: 6309) - 3974
FREE (0x1004133f0) 96 bytes (file: expr.c, line: 6312) - 3878
FREE (0x100413500) 16 bytes (file: link.c, line: 1108) - 3862
FREE (0x100413680) 56 bytes (file: statement.c, line: 956) - 3806
FREE (0x1004136d0) 24 bytes (file: link.c, line: 1078) - 3782
FREE (0x1004136f0) 56 bytes (file: statement.c, line: 956) - 3726
FREE (0x100413730) 24 bytes (file: link.c, line: 1078) - 3702
FREE (0x1004139a0) 16 bytes (file: link.c, line: 1196) - 3686
FREE (0x100414240) 16 bytes (file: link.c, line: 1196) - 3670
FREE (0x100413770) 26 bytes (file: func_unit.c, line: 1706) - 3644
FREE (0x100413750) 32 bytes (file: func_unit.c, line: 1707) - 3612
FREE (0x100412f30) 5 bytes (file: func_unit.c, line: 1717) - 3607
FREE (0x100412f40) 14 bytes (file: func_unit.c, line: 1723) - 3593
FREE (0x1004131c0) 288 bytes (file: func_unit.c, line: 1768) - 3305
FREE (0x100413790) 16 bytes (file: link.c, line: 1196) - 3289
FREE (0x100413a30) 16 bytes (file: vector.c, line: 5302) - 3273
FREE (0x1004139c0) 8 bytes (file: vector.c, line: 5304) - 3265
FREE (0x1004139b0) 16 bytes (file: vector.c, line: 5339) - 3249
FREE (0x100413980) 8 bytes (file: expr.c, line: 6306) - 3241
FREE (0x1004139d0) 96 bytes (file: expr.c, line: 6312) - 3145
FREE (0x100413990) 16 bytes (file: link.c, line: 1108) - 3129
FREE (0x100413ac0) 16 bytes (file: vector.c, line: 5339) - 3113
FREE (0x100413aa0) 8 bytes (file: expr.c, line: 6306) - 3105
FREE (0x100413340) 2 bytes (file: expr.c, line: 6309) - 3103
FREE (0x100413a40) 96 bytes (file: expr.c, line: 6312) - 3007
FREE (0x100413b10) 16 bytes (file: link.c, line: 1108) - 2991
FREE (0x100413b80) 8 bytes (file: expr.c, line: 6306) - 2983
FREE (0x100413b20) 96 bytes (file: expr.c, line: 6312) - 2887
FREE (0x100413b90) 16 bytes (file: link.c, line: 1108) - 2871
FREE (0x100413c40) 16 bytes (file: vector.c, line: 5302) - 2855
FREE (0x100413c30) 8 bytes (file: vector.c, line: 5304) - 2847
FREE (0x100413c20) 16 bytes (file: vector.c, line: 5339) - 2831
FREE (0x100413c00) 8 bytes (file: expr.c, line: 6306) - 2823
FREE (0x100413ba0) 96 bytes (file: expr.c, line: 6312) - 2727
FREE (0x100413c10) 16 bytes (file: link.c, line: 1108) - 2711
FREE (0x100413cf0) 48 bytes (file: vector.c, line: 5302) - 2663
FREE (0x100413ce0) 8 bytes (file: vector.c, line: 5304) - 2655
FREE (0x100413cd0) 16 bytes (file: vector.c, line: 5339) - 2639
FREE (0x100413cb0) 8 bytes (file: expr.c, line: 6306) - 2631
FREE (0x100413c50) 96 bytes (file: expr.c, line: 6312) - 2535
FREE (0x100413cc0) 16 bytes (file: link.c, line: 1108) - 2519
FREE (0x100413dc0) 16 bytes (file: vector.c, line: 5302) - 2503
FREE (0x100413db0) 8 bytes (file: vector.c, line: 5304) - 2495
FREE (0x100413da0) 16 bytes (file: vector.c, line: 5339) - 2479
FREE (0x100413d80) 8 bytes (file: expr.c, line: 6306) - 2471
FREE (0x100413d20) 96 bytes (file: expr.c, line: 6312) - 2375
FREE (0x100413d90) 16 bytes (file: link.c, line: 1108) - 2359
FREE (0x100413e50) 16 bytes (file: vector.c, line: 5339) - 2343
FREE (0x100413e30) 8 bytes (file: expr.c, line: 6306) - 2335
FREE (0x1004134c0) 2 bytes (file: expr.c, line: 6309) - 2333
FREE (0x100413dd0) 96 bytes (file: expr.c, line: 6312) - 2237
FREE (0x100413ea0) 16 bytes (file: link.c, line: 1108) - 2221
FREE (0x100413f10) 8 bytes (file: expr.c, line: 6306) - 2213
FREE (0x100413eb0) 96 bytes (file: expr.c, line: 6312) - 2117
FREE (0x100413f20) 16 bytes (file: link.c, line: 1108) - 2101
FREE (0x100413f30) 56 bytes (file: statement.c, line: 956) - 2045
FREE (0x100413fb0) 24 bytes (file: link.c, line: 1078) - 2021
FREE (0x100413fd0) 56 bytes (file: statement.c, line: 956) - 1965
FREE (0x100413f90) 24 bytes (file: link.c, line: 1078) - 1941
FREE (0x100414030) 56 bytes (file: statement.c, line: 956) - 1885
FREE (0x100414010) 24 bytes (file: link.c, line: 1078) - 1861
FREE (0x100413960) 9 bytes (file: func_unit.c, line: 1717) - 1852
FREE (0x100413970) 14 bytes (file: func_unit.c, line: 1723) - 1838
FREE (0x100413840) 288 bytes (file: func_unit.c, line: 1768) - 1550
FREE (0x100413f70) 16 bytes (file: link.c, line: 1196) - 1534
FREE (0x1004142d0) 16 bytes (file: vector.c, line: 5302) - 1518
FREE (0x100414260) 8 bytes (file: vector.c, line: 5304) - 1510
FREE (0x100414250) 16 bytes (file: vector.c, line: 5339) - 1494
FREE (0x100414220) 8 bytes (file: expr.c, line: 6306) - 1486
FREE (0x100414270) 96 bytes (file: expr.c, line: 6312) - 1390
FREE (0x100414230) 16 bytes (file: link.c, line: 1108) - 1374
FREE (0x100414380) 48 bytes (file: vector.c, line: 5302) - 1326
FREE (0x100414370) 8 bytes (file: vector.c, line: 5304) - 1318
FREE (0x100414360) 16 bytes (file: vector.c, line: 5339) - 1302
FREE (0x100414340) 8 bytes (file: expr.c, line: 6306) - 1294
FREE (0x1004142e0) 96 bytes (file: expr.c, line: 6312) - 1198
FREE (0x100414350) 16 bytes (file: link.c, line: 1108) - 1182
FREE (0x100414490) 48 bytes (file: vector.c, line: 5302) - 1134
FREE (0x100414480) 8 bytes (file: vector.c, line: 5304) - 1126
FREE (0x100414430) 16 bytes (file: vector.c, line: 5339) - 1110
FREE (0x100414410) 8 bytes (file: expr.c, line: 6306) - 1102
FREE (0x1004143b0) 96 bytes (file: expr.c, line: 6312) - 1006
FREE (0x100414420) 16 bytes (file: link.c, line: 1108) - 990
FREE (0x100414440) 56 bytes (file: statement.c, line: 956) - 934
FREE (0x1004144e0) 24 bytes (file: link.c, line: 1078) - 910
FREE (0x100414500) 56 bytes (file: statement.c, line: 956) - 854
FREE (0x1004144c0) 24 bytes (file: link.c, line: 1078) - 830
FREE (0x100414200) 9 bytes (file: func_unit.c, line: 1717) - 821
FREE (0x100414210) 14 bytes (file: func_unit.c, line: 1723) - 807
FREE (0x1004140e0) 288 bytes (file: func_unit.c, line: 1768) - 519
FREE (0x100412ae0) 16 bytes (file: link.c, line: 1196) - 503
FREE (0x100412e50) 2 bytes (file: db.c, line: 257) - 501
FREE (0x100412af0) 8 bytes (file: db.c, line: 259) - 493
FREE (0x100412db0) 72 bytes (file: db.c, line: 267) - 421
FREE (0x100412f60) 3 bytes (file: link.c, line: 1000) - 418
FREE (0x100412fa0) 5 bytes (file: link.c, line: 1001) - 413
FREE (0x100412f70) 48 bytes (file: link.c, line: 1007) - 365
FREE (0x100412fb0) 5 bytes (file: link.c, line: 1000) - 360
FREE (0x100412ff0) 16 bytes (file: link.c, line: 1001) - 344
FREE (0x100412fc0) 48 bytes (file: link.c, line: 1007) - 296
FREE (0x100413000) 3 bytes (file: link.c, line: 1000) - 293
FREE (0x100413040) 14 bytes (file: link.c, line: 1001) - 279
FREE (0x100413010) 48 bytes (file: link.c, line: 1007) - 231
FREE (0x100413050) 3 bytes (file: link.c, line: 1000) - 228
FREE (0x100413090) 16 bytes (file: link.c, line: 1001) - 212
FREE (0x100413060) 48 bytes (file: link.c, line: 1007) - 164
FREE (0x100412e00) 72 bytes (file: db.c, line: 296) - 92
FREE (0x100412a20) 4 bytes (file: link.c, line: 1000) - 88
FREE (0x100412a30) 48 bytes (file: link.c, line: 1007) - 40
FREE (0x100412a60) 16 bytes (file: exclude.c, line: 1930) - 24
FREE (0x100412a00) 24 bytes (file: profiler.c, line: 133) - 0
curr_malloc_size: 0
