MALLOC (0x1004129f0) 24 bytes (file: util.c, line: 1532) - 24
STRDUP (0x100412a10) 4 bytes (file: exclude.c, line: 872) - 28
MALLOC (0x100412a20) 48 bytes (file: link.c, line: 61) - 76
STRDUP (0x100412a50) 14 bytes (file: exclude.c, line: 862) - 90
MALLOC (0x100412a60) 128 bytes (file: util.c, line: 779) - 218
MALLOC (0x100412da0) 72 bytes (file: db.c, line: 212) - 290
REALLOC (0x0 -> 0x100412df0) 72 (0) bytes (file: db.c, line: 224) - 362
REALLOC (0x0 -> 0x100412ae0) 8 (0) bytes (file: info.c, line: 275) - 370
STRDUP (0x100412e40) 2 bytes (file: info.c, line: 276) - 372
FREE (0x100412a60) 128 bytes (file: db.c, line: 659) - 244
MALLOC (0x100412a60) 128 bytes (file: util.c, line: 779) - 372
STRDUP (0x100412e50) 3 bytes (file: info.c, line: 106) - 375
MALLOC (0x100412e60) 48 bytes (file: link.c, line: 61) - 423
STRDUP (0x100412e90) 5 bytes (file: info.c, line: 108) - 428
STRDUP (0x100412ea0) 5 bytes (file: info.c, line: 106) - 433
MALLOC (0x100412eb0) 48 bytes (file: link.c, line: 61) - 481
STRDUP (0x100412ee0) 14 bytes (file: info.c, line: 108) - 495
STRDUP (0x100412ef0) 3 bytes (file: info.c, line: 106) - 498
MALLOC (0x100412f00) 48 bytes (file: link.c, line: 61) - 546
STRDUP (0x100412f30) 12 bytes (file: info.c, line: 108) - 558
STRDUP (0x100412f40) 3 bytes (file: info.c, line: 106) - 561
MALLOC (0x100412f50) 48 bytes (file: link.c, line: 61) - 609
STRDUP (0x100412f80) 14 bytes (file: info.c, line: 108) - 623
FREE (0x100412a60) 128 bytes (file: db.c, line: 659) - 495
MALLOC (0x100412a60) 128 bytes (file: util.c, line: 779) - 623
MALLOC (0x100412f90) 288 bytes (file: func_unit.c, line: 118) - 911
STRDUP (0x1004130b0) 6 bytes (file: db.c, line: 611) - 917
STRDUP (0x1004130c0) 3 bytes (file: db.c, line: 613) - 920
FREE (0x100412a60) 128 bytes (file: db.c, line: 659) - 792
MALLOC (0x100412a60) 128 bytes (file: util.c, line: 779) - 920
MALLOC (0x1004130d0) 104 bytes (file: instance.c, line: 141) - 1024
STRDUP (0x100413140) 6 bytes (file: instance.c, line: 143) - 1030
MALLOC (0x100413150) 24 bytes (file: link.c, line: 304) - 1054
MALLOC (0x100413170) 16 bytes (file: link.c, line: 242) - 1070
MALLOC (0x100413180) 288 bytes (file: func_unit.c, line: 118) - 1358
STRDUP (0x1004132a0) 5 bytes (file: db.c, line: 611) - 1363
STRDUP (0x1004132b0) 12 bytes (file: db.c, line: 613) - 1375
FREE (0x100412a60) 128 bytes (file: db.c, line: 659) - 1247
MALLOC (0x100412a60) 128 bytes (file: util.c, line: 779) - 1375
MALLOC (0x1004132c0) 96 bytes (file: expr.c, line: 644) - 1471
MALLOC (0x100413320) 8 bytes (file: expr.c, line: 658) - 1479
MALLOC (0x100413330) 16 bytes (file: expr.c, line: 662) - 1495
MALLOC (0x100413340) 16 bytes (file: vector.c, line: 204) - 1511
MALLOC (0x100413350) 8 bytes (file: vector.c, line: 214) - 1519
MALLOC (0x100413360) 48 bytes (file: vector.c, line: 216) - 1567
FREE (0x100413330) 16 bytes (file: vector.c, line: 5339) - 1551
MALLOC (0x100413390) 56 bytes (file: binding.c, line: 131) - 1607
STRDUP (0x100413330) 4 bytes (file: binding.c, line: 133) - 1611
MALLOC (0x1004133d0) 16 bytes (file: link.c, line: 155) - 1627
FREE (0x100412a60) 128 bytes (file: db.c, line: 659) - 1499
MALLOC (0x100412a60) 128 bytes (file: util.c, line: 779) - 1627
MALLOC (0x1004133e0) 96 bytes (file: expr.c, line: 644) - 1723
MALLOC (0x100413440) 8 bytes (file: expr.c, line: 658) - 1731
MALLOC (0x100413450) 16 bytes (file: expr.c, line: 662) - 1747
MALLOC (0x100413460) 16 bytes (file: vector.c, line: 204) - 1763
MALLOC (0x100413470) 8 bytes (file: vector.c, line: 214) - 1771
MALLOC (0x100413480) 48 bytes (file: vector.c, line: 216) - 1819
FREE (0x100413450) 16 bytes (file: vector.c, line: 5339) - 1803
MALLOC (0x1004134b0) 56 bytes (file: binding.c, line: 131) - 1859
STRDUP (0x100413450) 4 bytes (file: binding.c, line: 133) - 1863
MALLOC (0x1004134f0) 16 bytes (file: link.c, line: 155) - 1879
FREE (0x100412a60) 128 bytes (file: db.c, line: 659) - 1751
MALLOC (0x100412a60) 128 bytes (file: util.c, line: 779) - 1879
MALLOC (0x100413500) 8 bytes (file: vsignal.c, line: 318) - 1887
MALLOC (0x100413510) 16 bytes (file: vector.c, line: 204) - 1903
MALLOC (0x100413520) 8 bytes (file: vector.c, line: 214) - 1911
MALLOC (0x100413530) 48 bytes (file: vector.c, line: 216) - 1959
MALLOC (0x100413560) 64 bytes (file: vsignal.c, line: 99) - 2023
MALLOC (0x1004135a0) 16 bytes (file: vector.c, line: 204) - 2039
MALLOC (0x1004135b0) 8 bytes (file: vector.c, line: 214) - 2047
MALLOC (0x1004135c0) 48 bytes (file: vector.c, line: 216) - 2095
STRDUP (0x1004135f0) 2 bytes (file: vsignal.c, line: 111) - 2097
FREE (0x1004135c0) 48 bytes (file: vector.c, line: 5302) - 2049
FREE (0x1004135b0) 8 bytes (file: vector.c, line: 5304) - 2041
FREE (0x1004135a0) 16 bytes (file: vector.c, line: 5339) - 2025
MALLOC (0x1004135a0) 16 bytes (file: link.c, line: 184) - 2041
FREE (0x100412a60) 128 bytes (file: db.c, line: 659) - 1913
MALLOC (0x100412a60) 128 bytes (file: util.c, line: 779) - 2041
MALLOC (0x1004135b0) 56 bytes (file: statement.c, line: 142) - 2097
MALLOC (0x100413600) 24 bytes (file: link.c, line: 99) - 2121
FREE (0x100412a60) 128 bytes (file: db.c, line: 659) - 1993
MALLOC (0x100412a60) 128 bytes (file: util.c, line: 779) - 2121
MALLOC (0x100413620) 56 bytes (file: statement.c, line: 142) - 2177
MALLOC (0x100413660) 24 bytes (file: link.c, line: 99) - 2201
FREE (0x100412a60) 128 bytes (file: db.c, line: 659) - 2073
MALLOC (0x100412a60) 128 bytes (file: util.c, line: 779) - 2201
REALLOC (0x100412a60 -> 0x100413680) 256 (128) bytes (file: util.c, line: 785) - 2329
MALLOC (0x100413780) 32 bytes (file: exclude.c, line: 945) - 2361
STRDUP (0x1004137a0) 214 bytes (file: exclude.c, line: 956) - 2575
FREE (0x100413680) 256 bytes (file: db.c, line: 659) - 2319
MALLOC (0x100412a60) 128 bytes (file: util.c, line: 779) - 2447
STRDUP (0x100413680) 1 bytes (file: util.c, line: 1046) - 2448
STRDUP (0x100413690) 6 bytes (file: util.c, line: 1046) - 2454
FREE (0x100413680) 1 bytes (file: util.c, line: 1076) - 2453
FREE (0x100413690) 6 bytes (file: util.c, line: 1077) - 2447
MALLOC (0x1004136a0) 104 bytes (file: instance.c, line: 141) - 2551
STRDUP (0x100413690) 5 bytes (file: instance.c, line: 143) - 2556
MALLOC (0x100413710) 24 bytes (file: link.c, line: 304) - 2580
MALLOC (0x100413680) 16 bytes (file: link.c, line: 242) - 2596
MALLOC (0x100413880) 288 bytes (file: func_unit.c, line: 118) - 2884
STRDUP (0x100413730) 9 bytes (file: db.c, line: 611) - 2893
STRDUP (0x100413740) 12 bytes (file: db.c, line: 613) - 2905
MALLOC (0x100413750) 9 bytes (file: scope.c, line: 342) - 2914
MALLOC (0x100413760) 9 bytes (file: scope.c, line: 343) - 2923
STRDUP (0x100413770) 5 bytes (file: util.c, line: 1046) - 2928
STRDUP (0x1004139a0) 5 bytes (file: util.c, line: 1046) - 2933
FREE (0x100413770) 5 bytes (file: util.c, line: 1076) - 2928
FREE (0x1004139a0) 5 bytes (file: util.c, line: 1077) - 2923
FREE (0x100413750) 9 bytes (file: scope.c, line: 355) - 2914
FREE (0x100413760) 9 bytes (file: scope.c, line: 356) - 2905
STRDUP (0x100413760) 9 bytes (file: scope.c, line: 386) - 2914
STRDUP (0x100413750) 9 bytes (file: scope.c, line: 387) - 2923
STRDUP (0x1004139a0) 9 bytes (file: scope.c, line: 388) - 2932
STRDUP (0x100413770) 5 bytes (file: util.c, line: 1046) - 2937
STRDUP (0x1004139b0) 5 bytes (file: util.c, line: 1046) - 2942
FREE (0x100413770) 5 bytes (file: util.c, line: 1076) - 2937
FREE (0x1004139b0) 5 bytes (file: util.c, line: 1077) - 2932
FREE (0x100413760) 9 bytes (file: scope.c, line: 398) - 2923
FREE (0x100413750) 9 bytes (file: scope.c, line: 399) - 2914
FREE (0x1004139a0) 9 bytes (file: scope.c, line: 400) - 2905
MALLOC (0x1004139a0) 16 bytes (file: link.c, line: 242) - 2921
FREE (0x100412a60) 128 bytes (file: db.c, line: 659) - 2793
MALLOC (0x100412a60) 128 bytes (file: util.c, line: 779) - 2921
MALLOC (0x1004139c0) 96 bytes (file: expr.c, line: 644) - 3017
MALLOC (0x1004139b0) 8 bytes (file: expr.c, line: 658) - 3025
MALLOC (0x100413750) 16 bytes (file: expr.c, line: 662) - 3041
MALLOC (0x100413760) 16 bytes (file: vector.c, line: 204) - 3057
MALLOC (0x100413770) 8 bytes (file: vector.c, line: 214) - 3065
MALLOC (0x100413a20) 16 bytes (file: vector.c, line: 216) - 3081
FREE (0x100413750) 16 bytes (file: vector.c, line: 5339) - 3065
MALLOC (0x100413750) 16 bytes (file: link.c, line: 155) - 3081
FREE (0x100412a60) 128 bytes (file: db.c, line: 659) - 2953
MALLOC (0x100412a60) 128 bytes (file: util.c, line: 779) - 3081
MALLOC (0x100413a30) 96 bytes (file: expr.c, line: 644) - 3177
MALLOC (0x100413a90) 8 bytes (file: expr.c, line: 658) - 3185
MALLOC (0x100413aa0) 16 bytes (file: expr.c, line: 662) - 3201
MALLOC (0x100413ab0) 16 bytes (file: vector.c, line: 204) - 3217
MALLOC (0x100413ac0) 8 bytes (file: vector.c, line: 214) - 3225
MALLOC (0x100413ad0) 48 bytes (file: vector.c, line: 216) - 3273
FREE (0x100413ad0) 48 bytes (file: vector.c, line: 5302) - 3225
FREE (0x100413ac0) 8 bytes (file: vector.c, line: 5304) - 3217
FREE (0x100413aa0) 16 bytes (file: vector.c, line: 5339) - 3201
MALLOC (0x100413ac0) 56 bytes (file: binding.c, line: 131) - 3257
STRDUP (0x100413aa0) 2 bytes (file: binding.c, line: 133) - 3259
MALLOC (0x100413b00) 16 bytes (file: link.c, line: 155) - 3275
FREE (0x100412a60) 128 bytes (file: db.c, line: 659) - 3147
MALLOC (0x100412a60) 128 bytes (file: util.c, line: 779) - 3275
MALLOC (0x100413b10) 96 bytes (file: expr.c, line: 644) - 3371
MALLOC (0x100413b70) 8 bytes (file: expr.c, line: 658) - 3379
MALLOC (0x100413b80) 16 bytes (file: expr.c, line: 662) - 3395
FREE (0x100413b80) 16 bytes (file: vector.c, line: 5339) - 3379
MALLOC (0x100413b80) 16 bytes (file: link.c, line: 155) - 3395
FREE (0x100412a60) 128 bytes (file: db.c, line: 659) - 3267
MALLOC (0x100412a60) 128 bytes (file: util.c, line: 779) - 3395
MALLOC (0x100413b90) 96 bytes (file: expr.c, line: 644) - 3491
MALLOC (0x100413bf0) 8 bytes (file: expr.c, line: 658) - 3499
MALLOC (0x100413c00) 16 bytes (file: expr.c, line: 662) - 3515
MALLOC (0x100413c10) 16 bytes (file: vector.c, line: 204) - 3531
MALLOC (0x100413c20) 8 bytes (file: vector.c, line: 214) - 3539
MALLOC (0x100413c30) 16 bytes (file: vector.c, line: 216) - 3555
FREE (0x100413c00) 16 bytes (file: vector.c, line: 5339) - 3539
MALLOC (0x100413c00) 16 bytes (file: link.c, line: 155) - 3555
FREE (0x100412a60) 128 bytes (file: db.c, line: 659) - 3427
MALLOC (0x100412a60) 128 bytes (file: util.c, line: 779) - 3555
MALLOC (0x100413c40) 96 bytes (file: expr.c, line: 644) - 3651
MALLOC (0x100413ca0) 8 bytes (file: expr.c, line: 658) - 3659
MALLOC (0x100413cb0) 16 bytes (file: expr.c, line: 662) - 3675
MALLOC (0x100413cc0) 16 bytes (file: vector.c, line: 204) - 3691
MALLOC (0x100413cd0) 8 bytes (file: vector.c, line: 214) - 3699
MALLOC (0x100413ce0) 48 bytes (file: vector.c, line: 216) - 3747
FREE (0x100413cb0) 16 bytes (file: vector.c, line: 5339) - 3731
MALLOC (0x100413cb0) 16 bytes (file: link.c, line: 155) - 3747
FREE (0x100412a60) 128 bytes (file: db.c, line: 659) - 3619
MALLOC (0x100412a60) 128 bytes (file: util.c, line: 779) - 3747
MALLOC (0x100413d10) 96 bytes (file: expr.c, line: 644) - 3843
MALLOC (0x100413d70) 8 bytes (file: expr.c, line: 658) - 3851
MALLOC (0x100413d80) 16 bytes (file: expr.c, line: 662) - 3867
MALLOC (0x100413d90) 16 bytes (file: vector.c, line: 204) - 3883
MALLOC (0x100413da0) 8 bytes (file: vector.c, line: 214) - 3891
MALLOC (0x100413db0) 16 bytes (file: vector.c, line: 216) - 3907
FREE (0x100413d80) 16 bytes (file: vector.c, line: 5339) - 3891
MALLOC (0x100413d80) 16 bytes (file: link.c, line: 155) - 3907
FREE (0x100412a60) 128 bytes (file: db.c, line: 659) - 3779
MALLOC (0x100412a60) 128 bytes (file: util.c, line: 779) - 3907
MALLOC (0x100413dc0) 96 bytes (file: expr.c, line: 644) - 4003
MALLOC (0x100413e20) 8 bytes (file: expr.c, line: 658) - 4011
MALLOC (0x100413e30) 16 bytes (file: expr.c, line: 662) - 4027
MALLOC (0x100413e40) 16 bytes (file: vector.c, line: 204) - 4043
MALLOC (0x100413e50) 8 bytes (file: vector.c, line: 214) - 4051
MALLOC (0x100413e60) 48 bytes (file: vector.c, line: 216) - 4099
FREE (0x100413e60) 48 bytes (file: vector.c, line: 5302) - 4051
FREE (0x100413e50) 8 bytes (file: vector.c, line: 5304) - 4043
FREE (0x100413e30) 16 bytes (file: vector.c, line: 5339) - 4027
MALLOC (0x100413e50) 56 bytes (file: binding.c, line: 131) - 4083
STRDUP (0x100413e30) 2 bytes (file: binding.c, line: 133) - 4085
MALLOC (0x100413e90) 16 bytes (file: link.c, line: 155) - 4101
FREE (0x100412a60) 128 bytes (file: db.c, line: 659) - 3973
MALLOC (0x100412a60) 128 bytes (file: util.c, line: 779) - 4101
MALLOC (0x100413ea0) 96 bytes (file: expr.c, line: 644) - 4197
MALLOC (0x100413f00) 8 bytes (file: expr.c, line: 658) - 4205
MALLOC (0x100413f10) 16 bytes (file: expr.c, line: 662) - 4221
FREE (0x100413f10) 16 bytes (file: vector.c, line: 5339) - 4205
MALLOC (0x100413f10) 16 bytes (file: link.c, line: 155) - 4221
FREE (0x100412a60) 128 bytes (file: db.c, line: 659) - 4093
MALLOC (0x100412a60) 128 bytes (file: util.c, line: 779) - 4221
MALLOC (0x100413f20) 56 bytes (file: statement.c, line: 142) - 4277
MALLOC (0x100413f60) 24 bytes (file: statement.c, line: 200) - 4301
MALLOC (0x100413f80) 24 bytes (file: statement.c, line: 200) - 4325
MALLOC (0x100413fa0) 24 bytes (file: link.c, line: 99) - 4349
FREE (0x100412a60) 128 bytes (file: db.c, line: 659) - 4221
MALLOC (0x100412a60) 128 bytes (file: util.c, line: 779) - 4349
MALLOC (0x100413fc0) 56 bytes (file: statement.c, line: 142) - 4405
MALLOC (0x100414000) 24 bytes (file: statement.c, line: 200) - 4429
FREE (0x100413f60) 24 bytes (file: statement.c, line: 271) - 4405
FREE (0x100413f80) 24 bytes (file: statement.c, line: 271) - 4381
MALLOC (0x100413f80) 24 bytes (file: link.c, line: 99) - 4405
FREE (0x100412a60) 128 bytes (file: db.c, line: 659) - 4277
MALLOC (0x100412a60) 128 bytes (file: util.c, line: 779) - 4405
MALLOC (0x100414020) 56 bytes (file: statement.c, line: 142) - 4461
FREE (0x100414000) 24 bytes (file: statement.c, line: 271) - 4437
MALLOC (0x100414000) 24 bytes (file: link.c, line: 99) - 4461
FREE (0x100412a60) 128 bytes (file: db.c, line: 659) - 4333
MALLOC (0x100412a60) 128 bytes (file: util.c, line: 779) - 4461
STRDUP (0x100413f60) 5 bytes (file: util.c, line: 1046) - 4466
STRDUP (0x100413f70) 5 bytes (file: util.c, line: 1046) - 4471
FREE (0x100413f60) 5 bytes (file: util.c, line: 1076) - 4466
FREE (0x100413f70) 5 bytes (file: util.c, line: 1077) - 4461
MALLOC (0x100414060) 104 bytes (file: instance.c, line: 141) - 4565
STRDUP (0x100413f70) 4 bytes (file: instance.c, line: 143) - 4569
MALLOC (0x100413f60) 16 bytes (file: link.c, line: 242) - 4585
MALLOC (0x1004140d0) 288 bytes (file: func_unit.c, line: 118) - 4873
STRDUP (0x1004141f0) 9 bytes (file: db.c, line: 611) - 4882
STRDUP (0x100414200) 12 bytes (file: db.c, line: 613) - 4894
MALLOC (0x100414210) 9 bytes (file: scope.c, line: 342) - 4903
MALLOC (0x100414220) 9 bytes (file: scope.c, line: 343) - 4912
STRDUP (0x100414230) 5 bytes (file: util.c, line: 1046) - 4917
STRDUP (0x100414240) 5 bytes (file: util.c, line: 1046) - 4922
FREE (0x100414230) 5 bytes (file: util.c, line: 1076) - 4917
FREE (0x100414240) 5 bytes (file: util.c, line: 1077) - 4912
FREE (0x100414210) 9 bytes (file: scope.c, line: 355) - 4903
FREE (0x100414220) 9 bytes (file: scope.c, line: 356) - 4894
STRDUP (0x100414220) 9 bytes (file: scope.c, line: 386) - 4903
STRDUP (0x100414210) 9 bytes (file: scope.c, line: 387) - 4912
STRDUP (0x100414230) 9 bytes (file: scope.c, line: 388) - 4921
STRDUP (0x100414240) 5 bytes (file: util.c, line: 1046) - 4926
STRDUP (0x100414250) 5 bytes (file: util.c, line: 1046) - 4931
FREE (0x100414240) 5 bytes (file: util.c, line: 1076) - 4926
FREE (0x100414250) 5 bytes (file: util.c, line: 1077) - 4921
FREE (0x100414220) 9 bytes (file: scope.c, line: 398) - 4912
FREE (0x100414210) 9 bytes (file: scope.c, line: 399) - 4903
FREE (0x100414230) 9 bytes (file: scope.c, line: 400) - 4894
MALLOC (0x100414230) 16 bytes (file: link.c, line: 242) - 4910
FREE (0x100412a60) 128 bytes (file: db.c, line: 659) - 4782
MALLOC (0x100412a60) 128 bytes (file: util.c, line: 779) - 4910
MALLOC (0x100414260) 96 bytes (file: expr.c, line: 644) - 5006
MALLOC (0x100414210) 8 bytes (file: expr.c, line: 658) - 5014
MALLOC (0x100414220) 16 bytes (file: expr.c, line: 662) - 5030
MALLOC (0x100414240) 16 bytes (file: vector.c, line: 204) - 5046
MALLOC (0x100414250) 8 bytes (file: vector.c, line: 214) - 5054
MALLOC (0x1004142c0) 16 bytes (file: vector.c, line: 216) - 5070
FREE (0x100414220) 16 bytes (file: vector.c, line: 5339) - 5054
MALLOC (0x100414220) 16 bytes (file: link.c, line: 155) - 5070
FREE (0x100412a60) 128 bytes (file: db.c, line: 659) - 4942
MALLOC (0x100412a60) 128 bytes (file: util.c, line: 779) - 5070
MALLOC (0x1004142d0) 96 bytes (file: expr.c, line: 644) - 5166
MALLOC (0x100414330) 8 bytes (file: expr.c, line: 658) - 5174
MALLOC (0x100414340) 16 bytes (file: expr.c, line: 662) - 5190
MALLOC (0x100414350) 16 bytes (file: vector.c, line: 204) - 5206
MALLOC (0x100414360) 8 bytes (file: vector.c, line: 214) - 5214
MALLOC (0x100414370) 48 bytes (file: vector.c, line: 216) - 5262
FREE (0x100414340) 16 bytes (file: vector.c, line: 5339) - 5246
MALLOC (0x100414340) 16 bytes (file: link.c, line: 155) - 5262
FREE (0x100412a60) 128 bytes (file: db.c, line: 659) - 5134
MALLOC (0x100412a60) 128 bytes (file: util.c, line: 779) - 5262
MALLOC (0x1004143a0) 96 bytes (file: expr.c, line: 644) - 5358
MALLOC (0x100414400) 8 bytes (file: expr.c, line: 658) - 5366
MALLOC (0x100414410) 16 bytes (file: expr.c, line: 662) - 5382
MALLOC (0x100414420) 16 bytes (file: vector.c, line: 204) - 5398
MALLOC (0x100414430) 8 bytes (file: vector.c, line: 214) - 5406
MALLOC (0x100414440) 48 bytes (file: vector.c, line: 216) - 5454
FREE (0x100414420) 16 bytes (file: expr.c, line: 603) - 5438
MALLOC (0x100414420) 16 bytes (file: vector.c, line: 204) - 5454
MALLOC (0x100414470) 8 bytes (file: vector.c, line: 214) - 5462
MALLOC (0x100414480) 48 bytes (file: vector.c, line: 216) - 5510
FREE (0x100414440) 48 bytes (file: vector.c, line: 5302) - 5462
FREE (0x100414430) 8 bytes (file: vector.c, line: 5304) - 5454
FREE (0x100414410) 16 bytes (file: vector.c, line: 5339) - 5438
MALLOC (0x100414410) 16 bytes (file: link.c, line: 155) - 5454
FREE (0x100412a60) 128 bytes (file: db.c, line: 659) - 5326
MALLOC (0x100412a60) 128 bytes (file: util.c, line: 779) - 5454
MALLOC (0x100414430) 56 bytes (file: statement.c, line: 142) - 5510
MALLOC (0x1004144b0) 24 bytes (file: statement.c, line: 200) - 5534
MALLOC (0x1004144d0) 24 bytes (file: link.c, line: 99) - 5558
FREE (0x100412a60) 128 bytes (file: db.c, line: 659) - 5430
MALLOC (0x100412a60) 128 bytes (file: util.c, line: 779) - 5558
MALLOC (0x1004144f0) 56 bytes (file: statement.c, line: 142) - 5614
FREE (0x1004144b0) 24 bytes (file: statement.c, line: 271) - 5590
MALLOC (0x1004144b0) 24 bytes (file: link.c, line: 99) - 5614
FREE (0x100412a60) 128 bytes (file: db.c, line: 659) - 5486
MALLOC (0x100412a60) 128 bytes (file: util.c, line: 779) - 5614
FREE (0x100412a60) 128 bytes (file: util.c, line: 796) - 5486
STRDUP (0x100414530) 5 bytes (file: util.c, line: 1046) - 5491
STRDUP (0x100414540) 5 bytes (file: util.c, line: 1046) - 5496
FREE (0x100414530) 5 bytes (file: util.c, line: 1076) - 5491
FREE (0x100414540) 5 bytes (file: util.c, line: 1077) - 5486
MALLOC (0x100412a60) 104 bytes (file: instance.c, line: 141) - 5590
STRDUP (0x100414540) 4 bytes (file: instance.c, line: 143) - 5594
MALLOC (0x100412ad0) 16 bytes (file: link.c, line: 242) - 5610
STRDUP (0x100414530) 5 bytes (file: util.c, line: 1046) - 5615
STRDUP (0x100414550) 5 bytes (file: util.c, line: 1046) - 5620
FREE (0x100414530) 5 bytes (file: util.c, line: 1076) - 5615
FREE (0x100414550) 5 bytes (file: util.c, line: 1077) - 5610
STRDUP (0x100414550) 4 bytes (file: util.c, line: 1046) - 5614
STRDUP (0x100414530) 4 bytes (file: util.c, line: 1046) - 5618
FREE (0x100414550) 4 bytes (file: util.c, line: 1076) - 5614
FREE (0x100414530) 4 bytes (file: util.c, line: 1077) - 5610
STRDUP (0x100414530) 4 bytes (file: binding.c, line: 853) - 5614
FREE (0x100413330) 4 bytes (file: binding.c, line: 270) - 5610
FREE (0x100413390) 56 bytes (file: binding.c, line: 271) - 5554
STRDUP (0x100413330) 5 bytes (file: util.c, line: 1046) - 5559
STRDUP (0x100414550) 5 bytes (file: util.c, line: 1046) - 5564
FREE (0x100413330) 5 bytes (file: util.c, line: 1076) - 5559
FREE (0x100414550) 5 bytes (file: util.c, line: 1077) - 5554
STRDUP (0x100414550) 4 bytes (file: util.c, line: 1046) - 5558
STRDUP (0x100413330) 4 bytes (file: util.c, line: 1046) - 5562
FREE (0x100414550) 4 bytes (file: util.c, line: 1076) - 5558
FREE (0x100413330) 4 bytes (file: util.c, line: 1077) - 5554
STRDUP (0x100413330) 4 bytes (file: util.c, line: 1046) - 5558
STRDUP (0x100414550) 4 bytes (file: util.c, line: 1046) - 5562
FREE (0x100413330) 4 bytes (file: util.c, line: 1076) - 5558
FREE (0x100414550) 4 bytes (file: util.c, line: 1077) - 5554
STRDUP (0x100414550) 4 bytes (file: binding.c, line: 853) - 5558
FREE (0x100413450) 4 bytes (file: binding.c, line: 270) - 5554
FREE (0x1004134b0) 56 bytes (file: binding.c, line: 271) - 5498
STRDUP (0x100413450) 2 bytes (file: scope.c, line: 124) - 5500
FREE (0x100413450) 2 bytes (file: scope.c, line: 175) - 5498
STRDUP (0x100413450) 2 bytes (file: scope.c, line: 209) - 5500
MALLOC (0x1004134b0) 40 bytes (file: gen_item.c, line: 550) - 5540
FREE (0x1004134b0) 40 bytes (file: gen_item.c, line: 1223) - 5500
STRDUP (0x1004134e0) 2 bytes (file: util.c, line: 1046) - 5502
STRDUP (0x100413330) 2 bytes (file: util.c, line: 1046) - 5504
FREE (0x1004134e0) 2 bytes (file: util.c, line: 1076) - 5502
FREE (0x100413330) 2 bytes (file: util.c, line: 1077) - 5500
FREE (0x100413450) 2 bytes (file: scope.c, line: 272) - 5498
MALLOC (0x100413450) 16 bytes (file: link.c, line: 155) - 5514
STRDUP (0x100413330) 2 bytes (file: binding.c, line: 853) - 5516
FREE (0x100413aa0) 2 bytes (file: binding.c, line: 270) - 5514
FREE (0x100413ac0) 56 bytes (file: binding.c, line: 271) - 5458
STRDUP (0x100413aa0) 2 bytes (file: scope.c, line: 124) - 5460
FREE (0x100413aa0) 2 bytes (file: scope.c, line: 175) - 5458
STRDUP (0x100413aa0) 2 bytes (file: scope.c, line: 209) - 5460
MALLOC (0x100413ac0) 40 bytes (file: gen_item.c, line: 550) - 5500
FREE (0x100413ac0) 40 bytes (file: gen_item.c, line: 1223) - 5460
STRDUP (0x100413af0) 2 bytes (file: util.c, line: 1046) - 5462
STRDUP (0x1004134b0) 2 bytes (file: util.c, line: 1046) - 5464
FREE (0x100413af0) 2 bytes (file: util.c, line: 1076) - 5462
FREE (0x1004134b0) 2 bytes (file: util.c, line: 1077) - 5460
FREE (0x100413aa0) 2 bytes (file: scope.c, line: 272) - 5458
MALLOC (0x100413aa0) 16 bytes (file: link.c, line: 155) - 5474
STRDUP (0x1004134b0) 2 bytes (file: binding.c, line: 853) - 5476
FREE (0x100413e30) 2 bytes (file: binding.c, line: 270) - 5474
FREE (0x100413e50) 56 bytes (file: binding.c, line: 271) - 5418
Exclusion ID: L10, Status: EXCLUDED
STRDUP (0x100414560) 214 bytes (file: report.c, line: 1026) - 5632
MALLOC (0x100413e30) 3 bytes (file: report.c, line: 1030) - 5635

  This is a very long exclusion message.  I don't know why I need to make this reason so long but 
  it's the only way to verify that Covered can handle the long exclusion message.  Hopefully, 
  there's no problem with it! 

FREE (0x100414560) 214 bytes (file: report.c, line: 1067) - 5421
FREE (0x100413e30) 3 bytes (file: report.c, line: 1068) - 5418
STRDUP (0x100413e30) 6 bytes (file: util.c, line: 1046) - 5424
STRDUP (0x1004134c0) 6 bytes (file: util.c, line: 1046) - 5430
FREE (0x100413e30) 6 bytes (file: util.c, line: 1076) - 5424
FREE (0x1004134c0) 6 bytes (file: util.c, line: 1077) - 5418
FREE (0x100413140) 6 bytes (file: instance.c, line: 1476) - 5412
FREE (0x1004130d0) 104 bytes (file: instance.c, line: 1497) - 5308
FREE (0x100413150) 24 bytes (file: link.c, line: 1253) - 5284
STRDUP (0x100413e30) 5 bytes (file: util.c, line: 1046) - 5289
STRDUP (0x1004134c0) 5 bytes (file: util.c, line: 1046) - 5294
FREE (0x100413e30) 5 bytes (file: util.c, line: 1076) - 5289
FREE (0x1004134c0) 5 bytes (file: util.c, line: 1077) - 5284
FREE (0x100413f70) 4 bytes (file: instance.c, line: 1476) - 5280
FREE (0x100414060) 104 bytes (file: instance.c, line: 1497) - 5176
FREE (0x100414540) 4 bytes (file: instance.c, line: 1476) - 5172
FREE (0x100412a60) 104 bytes (file: instance.c, line: 1497) - 5068
FREE (0x100413690) 5 bytes (file: instance.c, line: 1476) - 5063
FREE (0x1004136a0) 104 bytes (file: instance.c, line: 1497) - 4959
FREE (0x100413710) 24 bytes (file: link.c, line: 1253) - 4935
FREE (0x1004130b0) 6 bytes (file: func_unit.c, line: 1717) - 4929
FREE (0x1004130c0) 3 bytes (file: func_unit.c, line: 1723) - 4926
FREE (0x100412f90) 288 bytes (file: func_unit.c, line: 1768) - 4638
FREE (0x100413170) 16 bytes (file: link.c, line: 1196) - 4622
FREE (0x1004135f0) 2 bytes (file: vsignal.c, line: 763) - 4620
FREE (0x100413500) 8 bytes (file: vsignal.c, line: 767) - 4612
FREE (0x100413530) 48 bytes (file: vector.c, line: 5302) - 4564
FREE (0x100413520) 8 bytes (file: vector.c, line: 5304) - 4556
FREE (0x100413510) 16 bytes (file: vector.c, line: 5339) - 4540
FREE (0x100413450) 16 bytes (file: link.c, line: 1108) - 4524
FREE (0x100413aa0) 16 bytes (file: link.c, line: 1108) - 4508
FREE (0x100413560) 64 bytes (file: vsignal.c, line: 784) - 4444
FREE (0x1004135a0) 16 bytes (file: link.c, line: 1138) - 4428
FREE (0x100413360) 48 bytes (file: vector.c, line: 5302) - 4380
FREE (0x100413350) 8 bytes (file: vector.c, line: 5304) - 4372
FREE (0x100413340) 16 bytes (file: vector.c, line: 5339) - 4356
FREE (0x100413320) 8 bytes (file: expr.c, line: 6306) - 4348
FREE (0x100414530) 4 bytes (file: expr.c, line: 6309) - 4344
FREE (0x1004132c0) 96 bytes (file: expr.c, line: 6312) - 4248
FREE (0x1004133d0) 16 bytes (file: link.c, line: 1108) - 4232
FREE (0x100413480) 48 bytes (file: vector.c, line: 5302) - 4184
FREE (0x100413470) 8 bytes (file: vector.c, line: 5304) - 4176
FREE (0x100413460) 16 bytes (file: vector.c, line: 5339) - 4160
FREE (0x100413440) 8 bytes (file: expr.c, line: 6306) - 4152
FREE (0x100414550) 4 bytes (file: expr.c, line: 6309) - 4148
FREE (0x1004133e0) 96 bytes (file: expr.c, line: 6312) - 4052
FREE (0x1004134f0) 16 bytes (file: link.c, line: 1108) - 4036
FREE (0x1004135b0) 56 bytes (file: statement.c, line: 956) - 3980
FREE (0x100413600) 24 bytes (file: link.c, line: 1078) - 3956
FREE (0x100413620) 56 bytes (file: statement.c, line: 956) - 3900
FREE (0x100413660) 24 bytes (file: link.c, line: 1078) - 3876
FREE (0x1004139a0) 16 bytes (file: link.c, line: 1196) - 3860
FREE (0x100414230) 16 bytes (file: link.c, line: 1196) - 3844
FREE (0x1004137a0) 214 bytes (file: func_unit.c, line: 1706) - 3630
FREE (0x100413780) 32 bytes (file: func_unit.c, line: 1707) - 3598
FREE (0x1004132a0) 5 bytes (file: func_unit.c, line: 1717) - 3593
FREE (0x1004132b0) 12 bytes (file: func_unit.c, line: 1723) - 3581
FREE (0x100413180) 288 bytes (file: func_unit.c, line: 1768) - 3293
FREE (0x100413680) 16 bytes (file: link.c, line: 1196) - 3277
FREE (0x100413a20) 16 bytes (file: vector.c, line: 5302) - 3261
FREE (0x100413770) 8 bytes (file: vector.c, line: 5304) - 3253
FREE (0x100413760) 16 bytes (file: vector.c, line: 5339) - 3237
FREE (0x1004139b0) 8 bytes (file: expr.c, line: 6306) - 3229
FREE (0x1004139c0) 96 bytes (file: expr.c, line: 6312) - 3133
FREE (0x100413750) 16 bytes (file: link.c, line: 1108) - 3117
FREE (0x100413ab0) 16 bytes (file: vector.c, line: 5339) - 3101
FREE (0x100413a90) 8 bytes (file: expr.c, line: 6306) - 3093
FREE (0x100413330) 2 bytes (file: expr.c, line: 6309) - 3091
FREE (0x100413a30) 96 bytes (file: expr.c, line: 6312) - 2995
FREE (0x100413b00) 16 bytes (file: link.c, line: 1108) - 2979
FREE (0x100413b70) 8 bytes (file: expr.c, line: 6306) - 2971
FREE (0x100413b10) 96 bytes (file: expr.c, line: 6312) - 2875
FREE (0x100413b80) 16 bytes (file: link.c, line: 1108) - 2859
FREE (0x100413c30) 16 bytes (file: vector.c, line: 5302) - 2843
FREE (0x100413c20) 8 bytes (file: vector.c, line: 5304) - 2835
FREE (0x100413c10) 16 bytes (file: vector.c, line: 5339) - 2819
FREE (0x100413bf0) 8 bytes (file: expr.c, line: 6306) - 2811
FREE (0x100413b90) 96 bytes (file: expr.c, line: 6312) - 2715
FREE (0x100413c00) 16 bytes (file: link.c, line: 1108) - 2699
FREE (0x100413ce0) 48 bytes (file: vector.c, line: 5302) - 2651
FREE (0x100413cd0) 8 bytes (file: vector.c, line: 5304) - 2643
FREE (0x100413cc0) 16 bytes (file: vector.c, line: 5339) - 2627
FREE (0x100413ca0) 8 bytes (file: expr.c, line: 6306) - 2619
FREE (0x100413c40) 96 bytes (file: expr.c, line: 6312) - 2523
FREE (0x100413cb0) 16 bytes (file: link.c, line: 1108) - 2507
FREE (0x100413db0) 16 bytes (file: vector.c, line: 5302) - 2491
FREE (0x100413da0) 8 bytes (file: vector.c, line: 5304) - 2483
FREE (0x100413d90) 16 bytes (file: vector.c, line: 5339) - 2467
FREE (0x100413d70) 8 bytes (file: expr.c, line: 6306) - 2459
FREE (0x100413d10) 96 bytes (file: expr.c, line: 6312) - 2363
FREE (0x100413d80) 16 bytes (file: link.c, line: 1108) - 2347
FREE (0x100413e40) 16 bytes (file: vector.c, line: 5339) - 2331
FREE (0x100413e20) 8 bytes (file: expr.c, line: 6306) - 2323
FREE (0x1004134b0) 2 bytes (file: expr.c, line: 6309) - 2321
FREE (0x100413dc0) 96 bytes (file: expr.c, line: 6312) - 2225
FREE (0x100413e90) 16 bytes (file: link.c, line: 1108) - 2209
FREE (0x100413f00) 8 bytes (file: expr.c, line: 6306) - 2201
FREE (0x100413ea0) 96 bytes (file: expr.c, line: 6312) - 2105
FREE (0x100413f10) 16 bytes (file: link.c, line: 1108) - 2089
FREE (0x100413f20) 56 bytes (file: statement.c, line: 956) - 2033
FREE (0x100413fa0) 24 bytes (file: link.c, line: 1078) - 2009
FREE (0x100413fc0) 56 bytes (file: statement.c, line: 956) - 1953
FREE (0x100413f80) 24 bytes (file: link.c, line: 1078) - 1929
FREE (0x100414020) 56 bytes (file: statement.c, line: 956) - 1873
FREE (0x100414000) 24 bytes (file: link.c, line: 1078) - 1849
FREE (0x100413730) 9 bytes (file: func_unit.c, line: 1717) - 1840
FREE (0x100413740) 12 bytes (file: func_unit.c, line: 1723) - 1828
FREE (0x100413880) 288 bytes (file: func_unit.c, line: 1768) - 1540
FREE (0x100413f60) 16 bytes (file: link.c, line: 1196) - 1524
FREE (0x1004142c0) 16 bytes (file: vector.c, line: 5302) - 1508
FREE (0x100414250) 8 bytes (file: vector.c, line: 5304) - 1500
FREE (0x100414240) 16 bytes (file: vector.c, line: 5339) - 1484
FREE (0x100414210) 8 bytes (file: expr.c, line: 6306) - 1476
FREE (0x100414260) 96 bytes (file: expr.c, line: 6312) - 1380
FREE (0x100414220) 16 bytes (file: link.c, line: 1108) - 1364
FREE (0x100414370) 48 bytes (file: vector.c, line: 5302) - 1316
FREE (0x100414360) 8 bytes (file: vector.c, line: 5304) - 1308
FREE (0x100414350) 16 bytes (file: vector.c, line: 5339) - 1292
FREE (0x100414330) 8 bytes (file: expr.c, line: 6306) - 1284
FREE (0x1004142d0) 96 bytes (file: expr.c, line: 6312) - 1188
FREE (0x100414340) 16 bytes (file: link.c, line: 1108) - 1172
FREE (0x100414480) 48 bytes (file: vector.c, line: 5302) - 1124
FREE (0x100414470) 8 bytes (file: vector.c, line: 5304) - 1116
FREE (0x100414420) 16 bytes (file: vector.c, line: 5339) - 1100
FREE (0x100414400) 8 bytes (file: expr.c, line: 6306) - 1092
FREE (0x1004143a0) 96 bytes (file: expr.c, line: 6312) - 996
FREE (0x100414410) 16 bytes (file: link.c, line: 1108) - 980
FREE (0x100414430) 56 bytes (file: statement.c, line: 956) - 924
FREE (0x1004144d0) 24 bytes (file: link.c, line: 1078) - 900
FREE (0x1004144f0) 56 bytes (file: statement.c, line: 956) - 844
FREE (0x1004144b0) 24 bytes (file: link.c, line: 1078) - 820
FREE (0x1004141f0) 9 bytes (file: func_unit.c, line: 1717) - 811
FREE (0x100414200) 12 bytes (file: func_unit.c, line: 1723) - 799
FREE (0x1004140d0) 288 bytes (file: func_unit.c, line: 1768) - 511
FREE (0x100412ad0) 16 bytes (file: link.c, line: 1196) - 495
FREE (0x100412e40) 2 bytes (file: db.c, line: 257) - 493
FREE (0x100412ae0) 8 bytes (file: db.c, line: 259) - 485
FREE (0x100412da0) 72 bytes (file: db.c, line: 267) - 413
FREE (0x100412e50) 3 bytes (file: link.c, line: 1000) - 410
FREE (0x100412e90) 5 bytes (file: link.c, line: 1001) - 405
FREE (0x100412e60) 48 bytes (file: link.c, line: 1007) - 357
FREE (0x100412ea0) 5 bytes (file: link.c, line: 1000) - 352
FREE (0x100412ee0) 14 bytes (file: link.c, line: 1001) - 338
FREE (0x100412eb0) 48 bytes (file: link.c, line: 1007) - 290
FREE (0x100412ef0) 3 bytes (file: link.c, line: 1000) - 287
FREE (0x100412f30) 12 bytes (file: link.c, line: 1001) - 275
FREE (0x100412f00) 48 bytes (file: link.c, line: 1007) - 227
FREE (0x100412f40) 3 bytes (file: link.c, line: 1000) - 224
FREE (0x100412f80) 14 bytes (file: link.c, line: 1001) - 210
FREE (0x100412f50) 48 bytes (file: link.c, line: 1007) - 162
FREE (0x100412df0) 72 bytes (file: db.c, line: 296) - 90
FREE (0x100412a10) 4 bytes (file: link.c, line: 1000) - 86
FREE (0x100412a20) 48 bytes (file: link.c, line: 1007) - 38
FREE (0x100412a50) 14 bytes (file: exclude.c, line: 1930) - 24
FREE (0x1004129f0) 24 bytes (file: profiler.c, line: 133) - 0
curr_malloc_size: 0
