MALLOC (0x100412a00) 24 bytes (file: util.c, line: 1532) - 24
STRDUP (0x100412a20) 4 bytes (file: exclude.c, line: 872) - 28
MALLOC (0x100412a30) 48 bytes (file: link.c, line: 61) - 76
STRDUP (0x100412a60) 16 bytes (file: exclude.c, line: 862) - 92
MALLOC (0x100412a70) 128 bytes (file: util.c, line: 779) - 220
MALLOC (0x100412db0) 72 bytes (file: db.c, line: 212) - 292
REALLOC (0x0 -> 0x100412e00) 72 (0) bytes (file: db.c, line: 224) - 364
REALLOC (0x0 -> 0x100412af0) 8 (0) bytes (file: info.c, line: 275) - 372
STRDUP (0x100412e50) 2 bytes (file: info.c, line: 276) - 374
FREE (0x100412a70) 128 bytes (file: db.c, line: 659) - 246
MALLOC (0x100412a70) 128 bytes (file: util.c, line: 779) - 374
REALLOC (0x100412a70 -> 0x100412e60) 256 (128) bytes (file: util.c, line: 785) - 502
STRDUP (0x100412f60) 3 bytes (file: info.c, line: 106) - 505
MALLOC (0x100412f70) 48 bytes (file: link.c, line: 61) - 553
STRDUP (0x100412fa0) 5 bytes (file: info.c, line: 108) - 558
STRDUP (0x100412fb0) 5 bytes (file: info.c, line: 106) - 563
MALLOC (0x100412fc0) 48 bytes (file: link.c, line: 61) - 611
STRDUP (0x100412ff0) 16 bytes (file: info.c, line: 108) - 627
STRDUP (0x100413000) 3 bytes (file: info.c, line: 106) - 630
MALLOC (0x100413010) 48 bytes (file: link.c, line: 61) - 678
STRDUP (0x100413040) 14 bytes (file: info.c, line: 108) - 692
STRDUP (0x100413050) 3 bytes (file: info.c, line: 106) - 695
MALLOC (0x100413060) 48 bytes (file: link.c, line: 61) - 743
STRDUP (0x100413090) 16 bytes (file: info.c, line: 108) - 759
FREE (0x100412e60) 256 bytes (file: db.c, line: 659) - 503
MALLOC (0x100412a70) 128 bytes (file: util.c, line: 779) - 631
MALLOC (0x1004130a0) 288 bytes (file: func_unit.c, line: 118) - 919
STRDUP (0x100412e60) 6 bytes (file: db.c, line: 611) - 925
STRDUP (0x100412e70) 3 bytes (file: db.c, line: 613) - 928
FREE (0x100412a70) 128 bytes (file: db.c, line: 659) - 800
MALLOC (0x100412a70) 128 bytes (file: util.c, line: 779) - 928
MALLOC (0x100412e80) 104 bytes (file: instance.c, line: 141) - 1032
STRDUP (0x100412ef0) 6 bytes (file: instance.c, line: 143) - 1038
MALLOC (0x100412f00) 24 bytes (file: link.c, line: 304) - 1062
MALLOC (0x100412f20) 16 bytes (file: link.c, line: 242) - 1078
MALLOC (0x1004131c0) 288 bytes (file: func_unit.c, line: 118) - 1366
STRDUP (0x100412f30) 5 bytes (file: db.c, line: 611) - 1371
STRDUP (0x100412f40) 14 bytes (file: db.c, line: 613) - 1385
FREE (0x100412a70) 128 bytes (file: db.c, line: 659) - 1257
MALLOC (0x100412a70) 128 bytes (file: util.c, line: 779) - 1385
MALLOC (0x1004132e0) 96 bytes (file: expr.c, line: 644) - 1481
MALLOC (0x100412f50) 8 bytes (file: expr.c, line: 658) - 1489
MALLOC (0x100413340) 16 bytes (file: expr.c, line: 662) - 1505
MALLOC (0x100413350) 16 bytes (file: vector.c, line: 204) - 1521
MALLOC (0x100413360) 8 bytes (file: vector.c, line: 214) - 1529
MALLOC (0x100413370) 48 bytes (file: vector.c, line: 216) - 1577
FREE (0x100413370) 48 bytes (file: vector.c, line: 5302) - 1529
FREE (0x100413360) 8 bytes (file: vector.c, line: 5304) - 1521
FREE (0x100413340) 16 bytes (file: vector.c, line: 5339) - 1505
MALLOC (0x100413360) 56 bytes (file: binding.c, line: 131) - 1561
STRDUP (0x100413340) 2 bytes (file: binding.c, line: 133) - 1563
MALLOC (0x1004133a0) 16 bytes (file: link.c, line: 155) - 1579
FREE (0x100412a70) 128 bytes (file: db.c, line: 659) - 1451
MALLOC (0x100412a70) 128 bytes (file: util.c, line: 779) - 1579
MALLOC (0x1004133b0) 96 bytes (file: expr.c, line: 644) - 1675
MALLOC (0x100413410) 8 bytes (file: expr.c, line: 658) - 1683
MALLOC (0x100413420) 16 bytes (file: expr.c, line: 662) - 1699
MALLOC (0x100413430) 16 bytes (file: vector.c, line: 204) - 1715
MALLOC (0x100413440) 8 bytes (file: vector.c, line: 214) - 1723
MALLOC (0x100413450) 48 bytes (file: vector.c, line: 216) - 1771
FREE (0x100413450) 48 bytes (file: vector.c, line: 5302) - 1723
FREE (0x100413440) 8 bytes (file: vector.c, line: 5304) - 1715
FREE (0x100413420) 16 bytes (file: vector.c, line: 5339) - 1699
MALLOC (0x100413440) 56 bytes (file: binding.c, line: 131) - 1755
STRDUP (0x100413420) 2 bytes (file: binding.c, line: 133) - 1757
MALLOC (0x100413480) 16 bytes (file: link.c, line: 155) - 1773
FREE (0x100412a70) 128 bytes (file: db.c, line: 659) - 1645
MALLOC (0x100412a70) 128 bytes (file: util.c, line: 779) - 1773
MALLOC (0x100413490) 96 bytes (file: expr.c, line: 644) - 1869
MALLOC (0x1004134f0) 8 bytes (file: expr.c, line: 658) - 1877
MALLOC (0x100413500) 16 bytes (file: expr.c, line: 662) - 1893
MALLOC (0x100413510) 16 bytes (file: vector.c, line: 204) - 1909
MALLOC (0x100413520) 8 bytes (file: vector.c, line: 214) - 1917
MALLOC (0x100413530) 48 bytes (file: vector.c, line: 216) - 1965
FREE (0x100413510) 16 bytes (file: expr.c, line: 603) - 1949
MALLOC (0x100413510) 16 bytes (file: vector.c, line: 204) - 1965
MALLOC (0x100413560) 8 bytes (file: vector.c, line: 214) - 1973
MALLOC (0x100413570) 48 bytes (file: vector.c, line: 216) - 2021
FREE (0x100413530) 48 bytes (file: vector.c, line: 5302) - 1973
FREE (0x100413520) 8 bytes (file: vector.c, line: 5304) - 1965
FREE (0x100413500) 16 bytes (file: vector.c, line: 5339) - 1949
MALLOC (0x100413500) 16 bytes (file: link.c, line: 155) - 1965
FREE (0x100412a70) 128 bytes (file: db.c, line: 659) - 1837
MALLOC (0x100412a70) 128 bytes (file: util.c, line: 779) - 1965
MALLOC (0x1004135a0) 96 bytes (file: expr.c, line: 644) - 2061
MALLOC (0x100413520) 8 bytes (file: expr.c, line: 658) - 2069
MALLOC (0x100413530) 16 bytes (file: expr.c, line: 662) - 2085
MALLOC (0x100413540) 16 bytes (file: vector.c, line: 204) - 2101
MALLOC (0x100413550) 8 bytes (file: vector.c, line: 214) - 2109
MALLOC (0x100413600) 48 bytes (file: vector.c, line: 216) - 2157
FREE (0x100413600) 48 bytes (file: vector.c, line: 5302) - 2109
FREE (0x100413550) 8 bytes (file: vector.c, line: 5304) - 2101
FREE (0x100413530) 16 bytes (file: vector.c, line: 5339) - 2085
MALLOC (0x100413630) 56 bytes (file: binding.c, line: 131) - 2141
STRDUP (0x100413530) 2 bytes (file: binding.c, line: 133) - 2143
MALLOC (0x100413550) 16 bytes (file: link.c, line: 155) - 2159
FREE (0x100412a70) 128 bytes (file: db.c, line: 659) - 2031
MALLOC (0x100412a70) 128 bytes (file: util.c, line: 779) - 2159
MALLOC (0x100413670) 96 bytes (file: expr.c, line: 644) - 2255
MALLOC (0x100413600) 8 bytes (file: expr.c, line: 658) - 2263
MALLOC (0x100413610) 16 bytes (file: expr.c, line: 662) - 2279
FREE (0x100413610) 16 bytes (file: vector.c, line: 5339) - 2263
MALLOC (0x100413610) 16 bytes (file: link.c, line: 155) - 2279
FREE (0x100412a70) 128 bytes (file: db.c, line: 659) - 2151
MALLOC (0x100412a70) 128 bytes (file: util.c, line: 779) - 2279
MALLOC (0x1004136d0) 96 bytes (file: expr.c, line: 644) - 2375
MALLOC (0x100413620) 8 bytes (file: expr.c, line: 658) - 2383
MALLOC (0x100413730) 16 bytes (file: expr.c, line: 662) - 2399
MALLOC (0x100413740) 16 bytes (file: vector.c, line: 204) - 2415
MALLOC (0x100413750) 8 bytes (file: vector.c, line: 214) - 2423
MALLOC (0x100413760) 48 bytes (file: vector.c, line: 216) - 2471
FREE (0x100413760) 48 bytes (file: vector.c, line: 5302) - 2423
FREE (0x100413750) 8 bytes (file: vector.c, line: 5304) - 2415
FREE (0x100413730) 16 bytes (file: vector.c, line: 5339) - 2399
MALLOC (0x100413750) 56 bytes (file: binding.c, line: 131) - 2455
STRDUP (0x100413730) 2 bytes (file: binding.c, line: 133) - 2457
MALLOC (0x100413790) 16 bytes (file: link.c, line: 155) - 2473
FREE (0x100412a70) 128 bytes (file: db.c, line: 659) - 2345
MALLOC (0x100412a70) 128 bytes (file: util.c, line: 779) - 2473
MALLOC (0x1004137a0) 96 bytes (file: expr.c, line: 644) - 2569
MALLOC (0x100413800) 8 bytes (file: expr.c, line: 658) - 2577
MALLOC (0x100413810) 16 bytes (file: expr.c, line: 662) - 2593
MALLOC (0x100413820) 16 bytes (file: vector.c, line: 204) - 2609
MALLOC (0x100413830) 8 bytes (file: vector.c, line: 214) - 2617
MALLOC (0x100413840) 48 bytes (file: vector.c, line: 216) - 2665
FREE (0x100413840) 48 bytes (file: vector.c, line: 5302) - 2617
FREE (0x100413830) 8 bytes (file: vector.c, line: 5304) - 2609
FREE (0x100413810) 16 bytes (file: vector.c, line: 5339) - 2593
MALLOC (0x100413830) 56 bytes (file: binding.c, line: 131) - 2649
STRDUP (0x100413810) 2 bytes (file: binding.c, line: 133) - 2651
MALLOC (0x100413870) 16 bytes (file: link.c, line: 155) - 2667
FREE (0x100412a70) 128 bytes (file: db.c, line: 659) - 2539
MALLOC (0x100412a70) 128 bytes (file: util.c, line: 779) - 2667
MALLOC (0x100413880) 96 bytes (file: expr.c, line: 644) - 2763
MALLOC (0x1004138e0) 8 bytes (file: expr.c, line: 658) - 2771
MALLOC (0x1004138f0) 16 bytes (file: expr.c, line: 662) - 2787
MALLOC (0x100413900) 16 bytes (file: vector.c, line: 204) - 2803
MALLOC (0x100413910) 8 bytes (file: vector.c, line: 214) - 2811
MALLOC (0x100413920) 48 bytes (file: vector.c, line: 216) - 2859
FREE (0x100413900) 16 bytes (file: expr.c, line: 603) - 2843
MALLOC (0x100413900) 16 bytes (file: vector.c, line: 204) - 2859
MALLOC (0x100413950) 8 bytes (file: vector.c, line: 214) - 2867
MALLOC (0x100413960) 48 bytes (file: vector.c, line: 216) - 2915
FREE (0x100413920) 48 bytes (file: vector.c, line: 5302) - 2867
FREE (0x100413910) 8 bytes (file: vector.c, line: 5304) - 2859
FREE (0x1004138f0) 16 bytes (file: vector.c, line: 5339) - 2843
MALLOC (0x1004138f0) 16 bytes (file: link.c, line: 155) - 2859
FREE (0x100412a70) 128 bytes (file: db.c, line: 659) - 2731
MALLOC (0x100412a70) 128 bytes (file: util.c, line: 779) - 2859
MALLOC (0x100413990) 96 bytes (file: expr.c, line: 644) - 2955
MALLOC (0x100413910) 8 bytes (file: expr.c, line: 658) - 2963
MALLOC (0x100413920) 16 bytes (file: expr.c, line: 662) - 2979
MALLOC (0x100413930) 16 bytes (file: vector.c, line: 204) - 2995
MALLOC (0x100413940) 8 bytes (file: vector.c, line: 214) - 3003
MALLOC (0x1004139f0) 48 bytes (file: vector.c, line: 216) - 3051
FREE (0x1004139f0) 48 bytes (file: vector.c, line: 5302) - 3003
FREE (0x100413940) 8 bytes (file: vector.c, line: 5304) - 2995
FREE (0x100413920) 16 bytes (file: vector.c, line: 5339) - 2979
MALLOC (0x100413a20) 56 bytes (file: binding.c, line: 131) - 3035
STRDUP (0x100413920) 2 bytes (file: binding.c, line: 133) - 3037
MALLOC (0x100413940) 16 bytes (file: link.c, line: 155) - 3053
FREE (0x100412a70) 128 bytes (file: db.c, line: 659) - 2925
MALLOC (0x100412a70) 128 bytes (file: util.c, line: 779) - 3053
MALLOC (0x100413a60) 96 bytes (file: expr.c, line: 644) - 3149
MALLOC (0x1004139f0) 8 bytes (file: expr.c, line: 658) - 3157
MALLOC (0x100413a00) 16 bytes (file: expr.c, line: 662) - 3173
FREE (0x100413a00) 16 bytes (file: vector.c, line: 5339) - 3157
MALLOC (0x100413a00) 16 bytes (file: link.c, line: 155) - 3173
FREE (0x100412a70) 128 bytes (file: db.c, line: 659) - 3045
MALLOC (0x100412a70) 128 bytes (file: util.c, line: 779) - 3173
MALLOC (0x100413ac0) 96 bytes (file: expr.c, line: 644) - 3269
MALLOC (0x100413a10) 8 bytes (file: expr.c, line: 658) - 3277
MALLOC (0x100413b20) 16 bytes (file: expr.c, line: 662) - 3293
MALLOC (0x100413b30) 16 bytes (file: vector.c, line: 204) - 3309
MALLOC (0x100413b40) 8 bytes (file: vector.c, line: 214) - 3317
MALLOC (0x100413b50) 48 bytes (file: vector.c, line: 216) - 3365
FREE (0x100413b50) 48 bytes (file: vector.c, line: 5302) - 3317
FREE (0x100413b40) 8 bytes (file: vector.c, line: 5304) - 3309
FREE (0x100413b20) 16 bytes (file: vector.c, line: 5339) - 3293
MALLOC (0x100413b40) 56 bytes (file: binding.c, line: 131) - 3349
STRDUP (0x100413b20) 2 bytes (file: binding.c, line: 133) - 3351
MALLOC (0x100413b80) 16 bytes (file: link.c, line: 155) - 3367
FREE (0x100412a70) 128 bytes (file: db.c, line: 659) - 3239
MALLOC (0x100412a70) 128 bytes (file: util.c, line: 779) - 3367
MALLOC (0x100413b90) 96 bytes (file: expr.c, line: 644) - 3463
MALLOC (0x100413bf0) 8 bytes (file: expr.c, line: 658) - 3471
MALLOC (0x100413c00) 16 bytes (file: expr.c, line: 662) - 3487
MALLOC (0x100413c10) 16 bytes (file: vector.c, line: 204) - 3503
MALLOC (0x100413c20) 8 bytes (file: vector.c, line: 214) - 3511
MALLOC (0x100413c30) 48 bytes (file: vector.c, line: 216) - 3559
FREE (0x100413c30) 48 bytes (file: vector.c, line: 5302) - 3511
FREE (0x100413c20) 8 bytes (file: vector.c, line: 5304) - 3503
FREE (0x100413c00) 16 bytes (file: vector.c, line: 5339) - 3487
MALLOC (0x100413c20) 56 bytes (file: binding.c, line: 131) - 3543
STRDUP (0x100413c00) 2 bytes (file: binding.c, line: 133) - 3545
MALLOC (0x100413c60) 16 bytes (file: link.c, line: 155) - 3561
FREE (0x100412a70) 128 bytes (file: db.c, line: 659) - 3433
MALLOC (0x100412a70) 128 bytes (file: util.c, line: 779) - 3561
MALLOC (0x100413c70) 96 bytes (file: expr.c, line: 644) - 3657
MALLOC (0x100413cd0) 8 bytes (file: expr.c, line: 658) - 3665
MALLOC (0x100413ce0) 16 bytes (file: expr.c, line: 662) - 3681
MALLOC (0x100413cf0) 16 bytes (file: vector.c, line: 204) - 3697
MALLOC (0x100413d00) 8 bytes (file: vector.c, line: 214) - 3705
MALLOC (0x100413d10) 48 bytes (file: vector.c, line: 216) - 3753
FREE (0x100413cf0) 16 bytes (file: expr.c, line: 603) - 3737
MALLOC (0x100413cf0) 16 bytes (file: vector.c, line: 204) - 3753
MALLOC (0x100413d40) 8 bytes (file: vector.c, line: 214) - 3761
MALLOC (0x100413d50) 48 bytes (file: vector.c, line: 216) - 3809
FREE (0x100413d10) 48 bytes (file: vector.c, line: 5302) - 3761
FREE (0x100413d00) 8 bytes (file: vector.c, line: 5304) - 3753
FREE (0x100413ce0) 16 bytes (file: vector.c, line: 5339) - 3737
MALLOC (0x100413ce0) 16 bytes (file: link.c, line: 155) - 3753
FREE (0x100412a70) 128 bytes (file: db.c, line: 659) - 3625
MALLOC (0x100412a70) 128 bytes (file: util.c, line: 779) - 3753
MALLOC (0x100413d80) 96 bytes (file: expr.c, line: 644) - 3849
MALLOC (0x100413d00) 8 bytes (file: expr.c, line: 658) - 3857
MALLOC (0x100413d10) 16 bytes (file: expr.c, line: 662) - 3873
MALLOC (0x100413d20) 16 bytes (file: vector.c, line: 204) - 3889
MALLOC (0x100413d30) 8 bytes (file: vector.c, line: 214) - 3897
MALLOC (0x100413de0) 48 bytes (file: vector.c, line: 216) - 3945
FREE (0x100413de0) 48 bytes (file: vector.c, line: 5302) - 3897
FREE (0x100413d30) 8 bytes (file: vector.c, line: 5304) - 3889
FREE (0x100413d10) 16 bytes (file: vector.c, line: 5339) - 3873
MALLOC (0x100413e10) 56 bytes (file: binding.c, line: 131) - 3929
STRDUP (0x100413d10) 2 bytes (file: binding.c, line: 133) - 3931
MALLOC (0x100413d30) 16 bytes (file: link.c, line: 155) - 3947
FREE (0x100412a70) 128 bytes (file: db.c, line: 659) - 3819
MALLOC (0x100412a70) 128 bytes (file: util.c, line: 779) - 3947
MALLOC (0x100413e50) 96 bytes (file: expr.c, line: 644) - 4043
MALLOC (0x100413de0) 8 bytes (file: expr.c, line: 658) - 4051
MALLOC (0x100413df0) 16 bytes (file: expr.c, line: 662) - 4067
FREE (0x100413df0) 16 bytes (file: vector.c, line: 5339) - 4051
MALLOC (0x100413df0) 16 bytes (file: link.c, line: 155) - 4067
FREE (0x100412a70) 128 bytes (file: db.c, line: 659) - 3939
MALLOC (0x100412a70) 128 bytes (file: util.c, line: 779) - 4067
MALLOC (0x100413eb0) 96 bytes (file: expr.c, line: 644) - 4163
MALLOC (0x100413e00) 8 bytes (file: expr.c, line: 658) - 4171
MALLOC (0x100413f10) 16 bytes (file: expr.c, line: 662) - 4187
MALLOC (0x100413f20) 16 bytes (file: vector.c, line: 204) - 4203
MALLOC (0x100413f30) 8 bytes (file: vector.c, line: 214) - 4211
MALLOC (0x100413f40) 48 bytes (file: vector.c, line: 216) - 4259
FREE (0x100413f10) 16 bytes (file: vector.c, line: 5339) - 4243
MALLOC (0x100413f70) 56 bytes (file: binding.c, line: 131) - 4299
STRDUP (0x100413f10) 4 bytes (file: binding.c, line: 133) - 4303
MALLOC (0x100413fb0) 16 bytes (file: link.c, line: 155) - 4319
FREE (0x100412a70) 128 bytes (file: db.c, line: 659) - 4191
MALLOC (0x100412a70) 128 bytes (file: util.c, line: 779) - 4319
MALLOC (0x100413fc0) 8 bytes (file: vsignal.c, line: 318) - 4327
MALLOC (0x100413fd0) 16 bytes (file: vector.c, line: 204) - 4343
MALLOC (0x100413fe0) 8 bytes (file: vector.c, line: 214) - 4351
MALLOC (0x100413ff0) 48 bytes (file: vector.c, line: 216) - 4399
MALLOC (0x100414020) 64 bytes (file: vsignal.c, line: 99) - 4463
MALLOC (0x100414060) 16 bytes (file: vector.c, line: 204) - 4479
MALLOC (0x100414070) 8 bytes (file: vector.c, line: 214) - 4487
MALLOC (0x100414080) 48 bytes (file: vector.c, line: 216) - 4535
STRDUP (0x1004140b0) 2 bytes (file: vsignal.c, line: 111) - 4537
FREE (0x100414080) 48 bytes (file: vector.c, line: 5302) - 4489
FREE (0x100414070) 8 bytes (file: vector.c, line: 5304) - 4481
FREE (0x100414060) 16 bytes (file: vector.c, line: 5339) - 4465
MALLOC (0x100414060) 16 bytes (file: link.c, line: 184) - 4481
FREE (0x100412a70) 128 bytes (file: db.c, line: 659) - 4353
MALLOC (0x100412a70) 128 bytes (file: util.c, line: 779) - 4481
MALLOC (0x100414070) 8 bytes (file: vsignal.c, line: 318) - 4489
MALLOC (0x100414080) 16 bytes (file: vector.c, line: 204) - 4505
MALLOC (0x100414090) 8 bytes (file: vector.c, line: 214) - 4513
MALLOC (0x1004140c0) 48 bytes (file: vector.c, line: 216) - 4561
MALLOC (0x1004140f0) 64 bytes (file: vsignal.c, line: 99) - 4625
MALLOC (0x1004140a0) 16 bytes (file: vector.c, line: 204) - 4641
MALLOC (0x100414130) 8 bytes (file: vector.c, line: 214) - 4649
MALLOC (0x100414140) 48 bytes (file: vector.c, line: 216) - 4697
STRDUP (0x100414170) 2 bytes (file: vsignal.c, line: 111) - 4699
FREE (0x100414140) 48 bytes (file: vector.c, line: 5302) - 4651
FREE (0x100414130) 8 bytes (file: vector.c, line: 5304) - 4643
FREE (0x1004140a0) 16 bytes (file: vector.c, line: 5339) - 4627
MALLOC (0x1004140a0) 16 bytes (file: link.c, line: 184) - 4643
FREE (0x100412a70) 128 bytes (file: db.c, line: 659) - 4515
MALLOC (0x100412a70) 128 bytes (file: util.c, line: 779) - 4643
MALLOC (0x100414130) 8 bytes (file: vsignal.c, line: 318) - 4651
MALLOC (0x100414140) 16 bytes (file: vector.c, line: 204) - 4667
MALLOC (0x100414150) 8 bytes (file: vector.c, line: 214) - 4675
MALLOC (0x100414180) 48 bytes (file: vector.c, line: 216) - 4723
MALLOC (0x1004141b0) 64 bytes (file: vsignal.c, line: 99) - 4787
MALLOC (0x100414160) 16 bytes (file: vector.c, line: 204) - 4803
MALLOC (0x1004141f0) 8 bytes (file: vector.c, line: 214) - 4811
MALLOC (0x100414200) 48 bytes (file: vector.c, line: 216) - 4859
STRDUP (0x100414230) 2 bytes (file: vsignal.c, line: 111) - 4861
FREE (0x100414200) 48 bytes (file: vector.c, line: 5302) - 4813
FREE (0x1004141f0) 8 bytes (file: vector.c, line: 5304) - 4805
FREE (0x100414160) 16 bytes (file: vector.c, line: 5339) - 4789
MALLOC (0x100414160) 16 bytes (file: link.c, line: 184) - 4805
FREE (0x100412a70) 128 bytes (file: db.c, line: 659) - 4677
MALLOC (0x100412a70) 128 bytes (file: util.c, line: 779) - 4805
MALLOC (0x1004141f0) 8 bytes (file: vsignal.c, line: 318) - 4813
MALLOC (0x100414200) 16 bytes (file: vector.c, line: 204) - 4829
MALLOC (0x100414210) 8 bytes (file: vector.c, line: 214) - 4837
MALLOC (0x100414240) 48 bytes (file: vector.c, line: 216) - 4885
MALLOC (0x100414270) 64 bytes (file: vsignal.c, line: 99) - 4949
MALLOC (0x100414220) 16 bytes (file: vector.c, line: 204) - 4965
MALLOC (0x1004142b0) 8 bytes (file: vector.c, line: 214) - 4973
MALLOC (0x1004142c0) 48 bytes (file: vector.c, line: 216) - 5021
STRDUP (0x1004142f0) 2 bytes (file: vsignal.c, line: 111) - 5023
FREE (0x1004142c0) 48 bytes (file: vector.c, line: 5302) - 4975
FREE (0x1004142b0) 8 bytes (file: vector.c, line: 5304) - 4967
FREE (0x100414220) 16 bytes (file: vector.c, line: 5339) - 4951
MALLOC (0x100414220) 16 bytes (file: link.c, line: 184) - 4967
FREE (0x100412a70) 128 bytes (file: db.c, line: 659) - 4839
MALLOC (0x100412a70) 128 bytes (file: util.c, line: 779) - 4967
MALLOC (0x1004142b0) 8 bytes (file: vsignal.c, line: 318) - 4975
MALLOC (0x1004142c0) 16 bytes (file: vector.c, line: 204) - 4991
MALLOC (0x1004142d0) 8 bytes (file: vector.c, line: 214) - 4999
MALLOC (0x100414300) 48 bytes (file: vector.c, line: 216) - 5047
MALLOC (0x100414330) 64 bytes (file: vsignal.c, line: 99) - 5111
MALLOC (0x1004142e0) 16 bytes (file: vector.c, line: 204) - 5127
MALLOC (0x100414370) 8 bytes (file: vector.c, line: 214) - 5135
MALLOC (0x100414380) 48 bytes (file: vector.c, line: 216) - 5183
STRDUP (0x1004143b0) 2 bytes (file: vsignal.c, line: 111) - 5185
FREE (0x100414380) 48 bytes (file: vector.c, line: 5302) - 5137
FREE (0x100414370) 8 bytes (file: vector.c, line: 5304) - 5129
FREE (0x1004142e0) 16 bytes (file: vector.c, line: 5339) - 5113
MALLOC (0x1004142e0) 16 bytes (file: link.c, line: 184) - 5129
FREE (0x100412a70) 128 bytes (file: db.c, line: 659) - 5001
MALLOC (0x100412a70) 128 bytes (file: util.c, line: 779) - 5129
MALLOC (0x100414370) 56 bytes (file: statement.c, line: 142) - 5185
MALLOC (0x1004143c0) 24 bytes (file: link.c, line: 99) - 5209
FREE (0x100412a70) 128 bytes (file: db.c, line: 659) - 5081
MALLOC (0x100412a70) 128 bytes (file: util.c, line: 779) - 5209
MALLOC (0x1004143e0) 56 bytes (file: statement.c, line: 142) - 5265
MALLOC (0x100414420) 24 bytes (file: link.c, line: 99) - 5289
FREE (0x100412a70) 128 bytes (file: db.c, line: 659) - 5161
MALLOC (0x100412a70) 128 bytes (file: util.c, line: 779) - 5289
MALLOC (0x100414440) 56 bytes (file: statement.c, line: 142) - 5345
MALLOC (0x100414480) 24 bytes (file: link.c, line: 99) - 5369
FREE (0x100412a70) 128 bytes (file: db.c, line: 659) - 5241
MALLOC (0x100412a70) 128 bytes (file: util.c, line: 779) - 5369
MALLOC (0x1004144a0) 56 bytes (file: statement.c, line: 142) - 5425
MALLOC (0x1004144e0) 24 bytes (file: link.c, line: 99) - 5449
FREE (0x100412a70) 128 bytes (file: db.c, line: 659) - 5321
MALLOC (0x100412a70) 128 bytes (file: util.c, line: 779) - 5449
MALLOC (0x100414500) 32 bytes (file: exclude.c, line: 945) - 5481
STRDUP (0x100414520) 30 bytes (file: exclude.c, line: 956) - 5511
FREE (0x100412a70) 128 bytes (file: db.c, line: 659) - 5383
MALLOC (0x100412a70) 128 bytes (file: util.c, line: 779) - 5511
STRDUP (0x100414540) 1 bytes (file: util.c, line: 1046) - 5512
STRDUP (0x100414550) 6 bytes (file: util.c, line: 1046) - 5518
FREE (0x100414540) 1 bytes (file: util.c, line: 1076) - 5517
FREE (0x100414550) 6 bytes (file: util.c, line: 1077) - 5511
MALLOC (0x100414560) 104 bytes (file: instance.c, line: 141) - 5615
STRDUP (0x100414550) 5 bytes (file: instance.c, line: 143) - 5620
MALLOC (0x1004145d0) 24 bytes (file: link.c, line: 304) - 5644
MALLOC (0x100414540) 16 bytes (file: link.c, line: 242) - 5660
MALLOC (0x1004145f0) 288 bytes (file: func_unit.c, line: 118) - 5948
STRDUP (0x100414710) 9 bytes (file: db.c, line: 611) - 5957
STRDUP (0x100414720) 14 bytes (file: db.c, line: 613) - 5971
MALLOC (0x100414730) 9 bytes (file: scope.c, line: 342) - 5980
MALLOC (0x100414740) 9 bytes (file: scope.c, line: 343) - 5989
STRDUP (0x100414750) 5 bytes (file: util.c, line: 1046) - 5994
STRDUP (0x100414760) 5 bytes (file: util.c, line: 1046) - 5999
FREE (0x100414750) 5 bytes (file: util.c, line: 1076) - 5994
FREE (0x100414760) 5 bytes (file: util.c, line: 1077) - 5989
FREE (0x100414730) 9 bytes (file: scope.c, line: 355) - 5980
FREE (0x100414740) 9 bytes (file: scope.c, line: 356) - 5971
STRDUP (0x100414740) 9 bytes (file: scope.c, line: 386) - 5980
STRDUP (0x100414730) 9 bytes (file: scope.c, line: 387) - 5989
STRDUP (0x100414750) 9 bytes (file: scope.c, line: 388) - 5998
STRDUP (0x100414760) 5 bytes (file: util.c, line: 1046) - 6003
STRDUP (0x100414770) 5 bytes (file: util.c, line: 1046) - 6008
FREE (0x100414760) 5 bytes (file: util.c, line: 1076) - 6003
FREE (0x100414770) 5 bytes (file: util.c, line: 1077) - 5998
FREE (0x100414740) 9 bytes (file: scope.c, line: 398) - 5989
FREE (0x100414730) 9 bytes (file: scope.c, line: 399) - 5980
FREE (0x100414750) 9 bytes (file: scope.c, line: 400) - 5971
MALLOC (0x100414750) 16 bytes (file: link.c, line: 242) - 5987
FREE (0x100412a70) 128 bytes (file: db.c, line: 659) - 5859
MALLOC (0x100412a70) 128 bytes (file: util.c, line: 779) - 5987
MALLOC (0x100414780) 96 bytes (file: expr.c, line: 644) - 6083
MALLOC (0x100414730) 8 bytes (file: expr.c, line: 658) - 6091
MALLOC (0x100414740) 16 bytes (file: expr.c, line: 662) - 6107
MALLOC (0x100414760) 16 bytes (file: vector.c, line: 204) - 6123
MALLOC (0x100414770) 8 bytes (file: vector.c, line: 214) - 6131
MALLOC (0x1004147e0) 16 bytes (file: vector.c, line: 216) - 6147
FREE (0x100414740) 16 bytes (file: vector.c, line: 5339) - 6131
MALLOC (0x100414740) 16 bytes (file: link.c, line: 155) - 6147
FREE (0x100412a70) 128 bytes (file: db.c, line: 659) - 6019
MALLOC (0x100412a70) 128 bytes (file: util.c, line: 779) - 6147
MALLOC (0x1004147f0) 96 bytes (file: expr.c, line: 644) - 6243
MALLOC (0x100414850) 8 bytes (file: expr.c, line: 658) - 6251
MALLOC (0x100414860) 16 bytes (file: expr.c, line: 662) - 6267
MALLOC (0x100414870) 16 bytes (file: vector.c, line: 204) - 6283
MALLOC (0x100414880) 8 bytes (file: vector.c, line: 214) - 6291
MALLOC (0x100414890) 48 bytes (file: vector.c, line: 216) - 6339
FREE (0x100414890) 48 bytes (file: vector.c, line: 5302) - 6291
FREE (0x100414880) 8 bytes (file: vector.c, line: 5304) - 6283
FREE (0x100414860) 16 bytes (file: vector.c, line: 5339) - 6267
MALLOC (0x100414880) 56 bytes (file: binding.c, line: 131) - 6323
STRDUP (0x100414860) 2 bytes (file: binding.c, line: 133) - 6325
MALLOC (0x1004148c0) 16 bytes (file: link.c, line: 155) - 6341
FREE (0x100412a70) 128 bytes (file: db.c, line: 659) - 6213
MALLOC (0x100412a70) 128 bytes (file: util.c, line: 779) - 6341
MALLOC (0x1004148d0) 96 bytes (file: expr.c, line: 644) - 6437
MALLOC (0x100414930) 8 bytes (file: expr.c, line: 658) - 6445
MALLOC (0x100414940) 16 bytes (file: expr.c, line: 662) - 6461
FREE (0x100414940) 16 bytes (file: vector.c, line: 5339) - 6445
MALLOC (0x100414940) 16 bytes (file: link.c, line: 155) - 6461
FREE (0x100412a70) 128 bytes (file: db.c, line: 659) - 6333
MALLOC (0x100412a70) 128 bytes (file: util.c, line: 779) - 6461
MALLOC (0x100414950) 96 bytes (file: expr.c, line: 644) - 6557
MALLOC (0x1004149b0) 8 bytes (file: expr.c, line: 658) - 6565
MALLOC (0x1004149c0) 16 bytes (file: expr.c, line: 662) - 6581
MALLOC (0x1004149d0) 16 bytes (file: vector.c, line: 204) - 6597
MALLOC (0x1004149e0) 8 bytes (file: vector.c, line: 214) - 6605
MALLOC (0x1004149f0) 16 bytes (file: vector.c, line: 216) - 6621
FREE (0x1004149c0) 16 bytes (file: vector.c, line: 5339) - 6605
MALLOC (0x1004149c0) 16 bytes (file: link.c, line: 155) - 6621
FREE (0x100412a70) 128 bytes (file: db.c, line: 659) - 6493
MALLOC (0x100412a70) 128 bytes (file: util.c, line: 779) - 6621
MALLOC (0x100414a00) 96 bytes (file: expr.c, line: 644) - 6717
MALLOC (0x100414a60) 8 bytes (file: expr.c, line: 658) - 6725
MALLOC (0x100414a70) 16 bytes (file: expr.c, line: 662) - 6741
MALLOC (0x100414a80) 16 bytes (file: vector.c, line: 204) - 6757
MALLOC (0x100414a90) 8 bytes (file: vector.c, line: 214) - 6765
MALLOC (0x100414aa0) 48 bytes (file: vector.c, line: 216) - 6813
FREE (0x100414aa0) 48 bytes (file: vector.c, line: 5302) - 6765
FREE (0x100414a90) 8 bytes (file: vector.c, line: 5304) - 6757
FREE (0x100414a70) 16 bytes (file: vector.c, line: 5339) - 6741
MALLOC (0x100414a90) 56 bytes (file: binding.c, line: 131) - 6797
STRDUP (0x100414a70) 2 bytes (file: binding.c, line: 133) - 6799
MALLOC (0x100414ad0) 16 bytes (file: link.c, line: 155) - 6815
FREE (0x100412a70) 128 bytes (file: db.c, line: 659) - 6687
MALLOC (0x100412a70) 128 bytes (file: util.c, line: 779) - 6815
MALLOC (0x100414ae0) 96 bytes (file: expr.c, line: 644) - 6911
MALLOC (0x100414b40) 8 bytes (file: expr.c, line: 658) - 6919
MALLOC (0x100414b50) 16 bytes (file: expr.c, line: 662) - 6935
FREE (0x100414b50) 16 bytes (file: vector.c, line: 5339) - 6919
MALLOC (0x100414b50) 16 bytes (file: link.c, line: 155) - 6935
FREE (0x100412a70) 128 bytes (file: db.c, line: 659) - 6807
MALLOC (0x100412a70) 128 bytes (file: util.c, line: 779) - 6935
MALLOC (0x100414b60) 96 bytes (file: expr.c, line: 644) - 7031
MALLOC (0x100414bc0) 8 bytes (file: expr.c, line: 658) - 7039
MALLOC (0x100414bd0) 16 bytes (file: expr.c, line: 662) - 7055
MALLOC (0x100414be0) 16 bytes (file: vector.c, line: 204) - 7071
MALLOC (0x100414bf0) 8 bytes (file: vector.c, line: 214) - 7079
MALLOC (0x100414c00) 16 bytes (file: vector.c, line: 216) - 7095
FREE (0x100414bd0) 16 bytes (file: vector.c, line: 5339) - 7079
MALLOC (0x100414bd0) 16 bytes (file: link.c, line: 155) - 7095
FREE (0x100412a70) 128 bytes (file: db.c, line: 659) - 6967
MALLOC (0x100412a70) 128 bytes (file: util.c, line: 779) - 7095
MALLOC (0x100414c10) 96 bytes (file: expr.c, line: 644) - 7191
MALLOC (0x100414c70) 8 bytes (file: expr.c, line: 658) - 7199
MALLOC (0x100414c80) 16 bytes (file: expr.c, line: 662) - 7215
MALLOC (0x100414c90) 16 bytes (file: vector.c, line: 204) - 7231
MALLOC (0x100414ca0) 8 bytes (file: vector.c, line: 214) - 7239
MALLOC (0x100414cb0) 48 bytes (file: vector.c, line: 216) - 7287
FREE (0x100414c80) 16 bytes (file: vector.c, line: 5339) - 7271
MALLOC (0x100414c80) 16 bytes (file: link.c, line: 155) - 7287
FREE (0x100412a70) 128 bytes (file: db.c, line: 659) - 7159
MALLOC (0x100412a70) 128 bytes (file: util.c, line: 779) - 7287
MALLOC (0x100414ce0) 96 bytes (file: expr.c, line: 644) - 7383
MALLOC (0x100414d40) 8 bytes (file: expr.c, line: 658) - 7391
MALLOC (0x100414d50) 16 bytes (file: expr.c, line: 662) - 7407
MALLOC (0x100414d60) 16 bytes (file: vector.c, line: 204) - 7423
MALLOC (0x100414d70) 8 bytes (file: vector.c, line: 214) - 7431
MALLOC (0x100414d80) 16 bytes (file: vector.c, line: 216) - 7447
FREE (0x100414d50) 16 bytes (file: vector.c, line: 5339) - 7431
MALLOC (0x100414d50) 16 bytes (file: link.c, line: 155) - 7447
FREE (0x100412a70) 128 bytes (file: db.c, line: 659) - 7319
MALLOC (0x100412a70) 128 bytes (file: util.c, line: 779) - 7447
MALLOC (0x100414d90) 96 bytes (file: expr.c, line: 644) - 7543
MALLOC (0x100414df0) 8 bytes (file: expr.c, line: 658) - 7551
MALLOC (0x100414e00) 16 bytes (file: expr.c, line: 662) - 7567
MALLOC (0x100414e10) 16 bytes (file: vector.c, line: 204) - 7583
MALLOC (0x100414e20) 8 bytes (file: vector.c, line: 214) - 7591
MALLOC (0x100414e30) 48 bytes (file: vector.c, line: 216) - 7639
FREE (0x100414e30) 48 bytes (file: vector.c, line: 5302) - 7591
FREE (0x100414e20) 8 bytes (file: vector.c, line: 5304) - 7583
FREE (0x100414e00) 16 bytes (file: vector.c, line: 5339) - 7567
MALLOC (0x100414e20) 56 bytes (file: binding.c, line: 131) - 7623
STRDUP (0x100414e00) 2 bytes (file: binding.c, line: 133) - 7625
MALLOC (0x100414e60) 16 bytes (file: link.c, line: 155) - 7641
FREE (0x100412a70) 128 bytes (file: db.c, line: 659) - 7513
MALLOC (0x100412a70) 128 bytes (file: util.c, line: 779) - 7641
MALLOC (0x100414e70) 96 bytes (file: expr.c, line: 644) - 7737
MALLOC (0x100414ed0) 8 bytes (file: expr.c, line: 658) - 7745
MALLOC (0x100414ee0) 16 bytes (file: expr.c, line: 662) - 7761
FREE (0x100414ee0) 16 bytes (file: vector.c, line: 5339) - 7745
MALLOC (0x100414ee0) 16 bytes (file: link.c, line: 155) - 7761
FREE (0x100412a70) 128 bytes (file: db.c, line: 659) - 7633
MALLOC (0x100412a70) 128 bytes (file: util.c, line: 779) - 7761
MALLOC (0x100414ef0) 96 bytes (file: expr.c, line: 644) - 7857
MALLOC (0x100414f50) 8 bytes (file: expr.c, line: 658) - 7865
MALLOC (0x100414f60) 16 bytes (file: expr.c, line: 662) - 7881
MALLOC (0x100414f70) 16 bytes (file: vector.c, line: 204) - 7897
MALLOC (0x100414f80) 8 bytes (file: vector.c, line: 214) - 7905
MALLOC (0x100414f90) 16 bytes (file: vector.c, line: 216) - 7921
FREE (0x100414f60) 16 bytes (file: vector.c, line: 5339) - 7905
MALLOC (0x100414f60) 16 bytes (file: link.c, line: 155) - 7921
FREE (0x100412a70) 128 bytes (file: db.c, line: 659) - 7793
MALLOC (0x100412a70) 128 bytes (file: util.c, line: 779) - 7921
MALLOC (0x100414fa0) 96 bytes (file: expr.c, line: 644) - 8017
MALLOC (0x100415000) 8 bytes (file: expr.c, line: 658) - 8025
MALLOC (0x100415010) 16 bytes (file: expr.c, line: 662) - 8041
MALLOC (0x100415020) 16 bytes (file: vector.c, line: 204) - 8057
MALLOC (0x100415030) 8 bytes (file: vector.c, line: 214) - 8065
MALLOC (0x100415040) 48 bytes (file: vector.c, line: 216) - 8113
FREE (0x100415010) 16 bytes (file: vector.c, line: 5339) - 8097
MALLOC (0x100415010) 16 bytes (file: link.c, line: 155) - 8113
FREE (0x100412a70) 128 bytes (file: db.c, line: 659) - 7985
MALLOC (0x100412a70) 128 bytes (file: util.c, line: 779) - 8113
MALLOC (0x100415070) 96 bytes (file: expr.c, line: 644) - 8209
MALLOC (0x1004150d0) 8 bytes (file: expr.c, line: 658) - 8217
MALLOC (0x1004150e0) 16 bytes (file: expr.c, line: 662) - 8233
MALLOC (0x1004150f0) 16 bytes (file: vector.c, line: 204) - 8249
MALLOC (0x100415100) 8 bytes (file: vector.c, line: 214) - 8257
MALLOC (0x100415110) 48 bytes (file: vector.c, line: 216) - 8305
FREE (0x1004150f0) 16 bytes (file: expr.c, line: 603) - 8289
MALLOC (0x1004150f0) 16 bytes (file: vector.c, line: 204) - 8305
MALLOC (0x100415140) 8 bytes (file: vector.c, line: 214) - 8313
MALLOC (0x100415150) 48 bytes (file: vector.c, line: 216) - 8361
FREE (0x100415110) 48 bytes (file: vector.c, line: 5302) - 8313
FREE (0x100415100) 8 bytes (file: vector.c, line: 5304) - 8305
FREE (0x1004150e0) 16 bytes (file: vector.c, line: 5339) - 8289
MALLOC (0x1004150e0) 16 bytes (file: link.c, line: 155) - 8305
FREE (0x100412a70) 128 bytes (file: db.c, line: 659) - 8177
MALLOC (0x100412a70) 128 bytes (file: util.c, line: 779) - 8305
MALLOC (0x100415100) 56 bytes (file: statement.c, line: 142) - 8361
MALLOC (0x100415180) 24 bytes (file: statement.c, line: 200) - 8385
MALLOC (0x1004151a0) 24 bytes (file: statement.c, line: 200) - 8409
MALLOC (0x1004151c0) 24 bytes (file: link.c, line: 99) - 8433
FREE (0x100412a70) 128 bytes (file: db.c, line: 659) - 8305
MALLOC (0x100412a70) 128 bytes (file: util.c, line: 779) - 8433
MALLOC (0x1004151e0) 56 bytes (file: statement.c, line: 142) - 8489
MALLOC (0x100415220) 24 bytes (file: statement.c, line: 200) - 8513
FREE (0x100415180) 24 bytes (file: statement.c, line: 271) - 8489
FREE (0x1004151a0) 24 bytes (file: statement.c, line: 271) - 8465
MALLOC (0x1004151a0) 24 bytes (file: statement.c, line: 200) - 8489
MALLOC (0x100415180) 24 bytes (file: link.c, line: 99) - 8513
FREE (0x100412a70) 128 bytes (file: db.c, line: 659) - 8385
MALLOC (0x100412a70) 128 bytes (file: util.c, line: 779) - 8513
MALLOC (0x100415240) 56 bytes (file: statement.c, line: 142) - 8569
MALLOC (0x100415280) 24 bytes (file: statement.c, line: 200) - 8593
FREE (0x100415220) 24 bytes (file: statement.c, line: 271) - 8569
FREE (0x1004151a0) 24 bytes (file: statement.c, line: 271) - 8545
MALLOC (0x1004151a0) 24 bytes (file: link.c, line: 99) - 8569
FREE (0x100412a70) 128 bytes (file: db.c, line: 659) - 8441
MALLOC (0x100412a70) 128 bytes (file: util.c, line: 779) - 8569
MALLOC (0x1004152a0) 56 bytes (file: statement.c, line: 142) - 8625
MALLOC (0x100415220) 24 bytes (file: statement.c, line: 200) - 8649
FREE (0x100415280) 24 bytes (file: statement.c, line: 271) - 8625
MALLOC (0x100415280) 24 bytes (file: statement.c, line: 200) - 8649
MALLOC (0x1004152e0) 24 bytes (file: link.c, line: 99) - 8673
FREE (0x100412a70) 128 bytes (file: db.c, line: 659) - 8545
MALLOC (0x100412a70) 128 bytes (file: util.c, line: 779) - 8673
MALLOC (0x100415300) 56 bytes (file: statement.c, line: 142) - 8729
MALLOC (0x100415340) 24 bytes (file: statement.c, line: 200) - 8753
FREE (0x100415220) 24 bytes (file: statement.c, line: 271) - 8729
FREE (0x100415280) 24 bytes (file: statement.c, line: 271) - 8705
MALLOC (0x100415280) 24 bytes (file: link.c, line: 99) - 8729
FREE (0x100412a70) 128 bytes (file: db.c, line: 659) - 8601
MALLOC (0x100412a70) 128 bytes (file: util.c, line: 779) - 8729
MALLOC (0x100415360) 56 bytes (file: statement.c, line: 142) - 8785
FREE (0x100415340) 24 bytes (file: statement.c, line: 271) - 8761
MALLOC (0x100415340) 24 bytes (file: link.c, line: 99) - 8785
FREE (0x100412a70) 128 bytes (file: db.c, line: 659) - 8657
MALLOC (0x100412a70) 128 bytes (file: util.c, line: 779) - 8785
FREE (0x100412a70) 128 bytes (file: util.c, line: 796) - 8657
STRDUP (0x100415220) 5 bytes (file: util.c, line: 1046) - 8662
STRDUP (0x100415230) 5 bytes (file: util.c, line: 1046) - 8667
FREE (0x100415220) 5 bytes (file: util.c, line: 1076) - 8662
FREE (0x100415230) 5 bytes (file: util.c, line: 1077) - 8657
MALLOC (0x100412a70) 104 bytes (file: instance.c, line: 141) - 8761
STRDUP (0x100415230) 4 bytes (file: instance.c, line: 143) - 8765
MALLOC (0x100412ae0) 16 bytes (file: link.c, line: 242) - 8781
STRDUP (0x100415220) 2 bytes (file: scope.c, line: 124) - 8783
FREE (0x100415220) 2 bytes (file: scope.c, line: 175) - 8781
STRDUP (0x100415220) 2 bytes (file: scope.c, line: 209) - 8783
STRDUP (0x1004153a0) 2 bytes (file: util.c, line: 1046) - 8785
STRDUP (0x1004153b0) 2 bytes (file: util.c, line: 1046) - 8787
FREE (0x1004153a0) 2 bytes (file: util.c, line: 1076) - 8785
FREE (0x1004153b0) 2 bytes (file: util.c, line: 1077) - 8783
STRDUP (0x1004153b0) 2 bytes (file: util.c, line: 1046) - 8785
STRDUP (0x1004153a0) 2 bytes (file: util.c, line: 1046) - 8787
FREE (0x1004153b0) 2 bytes (file: util.c, line: 1076) - 8785
FREE (0x1004153a0) 2 bytes (file: util.c, line: 1077) - 8783
STRDUP (0x1004153a0) 2 bytes (file: util.c, line: 1046) - 8785
STRDUP (0x1004153b0) 2 bytes (file: util.c, line: 1046) - 8787
FREE (0x1004153a0) 2 bytes (file: util.c, line: 1076) - 8785
FREE (0x1004153b0) 2 bytes (file: util.c, line: 1077) - 8783
STRDUP (0x1004153b0) 2 bytes (file: util.c, line: 1046) - 8785
STRDUP (0x1004153a0) 2 bytes (file: util.c, line: 1046) - 8787
FREE (0x1004153b0) 2 bytes (file: util.c, line: 1076) - 8785
FREE (0x1004153a0) 2 bytes (file: util.c, line: 1077) - 8783
STRDUP (0x1004153a0) 2 bytes (file: util.c, line: 1046) - 8785
STRDUP (0x1004153b0) 2 bytes (file: util.c, line: 1046) - 8787
FREE (0x1004153a0) 2 bytes (file: util.c, line: 1076) - 8785
FREE (0x1004153b0) 2 bytes (file: util.c, line: 1077) - 8783
FREE (0x100415220) 2 bytes (file: scope.c, line: 272) - 8781
MALLOC (0x100415220) 16 bytes (file: link.c, line: 155) - 8797
STRDUP (0x1004153a0) 2 bytes (file: binding.c, line: 853) - 8799
FREE (0x100413340) 2 bytes (file: binding.c, line: 270) - 8797
FREE (0x100413360) 56 bytes (file: binding.c, line: 271) - 8741
STRDUP (0x100413340) 2 bytes (file: scope.c, line: 124) - 8743
FREE (0x100413340) 2 bytes (file: scope.c, line: 175) - 8741
STRDUP (0x100413340) 2 bytes (file: scope.c, line: 209) - 8743
STRDUP (0x1004153b0) 2 bytes (file: util.c, line: 1046) - 8745
STRDUP (0x100413360) 2 bytes (file: util.c, line: 1046) - 8747
FREE (0x1004153b0) 2 bytes (file: util.c, line: 1076) - 8745
FREE (0x100413360) 2 bytes (file: util.c, line: 1077) - 8743
STRDUP (0x100413360) 2 bytes (file: util.c, line: 1046) - 8745
STRDUP (0x1004153b0) 2 bytes (file: util.c, line: 1046) - 8747
FREE (0x100413360) 2 bytes (file: util.c, line: 1076) - 8745
FREE (0x1004153b0) 2 bytes (file: util.c, line: 1077) - 8743
STRDUP (0x1004153b0) 2 bytes (file: util.c, line: 1046) - 8745
STRDUP (0x100413360) 2 bytes (file: util.c, line: 1046) - 8747
FREE (0x1004153b0) 2 bytes (file: util.c, line: 1076) - 8745
FREE (0x100413360) 2 bytes (file: util.c, line: 1077) - 8743
STRDUP (0x100413360) 2 bytes (file: util.c, line: 1046) - 8745
STRDUP (0x1004153b0) 2 bytes (file: util.c, line: 1046) - 8747
FREE (0x100413360) 2 bytes (file: util.c, line: 1076) - 8745
FREE (0x1004153b0) 2 bytes (file: util.c, line: 1077) - 8743
FREE (0x100413340) 2 bytes (file: scope.c, line: 272) - 8741
MALLOC (0x100413340) 16 bytes (file: link.c, line: 155) - 8757
STRDUP (0x1004153b0) 2 bytes (file: binding.c, line: 853) - 8759
FREE (0x100413420) 2 bytes (file: binding.c, line: 270) - 8757
FREE (0x100413440) 56 bytes (file: binding.c, line: 271) - 8701
STRDUP (0x100413420) 2 bytes (file: scope.c, line: 124) - 8703
FREE (0x100413420) 2 bytes (file: scope.c, line: 175) - 8701
STRDUP (0x100413420) 2 bytes (file: scope.c, line: 209) - 8703
STRDUP (0x100413440) 2 bytes (file: util.c, line: 1046) - 8705
STRDUP (0x100413450) 2 bytes (file: util.c, line: 1046) - 8707
FREE (0x100413440) 2 bytes (file: util.c, line: 1076) - 8705
FREE (0x100413450) 2 bytes (file: util.c, line: 1077) - 8703
FREE (0x100413420) 2 bytes (file: scope.c, line: 272) - 8701
MALLOC (0x100413420) 16 bytes (file: link.c, line: 155) - 8717
STRDUP (0x100413440) 2 bytes (file: binding.c, line: 853) - 8719
FREE (0x100413530) 2 bytes (file: binding.c, line: 270) - 8717
FREE (0x100413630) 56 bytes (file: binding.c, line: 271) - 8661
STRDUP (0x100413530) 2 bytes (file: scope.c, line: 124) - 8663
FREE (0x100413530) 2 bytes (file: scope.c, line: 175) - 8661
STRDUP (0x100413530) 2 bytes (file: scope.c, line: 209) - 8663
STRDUP (0x100413450) 2 bytes (file: util.c, line: 1046) - 8665
STRDUP (0x100413460) 2 bytes (file: util.c, line: 1046) - 8667
FREE (0x100413450) 2 bytes (file: util.c, line: 1076) - 8665
FREE (0x100413460) 2 bytes (file: util.c, line: 1077) - 8663
STRDUP (0x100413460) 2 bytes (file: util.c, line: 1046) - 8665
STRDUP (0x100413450) 2 bytes (file: util.c, line: 1046) - 8667
FREE (0x100413460) 2 bytes (file: util.c, line: 1076) - 8665
FREE (0x100413450) 2 bytes (file: util.c, line: 1077) - 8663
STRDUP (0x100413450) 2 bytes (file: util.c, line: 1046) - 8665
STRDUP (0x100413460) 2 bytes (file: util.c, line: 1046) - 8667
FREE (0x100413450) 2 bytes (file: util.c, line: 1076) - 8665
FREE (0x100413460) 2 bytes (file: util.c, line: 1077) - 8663
STRDUP (0x100413460) 2 bytes (file: util.c, line: 1046) - 8665
STRDUP (0x100413450) 2 bytes (file: util.c, line: 1046) - 8667
FREE (0x100413460) 2 bytes (file: util.c, line: 1076) - 8665
FREE (0x100413450) 2 bytes (file: util.c, line: 1077) - 8663
STRDUP (0x100413450) 2 bytes (file: util.c, line: 1046) - 8665
STRDUP (0x100413460) 2 bytes (file: util.c, line: 1046) - 8667
FREE (0x100413450) 2 bytes (file: util.c, line: 1076) - 8665
FREE (0x100413460) 2 bytes (file: util.c, line: 1077) - 8663
FREE (0x100413530) 2 bytes (file: scope.c, line: 272) - 8661
MALLOC (0x100413530) 16 bytes (file: link.c, line: 155) - 8677
STRDUP (0x100413450) 2 bytes (file: binding.c, line: 853) - 8679
FREE (0x100413730) 2 bytes (file: binding.c, line: 270) - 8677
FREE (0x100413750) 56 bytes (file: binding.c, line: 271) - 8621
STRDUP (0x100413730) 2 bytes (file: scope.c, line: 124) - 8623
FREE (0x100413730) 2 bytes (file: scope.c, line: 175) - 8621
STRDUP (0x100413730) 2 bytes (file: scope.c, line: 209) - 8623
STRDUP (0x100413460) 2 bytes (file: util.c, line: 1046) - 8625
STRDUP (0x100413470) 2 bytes (file: util.c, line: 1046) - 8627
FREE (0x100413460) 2 bytes (file: util.c, line: 1076) - 8625
FREE (0x100413470) 2 bytes (file: util.c, line: 1077) - 8623
STRDUP (0x100413470) 2 bytes (file: util.c, line: 1046) - 8625
STRDUP (0x100413460) 2 bytes (file: util.c, line: 1046) - 8627
FREE (0x100413470) 2 bytes (file: util.c, line: 1076) - 8625
FREE (0x100413460) 2 bytes (file: util.c, line: 1077) - 8623
STRDUP (0x100413460) 2 bytes (file: util.c, line: 1046) - 8625
STRDUP (0x100413470) 2 bytes (file: util.c, line: 1046) - 8627
FREE (0x100413460) 2 bytes (file: util.c, line: 1076) - 8625
FREE (0x100413470) 2 bytes (file: util.c, line: 1077) - 8623
STRDUP (0x100413470) 2 bytes (file: util.c, line: 1046) - 8625
STRDUP (0x100413460) 2 bytes (file: util.c, line: 1046) - 8627
FREE (0x100413470) 2 bytes (file: util.c, line: 1076) - 8625
FREE (0x100413460) 2 bytes (file: util.c, line: 1077) - 8623
FREE (0x100413730) 2 bytes (file: scope.c, line: 272) - 8621
MALLOC (0x100413730) 16 bytes (file: link.c, line: 155) - 8637
STRDUP (0x100413460) 2 bytes (file: binding.c, line: 853) - 8639
FREE (0x100413810) 2 bytes (file: binding.c, line: 270) - 8637
FREE (0x100413830) 56 bytes (file: binding.c, line: 271) - 8581
STRDUP (0x100413810) 2 bytes (file: scope.c, line: 124) - 8583
FREE (0x100413810) 2 bytes (file: scope.c, line: 175) - 8581
STRDUP (0x100413810) 2 bytes (file: scope.c, line: 209) - 8583
STRDUP (0x100413470) 2 bytes (file: util.c, line: 1046) - 8585
STRDUP (0x100413830) 2 bytes (file: util.c, line: 1046) - 8587
FREE (0x100413470) 2 bytes (file: util.c, line: 1076) - 8585
FREE (0x100413830) 2 bytes (file: util.c, line: 1077) - 8583
STRDUP (0x100413830) 2 bytes (file: util.c, line: 1046) - 8585
STRDUP (0x100413470) 2 bytes (file: util.c, line: 1046) - 8587
FREE (0x100413830) 2 bytes (file: util.c, line: 1076) - 8585
FREE (0x100413470) 2 bytes (file: util.c, line: 1077) - 8583
FREE (0x100413810) 2 bytes (file: scope.c, line: 272) - 8581
MALLOC (0x100413810) 16 bytes (file: link.c, line: 155) - 8597
STRDUP (0x100413470) 2 bytes (file: binding.c, line: 853) - 8599
FREE (0x100413920) 2 bytes (file: binding.c, line: 270) - 8597
FREE (0x100413a20) 56 bytes (file: binding.c, line: 271) - 8541
STRDUP (0x100413920) 2 bytes (file: scope.c, line: 124) - 8543
FREE (0x100413920) 2 bytes (file: scope.c, line: 175) - 8541
STRDUP (0x100413920) 2 bytes (file: scope.c, line: 209) - 8543
STRDUP (0x100413a20) 2 bytes (file: util.c, line: 1046) - 8545
STRDUP (0x100413a30) 2 bytes (file: util.c, line: 1046) - 8547
FREE (0x100413a20) 2 bytes (file: util.c, line: 1076) - 8545
FREE (0x100413a30) 2 bytes (file: util.c, line: 1077) - 8543
STRDUP (0x100413a30) 2 bytes (file: util.c, line: 1046) - 8545
STRDUP (0x100413a20) 2 bytes (file: util.c, line: 1046) - 8547
FREE (0x100413a30) 2 bytes (file: util.c, line: 1076) - 8545
FREE (0x100413a20) 2 bytes (file: util.c, line: 1077) - 8543
STRDUP (0x100413a20) 2 bytes (file: util.c, line: 1046) - 8545
STRDUP (0x100413a30) 2 bytes (file: util.c, line: 1046) - 8547
FREE (0x100413a20) 2 bytes (file: util.c, line: 1076) - 8545
FREE (0x100413a30) 2 bytes (file: util.c, line: 1077) - 8543
STRDUP (0x100413a30) 2 bytes (file: util.c, line: 1046) - 8545
STRDUP (0x100413a20) 2 bytes (file: util.c, line: 1046) - 8547
FREE (0x100413a30) 2 bytes (file: util.c, line: 1076) - 8545
FREE (0x100413a20) 2 bytes (file: util.c, line: 1077) - 8543
STRDUP (0x100413a20) 2 bytes (file: util.c, line: 1046) - 8545
STRDUP (0x100413a30) 2 bytes (file: util.c, line: 1046) - 8547
FREE (0x100413a20) 2 bytes (file: util.c, line: 1076) - 8545
FREE (0x100413a30) 2 bytes (file: util.c, line: 1077) - 8543
FREE (0x100413920) 2 bytes (file: scope.c, line: 272) - 8541
MALLOC (0x100413920) 16 bytes (file: link.c, line: 155) - 8557
STRDUP (0x100413a20) 2 bytes (file: binding.c, line: 853) - 8559
FREE (0x100413b20) 2 bytes (file: binding.c, line: 270) - 8557
FREE (0x100413b40) 56 bytes (file: binding.c, line: 271) - 8501
STRDUP (0x100413b20) 2 bytes (file: scope.c, line: 124) - 8503
FREE (0x100413b20) 2 bytes (file: scope.c, line: 175) - 8501
STRDUP (0x100413b20) 2 bytes (file: scope.c, line: 209) - 8503
STRDUP (0x100413a30) 2 bytes (file: util.c, line: 1046) - 8505
STRDUP (0x100413a40) 2 bytes (file: util.c, line: 1046) - 8507
FREE (0x100413a30) 2 bytes (file: util.c, line: 1076) - 8505
FREE (0x100413a40) 2 bytes (file: util.c, line: 1077) - 8503
STRDUP (0x100413a40) 2 bytes (file: util.c, line: 1046) - 8505
STRDUP (0x100413a30) 2 bytes (file: util.c, line: 1046) - 8507
FREE (0x100413a40) 2 bytes (file: util.c, line: 1076) - 8505
FREE (0x100413a30) 2 bytes (file: util.c, line: 1077) - 8503
STRDUP (0x100413a30) 2 bytes (file: util.c, line: 1046) - 8505
STRDUP (0x100413a40) 2 bytes (file: util.c, line: 1046) - 8507
FREE (0x100413a30) 2 bytes (file: util.c, line: 1076) - 8505
FREE (0x100413a40) 2 bytes (file: util.c, line: 1077) - 8503
STRDUP (0x100413a40) 2 bytes (file: util.c, line: 1046) - 8505
STRDUP (0x100413a30) 2 bytes (file: util.c, line: 1046) - 8507
FREE (0x100413a40) 2 bytes (file: util.c, line: 1076) - 8505
FREE (0x100413a30) 2 bytes (file: util.c, line: 1077) - 8503
FREE (0x100413b20) 2 bytes (file: scope.c, line: 272) - 8501
MALLOC (0x100413b20) 16 bytes (file: link.c, line: 155) - 8517
STRDUP (0x100413a30) 2 bytes (file: binding.c, line: 853) - 8519
FREE (0x100413c00) 2 bytes (file: binding.c, line: 270) - 8517
FREE (0x100413c20) 56 bytes (file: binding.c, line: 271) - 8461
STRDUP (0x100413c00) 2 bytes (file: scope.c, line: 124) - 8463
FREE (0x100413c00) 2 bytes (file: scope.c, line: 175) - 8461
STRDUP (0x100413c00) 2 bytes (file: scope.c, line: 209) - 8463
STRDUP (0x100413a40) 2 bytes (file: util.c, line: 1046) - 8465
STRDUP (0x100413a50) 2 bytes (file: util.c, line: 1046) - 8467
FREE (0x100413a40) 2 bytes (file: util.c, line: 1076) - 8465
FREE (0x100413a50) 2 bytes (file: util.c, line: 1077) - 8463
STRDUP (0x100413a50) 2 bytes (file: util.c, line: 1046) - 8465
STRDUP (0x100413a40) 2 bytes (file: util.c, line: 1046) - 8467
FREE (0x100413a50) 2 bytes (file: util.c, line: 1076) - 8465
FREE (0x100413a40) 2 bytes (file: util.c, line: 1077) - 8463
STRDUP (0x100413a40) 2 bytes (file: util.c, line: 1046) - 8465
STRDUP (0x100413a50) 2 bytes (file: util.c, line: 1046) - 8467
FREE (0x100413a40) 2 bytes (file: util.c, line: 1076) - 8465
FREE (0x100413a50) 2 bytes (file: util.c, line: 1077) - 8463
FREE (0x100413c00) 2 bytes (file: scope.c, line: 272) - 8461
MALLOC (0x100413c00) 16 bytes (file: link.c, line: 155) - 8477
STRDUP (0x100413a40) 2 bytes (file: binding.c, line: 853) - 8479
FREE (0x100413d10) 2 bytes (file: binding.c, line: 270) - 8477
FREE (0x100413e10) 56 bytes (file: binding.c, line: 271) - 8421
STRDUP (0x100413d10) 5 bytes (file: util.c, line: 1046) - 8426
STRDUP (0x100413a50) 5 bytes (file: util.c, line: 1046) - 8431
FREE (0x100413d10) 5 bytes (file: util.c, line: 1076) - 8426
FREE (0x100413a50) 5 bytes (file: util.c, line: 1077) - 8421
STRDUP (0x100413a50) 4 bytes (file: util.c, line: 1046) - 8425
STRDUP (0x100413d10) 4 bytes (file: util.c, line: 1046) - 8429
FREE (0x100413a50) 4 bytes (file: util.c, line: 1076) - 8425
FREE (0x100413d10) 4 bytes (file: util.c, line: 1077) - 8421
STRDUP (0x100413d10) 4 bytes (file: binding.c, line: 853) - 8425
FREE (0x100413f10) 4 bytes (file: binding.c, line: 270) - 8421
FREE (0x100413f70) 56 bytes (file: binding.c, line: 271) - 8365
STRDUP (0x100413f10) 2 bytes (file: scope.c, line: 124) - 8367
FREE (0x100413f10) 2 bytes (file: scope.c, line: 175) - 8365
STRDUP (0x100413f10) 2 bytes (file: scope.c, line: 209) - 8367
MALLOC (0x100413f70) 40 bytes (file: gen_item.c, line: 550) - 8407
FREE (0x100413f70) 40 bytes (file: gen_item.c, line: 1223) - 8367
STRDUP (0x100413fa0) 2 bytes (file: util.c, line: 1046) - 8369
STRDUP (0x100413a50) 2 bytes (file: util.c, line: 1046) - 8371
FREE (0x100413fa0) 2 bytes (file: util.c, line: 1076) - 8369
FREE (0x100413a50) 2 bytes (file: util.c, line: 1077) - 8367
STRDUP (0x100413a50) 2 bytes (file: util.c, line: 1046) - 8369
STRDUP (0x100413f70) 2 bytes (file: util.c, line: 1046) - 8371
FREE (0x100413a50) 2 bytes (file: util.c, line: 1076) - 8369
FREE (0x100413f70) 2 bytes (file: util.c, line: 1077) - 8367
STRDUP (0x100413f70) 2 bytes (file: util.c, line: 1046) - 8369
STRDUP (0x100413a50) 2 bytes (file: util.c, line: 1046) - 8371
FREE (0x100413f70) 2 bytes (file: util.c, line: 1076) - 8369
FREE (0x100413a50) 2 bytes (file: util.c, line: 1077) - 8367
STRDUP (0x100413a50) 2 bytes (file: util.c, line: 1046) - 8369
STRDUP (0x100413f70) 2 bytes (file: util.c, line: 1046) - 8371
FREE (0x100413a50) 2 bytes (file: util.c, line: 1076) - 8369
FREE (0x100413f70) 2 bytes (file: util.c, line: 1077) - 8367
FREE (0x100413f10) 2 bytes (file: scope.c, line: 272) - 8365
MALLOC (0x100413f10) 16 bytes (file: link.c, line: 155) - 8381
STRDUP (0x100413a50) 2 bytes (file: binding.c, line: 853) - 8383
FREE (0x100414860) 2 bytes (file: binding.c, line: 270) - 8381
FREE (0x100414880) 56 bytes (file: binding.c, line: 271) - 8325
STRDUP (0x100414860) 2 bytes (file: scope.c, line: 124) - 8327
FREE (0x100414860) 2 bytes (file: scope.c, line: 175) - 8325
STRDUP (0x100414860) 2 bytes (file: scope.c, line: 209) - 8327
MALLOC (0x100414880) 40 bytes (file: gen_item.c, line: 550) - 8367
FREE (0x100414880) 40 bytes (file: gen_item.c, line: 1223) - 8327
STRDUP (0x1004148b0) 2 bytes (file: util.c, line: 1046) - 8329
STRDUP (0x100413f70) 2 bytes (file: util.c, line: 1046) - 8331
FREE (0x1004148b0) 2 bytes (file: util.c, line: 1076) - 8329
FREE (0x100413f70) 2 bytes (file: util.c, line: 1077) - 8327
STRDUP (0x100413f70) 2 bytes (file: util.c, line: 1046) - 8329
STRDUP (0x100413f80) 2 bytes (file: util.c, line: 1046) - 8331
FREE (0x100413f70) 2 bytes (file: util.c, line: 1076) - 8329
FREE (0x100413f80) 2 bytes (file: util.c, line: 1077) - 8327
STRDUP (0x100413f80) 2 bytes (file: util.c, line: 1046) - 8329
STRDUP (0x100413f70) 2 bytes (file: util.c, line: 1046) - 8331
FREE (0x100413f80) 2 bytes (file: util.c, line: 1076) - 8329
FREE (0x100413f70) 2 bytes (file: util.c, line: 1077) - 8327
STRDUP (0x100413f70) 2 bytes (file: util.c, line: 1046) - 8329
STRDUP (0x100413f80) 2 bytes (file: util.c, line: 1046) - 8331
FREE (0x100413f70) 2 bytes (file: util.c, line: 1076) - 8329
FREE (0x100413f80) 2 bytes (file: util.c, line: 1077) - 8327
STRDUP (0x100413f80) 2 bytes (file: util.c, line: 1046) - 8329
STRDUP (0x100413f70) 2 bytes (file: util.c, line: 1046) - 8331
FREE (0x100413f80) 2 bytes (file: util.c, line: 1076) - 8329
FREE (0x100413f70) 2 bytes (file: util.c, line: 1077) - 8327
FREE (0x100414860) 2 bytes (file: scope.c, line: 272) - 8325
MALLOC (0x100414860) 16 bytes (file: link.c, line: 155) - 8341
STRDUP (0x100413f70) 2 bytes (file: binding.c, line: 853) - 8343
FREE (0x100414a70) 2 bytes (file: binding.c, line: 270) - 8341
FREE (0x100414a90) 56 bytes (file: binding.c, line: 271) - 8285
STRDUP (0x100414a70) 2 bytes (file: scope.c, line: 124) - 8287
FREE (0x100414a70) 2 bytes (file: scope.c, line: 175) - 8285
STRDUP (0x100414a70) 2 bytes (file: scope.c, line: 209) - 8287
MALLOC (0x100413f80) 40 bytes (file: gen_item.c, line: 550) - 8327
FREE (0x100413f80) 40 bytes (file: gen_item.c, line: 1223) - 8287
STRDUP (0x100414a90) 2 bytes (file: util.c, line: 1046) - 8289
STRDUP (0x100414aa0) 2 bytes (file: util.c, line: 1046) - 8291
FREE (0x100414a90) 2 bytes (file: util.c, line: 1076) - 8289
FREE (0x100414aa0) 2 bytes (file: util.c, line: 1077) - 8287
STRDUP (0x100414aa0) 2 bytes (file: util.c, line: 1046) - 8289
STRDUP (0x100414a90) 2 bytes (file: util.c, line: 1046) - 8291
FREE (0x100414aa0) 2 bytes (file: util.c, line: 1076) - 8289
FREE (0x100414a90) 2 bytes (file: util.c, line: 1077) - 8287
STRDUP (0x100414a90) 2 bytes (file: util.c, line: 1046) - 8289
STRDUP (0x100414aa0) 2 bytes (file: util.c, line: 1046) - 8291
FREE (0x100414a90) 2 bytes (file: util.c, line: 1076) - 8289
FREE (0x100414aa0) 2 bytes (file: util.c, line: 1077) - 8287
STRDUP (0x100414aa0) 2 bytes (file: util.c, line: 1046) - 8289
STRDUP (0x100414a90) 2 bytes (file: util.c, line: 1046) - 8291
FREE (0x100414aa0) 2 bytes (file: util.c, line: 1076) - 8289
FREE (0x100414a90) 2 bytes (file: util.c, line: 1077) - 8287
STRDUP (0x100414a90) 2 bytes (file: util.c, line: 1046) - 8289
STRDUP (0x100414aa0) 2 bytes (file: util.c, line: 1046) - 8291
FREE (0x100414a90) 2 bytes (file: util.c, line: 1076) - 8289
FREE (0x100414aa0) 2 bytes (file: util.c, line: 1077) - 8287
FREE (0x100414a70) 2 bytes (file: scope.c, line: 272) - 8285
MALLOC (0x100414a70) 16 bytes (file: link.c, line: 155) - 8301
STRDUP (0x100413f80) 2 bytes (file: binding.c, line: 853) - 8303
FREE (0x100414e00) 2 bytes (file: binding.c, line: 270) - 8301
FREE (0x100414e20) 56 bytes (file: binding.c, line: 271) - 8245
Exclusion ID: E03, Status: EXCLUDED
STRDUP (0x100413f90) 30 bytes (file: report.c, line: 1026) - 8275
MALLOC (0x100414e00) 3 bytes (file: report.c, line: 1030) - 8278

  This expression is not needed 

FREE (0x100413f90) 30 bytes (file: report.c, line: 1067) - 8248
FREE (0x100414e00) 3 bytes (file: report.c, line: 1068) - 8245
STRDUP (0x100414e00) 6 bytes (file: util.c, line: 1046) - 8251
STRDUP (0x100413f90) 6 bytes (file: util.c, line: 1046) - 8257
FREE (0x100414e00) 6 bytes (file: util.c, line: 1076) - 8251
FREE (0x100413f90) 6 bytes (file: util.c, line: 1077) - 8245
FREE (0x100412ef0) 6 bytes (file: instance.c, line: 1476) - 8239
FREE (0x100412e80) 104 bytes (file: instance.c, line: 1497) - 8135
FREE (0x100412f00) 24 bytes (file: link.c, line: 1253) - 8111
STRDUP (0x100414e00) 5 bytes (file: util.c, line: 1046) - 8116
STRDUP (0x100413f90) 5 bytes (file: util.c, line: 1046) - 8121
FREE (0x100414e00) 5 bytes (file: util.c, line: 1076) - 8116
FREE (0x100413f90) 5 bytes (file: util.c, line: 1077) - 8111
FREE (0x100415230) 4 bytes (file: instance.c, line: 1476) - 8107
FREE (0x100412a70) 104 bytes (file: instance.c, line: 1497) - 8003
FREE (0x100414550) 5 bytes (file: instance.c, line: 1476) - 7998
FREE (0x100414560) 104 bytes (file: instance.c, line: 1497) - 7894
FREE (0x1004145d0) 24 bytes (file: link.c, line: 1253) - 7870
FREE (0x100412e60) 6 bytes (file: func_unit.c, line: 1717) - 7864
FREE (0x100412e70) 3 bytes (file: func_unit.c, line: 1723) - 7861
FREE (0x1004130a0) 288 bytes (file: func_unit.c, line: 1768) - 7573
FREE (0x100412f20) 16 bytes (file: link.c, line: 1196) - 7557
FREE (0x1004140b0) 2 bytes (file: vsignal.c, line: 763) - 7555
FREE (0x100413fc0) 8 bytes (file: vsignal.c, line: 767) - 7547
FREE (0x100413ff0) 48 bytes (file: vector.c, line: 5302) - 7499
FREE (0x100413fe0) 8 bytes (file: vector.c, line: 5304) - 7491
FREE (0x100413fd0) 16 bytes (file: vector.c, line: 5339) - 7475
FREE (0x100413420) 16 bytes (file: link.c, line: 1108) - 7459
FREE (0x100414020) 64 bytes (file: vsignal.c, line: 784) - 7395
FREE (0x100414060) 16 bytes (file: link.c, line: 1138) - 7379
FREE (0x100414170) 2 bytes (file: vsignal.c, line: 763) - 7377
FREE (0x100414070) 8 bytes (file: vsignal.c, line: 767) - 7369
FREE (0x1004140c0) 48 bytes (file: vector.c, line: 5302) - 7321
FREE (0x100414090) 8 bytes (file: vector.c, line: 5304) - 7313
FREE (0x100414080) 16 bytes (file: vector.c, line: 5339) - 7297
FREE (0x100413810) 16 bytes (file: link.c, line: 1108) - 7281
FREE (0x1004140f0) 64 bytes (file: vsignal.c, line: 784) - 7217
FREE (0x1004140a0) 16 bytes (file: link.c, line: 1138) - 7201
FREE (0x100414230) 2 bytes (file: vsignal.c, line: 763) - 7199
FREE (0x100414130) 8 bytes (file: vsignal.c, line: 767) - 7191
FREE (0x100414180) 48 bytes (file: vector.c, line: 5302) - 7143
FREE (0x100414150) 8 bytes (file: vector.c, line: 5304) - 7135
FREE (0x100414140) 16 bytes (file: vector.c, line: 5339) - 7119
FREE (0x100413c00) 16 bytes (file: link.c, line: 1108) - 7103
FREE (0x1004141b0) 64 bytes (file: vsignal.c, line: 784) - 7039
FREE (0x100414160) 16 bytes (file: link.c, line: 1138) - 7023
FREE (0x1004142f0) 2 bytes (file: vsignal.c, line: 763) - 7021
FREE (0x1004141f0) 8 bytes (file: vsignal.c, line: 767) - 7013
FREE (0x100414240) 48 bytes (file: vector.c, line: 5302) - 6965
FREE (0x100414210) 8 bytes (file: vector.c, line: 5304) - 6957
FREE (0x100414200) 16 bytes (file: vector.c, line: 5339) - 6941
FREE (0x100413340) 16 bytes (file: link.c, line: 1108) - 6925
FREE (0x100413730) 16 bytes (file: link.c, line: 1108) - 6909
FREE (0x100413b20) 16 bytes (file: link.c, line: 1108) - 6893
FREE (0x100413f10) 16 bytes (file: link.c, line: 1108) - 6877
FREE (0x100414270) 64 bytes (file: vsignal.c, line: 784) - 6813
FREE (0x100414220) 16 bytes (file: link.c, line: 1138) - 6797
FREE (0x1004143b0) 2 bytes (file: vsignal.c, line: 763) - 6795
FREE (0x1004142b0) 8 bytes (file: vsignal.c, line: 767) - 6787
FREE (0x100414300) 48 bytes (file: vector.c, line: 5302) - 6739
FREE (0x1004142d0) 8 bytes (file: vector.c, line: 5304) - 6731
FREE (0x1004142c0) 16 bytes (file: vector.c, line: 5339) - 6715
FREE (0x100415220) 16 bytes (file: link.c, line: 1108) - 6699
FREE (0x100413530) 16 bytes (file: link.c, line: 1108) - 6683
FREE (0x100413920) 16 bytes (file: link.c, line: 1108) - 6667
FREE (0x100414860) 16 bytes (file: link.c, line: 1108) - 6651
FREE (0x100414a70) 16 bytes (file: link.c, line: 1108) - 6635
FREE (0x100414330) 64 bytes (file: vsignal.c, line: 784) - 6571
FREE (0x1004142e0) 16 bytes (file: link.c, line: 1138) - 6555
FREE (0x100413350) 16 bytes (file: vector.c, line: 5339) - 6539
FREE (0x100412f50) 8 bytes (file: expr.c, line: 6306) - 6531
FREE (0x1004153a0) 2 bytes (file: expr.c, line: 6309) - 6529
FREE (0x1004132e0) 96 bytes (file: expr.c, line: 6312) - 6433
FREE (0x1004133a0) 16 bytes (file: link.c, line: 1108) - 6417
FREE (0x100413430) 16 bytes (file: vector.c, line: 5339) - 6401
FREE (0x100413410) 8 bytes (file: expr.c, line: 6306) - 6393
FREE (0x1004153b0) 2 bytes (file: expr.c, line: 6309) - 6391
FREE (0x1004133b0) 96 bytes (file: expr.c, line: 6312) - 6295
FREE (0x100413480) 16 bytes (file: link.c, line: 1108) - 6279
FREE (0x100413570) 48 bytes (file: vector.c, line: 5302) - 6231
FREE (0x100413560) 8 bytes (file: vector.c, line: 5304) - 6223
FREE (0x100413510) 16 bytes (file: vector.c, line: 5339) - 6207
FREE (0x1004134f0) 8 bytes (file: expr.c, line: 6306) - 6199
FREE (0x100413490) 96 bytes (file: expr.c, line: 6312) - 6103
FREE (0x100413500) 16 bytes (file: link.c, line: 1108) - 6087
FREE (0x100413540) 16 bytes (file: vector.c, line: 5339) - 6071
FREE (0x100413520) 8 bytes (file: expr.c, line: 6306) - 6063
FREE (0x100413440) 2 bytes (file: expr.c, line: 6309) - 6061
FREE (0x1004135a0) 96 bytes (file: expr.c, line: 6312) - 5965
FREE (0x100413550) 16 bytes (file: link.c, line: 1108) - 5949
FREE (0x100413600) 8 bytes (file: expr.c, line: 6306) - 5941
FREE (0x100413670) 96 bytes (file: expr.c, line: 6312) - 5845
FREE (0x100413610) 16 bytes (file: link.c, line: 1108) - 5829
FREE (0x100413740) 16 bytes (file: vector.c, line: 5339) - 5813
FREE (0x100413620) 8 bytes (file: expr.c, line: 6306) - 5805
FREE (0x100413450) 2 bytes (file: expr.c, line: 6309) - 5803
FREE (0x1004136d0) 96 bytes (file: expr.c, line: 6312) - 5707
FREE (0x100413790) 16 bytes (file: link.c, line: 1108) - 5691
FREE (0x100413820) 16 bytes (file: vector.c, line: 5339) - 5675
FREE (0x100413800) 8 bytes (file: expr.c, line: 6306) - 5667
FREE (0x100413460) 2 bytes (file: expr.c, line: 6309) - 5665
FREE (0x1004137a0) 96 bytes (file: expr.c, line: 6312) - 5569
FREE (0x100413870) 16 bytes (file: link.c, line: 1108) - 5553
FREE (0x100413960) 48 bytes (file: vector.c, line: 5302) - 5505
FREE (0x100413950) 8 bytes (file: vector.c, line: 5304) - 5497
FREE (0x100413900) 16 bytes (file: vector.c, line: 5339) - 5481
FREE (0x1004138e0) 8 bytes (file: expr.c, line: 6306) - 5473
FREE (0x100413880) 96 bytes (file: expr.c, line: 6312) - 5377
FREE (0x1004138f0) 16 bytes (file: link.c, line: 1108) - 5361
FREE (0x100413930) 16 bytes (file: vector.c, line: 5339) - 5345
FREE (0x100413910) 8 bytes (file: expr.c, line: 6306) - 5337
FREE (0x100413470) 2 bytes (file: expr.c, line: 6309) - 5335
FREE (0x100413990) 96 bytes (file: expr.c, line: 6312) - 5239
FREE (0x100413940) 16 bytes (file: link.c, line: 1108) - 5223
FREE (0x1004139f0) 8 bytes (file: expr.c, line: 6306) - 5215
FREE (0x100413a60) 96 bytes (file: expr.c, line: 6312) - 5119
FREE (0x100413a00) 16 bytes (file: link.c, line: 1108) - 5103
FREE (0x100413b30) 16 bytes (file: vector.c, line: 5339) - 5087
FREE (0x100413a10) 8 bytes (file: expr.c, line: 6306) - 5079
FREE (0x100413a20) 2 bytes (file: expr.c, line: 6309) - 5077
FREE (0x100413ac0) 96 bytes (file: expr.c, line: 6312) - 4981
FREE (0x100413b80) 16 bytes (file: link.c, line: 1108) - 4965
FREE (0x100413c10) 16 bytes (file: vector.c, line: 5339) - 4949
FREE (0x100413bf0) 8 bytes (file: expr.c, line: 6306) - 4941
FREE (0x100413a30) 2 bytes (file: expr.c, line: 6309) - 4939
FREE (0x100413b90) 96 bytes (file: expr.c, line: 6312) - 4843
FREE (0x100413c60) 16 bytes (file: link.c, line: 1108) - 4827
FREE (0x100413d50) 48 bytes (file: vector.c, line: 5302) - 4779
FREE (0x100413d40) 8 bytes (file: vector.c, line: 5304) - 4771
FREE (0x100413cf0) 16 bytes (file: vector.c, line: 5339) - 4755
FREE (0x100413cd0) 8 bytes (file: expr.c, line: 6306) - 4747
FREE (0x100413c70) 96 bytes (file: expr.c, line: 6312) - 4651
FREE (0x100413ce0) 16 bytes (file: link.c, line: 1108) - 4635
FREE (0x100413d20) 16 bytes (file: vector.c, line: 5339) - 4619
FREE (0x100413d00) 8 bytes (file: expr.c, line: 6306) - 4611
FREE (0x100413a40) 2 bytes (file: expr.c, line: 6309) - 4609
FREE (0x100413d80) 96 bytes (file: expr.c, line: 6312) - 4513
FREE (0x100413d30) 16 bytes (file: link.c, line: 1108) - 4497
FREE (0x100413de0) 8 bytes (file: expr.c, line: 6306) - 4489
FREE (0x100413e50) 96 bytes (file: expr.c, line: 6312) - 4393
FREE (0x100413df0) 16 bytes (file: link.c, line: 1108) - 4377
FREE (0x100413f40) 48 bytes (file: vector.c, line: 5302) - 4329
FREE (0x100413f30) 8 bytes (file: vector.c, line: 5304) - 4321
FREE (0x100413f20) 16 bytes (file: vector.c, line: 5339) - 4305
FREE (0x100413e00) 8 bytes (file: expr.c, line: 6306) - 4297
FREE (0x100413d10) 4 bytes (file: expr.c, line: 6309) - 4293
FREE (0x100413eb0) 96 bytes (file: expr.c, line: 6312) - 4197
FREE (0x100413fb0) 16 bytes (file: link.c, line: 1108) - 4181
FREE (0x100414370) 56 bytes (file: statement.c, line: 956) - 4125
FREE (0x1004143c0) 24 bytes (file: link.c, line: 1078) - 4101
FREE (0x1004143e0) 56 bytes (file: statement.c, line: 956) - 4045
FREE (0x100414420) 24 bytes (file: link.c, line: 1078) - 4021
FREE (0x100414440) 56 bytes (file: statement.c, line: 956) - 3965
FREE (0x100414480) 24 bytes (file: link.c, line: 1078) - 3941
FREE (0x1004144a0) 56 bytes (file: statement.c, line: 956) - 3885
FREE (0x1004144e0) 24 bytes (file: link.c, line: 1078) - 3861
FREE (0x100414750) 16 bytes (file: link.c, line: 1196) - 3845
FREE (0x100414520) 30 bytes (file: func_unit.c, line: 1706) - 3815
FREE (0x100414500) 32 bytes (file: func_unit.c, line: 1707) - 3783
FREE (0x100412f30) 5 bytes (file: func_unit.c, line: 1717) - 3778
FREE (0x100412f40) 14 bytes (file: func_unit.c, line: 1723) - 3764
FREE (0x1004131c0) 288 bytes (file: func_unit.c, line: 1768) - 3476
FREE (0x100414540) 16 bytes (file: link.c, line: 1196) - 3460
FREE (0x1004147e0) 16 bytes (file: vector.c, line: 5302) - 3444
FREE (0x100414770) 8 bytes (file: vector.c, line: 5304) - 3436
FREE (0x100414760) 16 bytes (file: vector.c, line: 5339) - 3420
FREE (0x100414730) 8 bytes (file: expr.c, line: 6306) - 3412
FREE (0x100414780) 96 bytes (file: expr.c, line: 6312) - 3316
FREE (0x100414740) 16 bytes (file: link.c, line: 1108) - 3300
FREE (0x100414870) 16 bytes (file: vector.c, line: 5339) - 3284
FREE (0x100414850) 8 bytes (file: expr.c, line: 6306) - 3276
FREE (0x100413a50) 2 bytes (file: expr.c, line: 6309) - 3274
FREE (0x1004147f0) 96 bytes (file: expr.c, line: 6312) - 3178
FREE (0x1004148c0) 16 bytes (file: link.c, line: 1108) - 3162
FREE (0x100414930) 8 bytes (file: expr.c, line: 6306) - 3154
FREE (0x1004148d0) 96 bytes (file: expr.c, line: 6312) - 3058
FREE (0x100414940) 16 bytes (file: link.c, line: 1108) - 3042
FREE (0x1004149f0) 16 bytes (file: vector.c, line: 5302) - 3026
FREE (0x1004149e0) 8 bytes (file: vector.c, line: 5304) - 3018
FREE (0x1004149d0) 16 bytes (file: vector.c, line: 5339) - 3002
FREE (0x1004149b0) 8 bytes (file: expr.c, line: 6306) - 2994
FREE (0x100414950) 96 bytes (file: expr.c, line: 6312) - 2898
FREE (0x1004149c0) 16 bytes (file: link.c, line: 1108) - 2882
FREE (0x100414a80) 16 bytes (file: vector.c, line: 5339) - 2866
FREE (0x100414a60) 8 bytes (file: expr.c, line: 6306) - 2858
FREE (0x100413f70) 2 bytes (file: expr.c, line: 6309) - 2856
FREE (0x100414a00) 96 bytes (file: expr.c, line: 6312) - 2760
FREE (0x100414ad0) 16 bytes (file: link.c, line: 1108) - 2744
FREE (0x100414b40) 8 bytes (file: expr.c, line: 6306) - 2736
FREE (0x100414ae0) 96 bytes (file: expr.c, line: 6312) - 2640
FREE (0x100414b50) 16 bytes (file: link.c, line: 1108) - 2624
FREE (0x100414c00) 16 bytes (file: vector.c, line: 5302) - 2608
FREE (0x100414bf0) 8 bytes (file: vector.c, line: 5304) - 2600
FREE (0x100414be0) 16 bytes (file: vector.c, line: 5339) - 2584
FREE (0x100414bc0) 8 bytes (file: expr.c, line: 6306) - 2576
FREE (0x100414b60) 96 bytes (file: expr.c, line: 6312) - 2480
FREE (0x100414bd0) 16 bytes (file: link.c, line: 1108) - 2464
FREE (0x100414cb0) 48 bytes (file: vector.c, line: 5302) - 2416
FREE (0x100414ca0) 8 bytes (file: vector.c, line: 5304) - 2408
FREE (0x100414c90) 16 bytes (file: vector.c, line: 5339) - 2392
FREE (0x100414c70) 8 bytes (file: expr.c, line: 6306) - 2384
FREE (0x100414c10) 96 bytes (file: expr.c, line: 6312) - 2288
FREE (0x100414c80) 16 bytes (file: link.c, line: 1108) - 2272
FREE (0x100414d80) 16 bytes (file: vector.c, line: 5302) - 2256
FREE (0x100414d70) 8 bytes (file: vector.c, line: 5304) - 2248
FREE (0x100414d60) 16 bytes (file: vector.c, line: 5339) - 2232
FREE (0x100414d40) 8 bytes (file: expr.c, line: 6306) - 2224
FREE (0x100414ce0) 96 bytes (file: expr.c, line: 6312) - 2128
FREE (0x100414d50) 16 bytes (file: link.c, line: 1108) - 2112
FREE (0x100414e10) 16 bytes (file: vector.c, line: 5339) - 2096
FREE (0x100414df0) 8 bytes (file: expr.c, line: 6306) - 2088
FREE (0x100413f80) 2 bytes (file: expr.c, line: 6309) - 2086
FREE (0x100414d90) 96 bytes (file: expr.c, line: 6312) - 1990
FREE (0x100414e60) 16 bytes (file: link.c, line: 1108) - 1974
FREE (0x100414ed0) 8 bytes (file: expr.c, line: 6306) - 1966
FREE (0x100414e70) 96 bytes (file: expr.c, line: 6312) - 1870
FREE (0x100414ee0) 16 bytes (file: link.c, line: 1108) - 1854
FREE (0x100414f90) 16 bytes (file: vector.c, line: 5302) - 1838
FREE (0x100414f80) 8 bytes (file: vector.c, line: 5304) - 1830
FREE (0x100414f70) 16 bytes (file: vector.c, line: 5339) - 1814
FREE (0x100414f50) 8 bytes (file: expr.c, line: 6306) - 1806
FREE (0x100414ef0) 96 bytes (file: expr.c, line: 6312) - 1710
FREE (0x100414f60) 16 bytes (file: link.c, line: 1108) - 1694
FREE (0x100415040) 48 bytes (file: vector.c, line: 5302) - 1646
FREE (0x100415030) 8 bytes (file: vector.c, line: 5304) - 1638
FREE (0x100415020) 16 bytes (file: vector.c, line: 5339) - 1622
FREE (0x100415000) 8 bytes (file: expr.c, line: 6306) - 1614
FREE (0x100414fa0) 96 bytes (file: expr.c, line: 6312) - 1518
FREE (0x100415010) 16 bytes (file: link.c, line: 1108) - 1502
FREE (0x100415150) 48 bytes (file: vector.c, line: 5302) - 1454
FREE (0x100415140) 8 bytes (file: vector.c, line: 5304) - 1446
FREE (0x1004150f0) 16 bytes (file: vector.c, line: 5339) - 1430
FREE (0x1004150d0) 8 bytes (file: expr.c, line: 6306) - 1422
FREE (0x100415070) 96 bytes (file: expr.c, line: 6312) - 1326
FREE (0x1004150e0) 16 bytes (file: link.c, line: 1108) - 1310
FREE (0x100415100) 56 bytes (file: statement.c, line: 956) - 1254
FREE (0x1004151c0) 24 bytes (file: link.c, line: 1078) - 1230
FREE (0x1004151e0) 56 bytes (file: statement.c, line: 956) - 1174
FREE (0x100415180) 24 bytes (file: link.c, line: 1078) - 1150
FREE (0x100415240) 56 bytes (file: statement.c, line: 956) - 1094
FREE (0x1004151a0) 24 bytes (file: link.c, line: 1078) - 1070
FREE (0x1004152a0) 56 bytes (file: statement.c, line: 956) - 1014
FREE (0x1004152e0) 24 bytes (file: link.c, line: 1078) - 990
FREE (0x100415300) 56 bytes (file: statement.c, line: 956) - 934
FREE (0x100415280) 24 bytes (file: link.c, line: 1078) - 910
FREE (0x100415360) 56 bytes (file: statement.c, line: 956) - 854
FREE (0x100415340) 24 bytes (file: link.c, line: 1078) - 830
FREE (0x100414710) 9 bytes (file: func_unit.c, line: 1717) - 821
FREE (0x100414720) 14 bytes (file: func_unit.c, line: 1723) - 807
FREE (0x1004145f0) 288 bytes (file: func_unit.c, line: 1768) - 519
FREE (0x100412ae0) 16 bytes (file: link.c, line: 1196) - 503
FREE (0x100412e50) 2 bytes (file: db.c, line: 257) - 501
FREE (0x100412af0) 8 bytes (file: db.c, line: 259) - 493
FREE (0x100412db0) 72 bytes (file: db.c, line: 267) - 421
FREE (0x100412f60) 3 bytes (file: link.c, line: 1000) - 418
FREE (0x100412fa0) 5 bytes (file: link.c, line: 1001) - 413
FREE (0x100412f70) 48 bytes (file: link.c, line: 1007) - 365
FREE (0x100412fb0) 5 bytes (file: link.c, line: 1000) - 360
FREE (0x100412ff0) 16 bytes (file: link.c, line: 1001) - 344
FREE (0x100412fc0) 48 bytes (file: link.c, line: 1007) - 296
FREE (0x100413000) 3 bytes (file: link.c, line: 1000) - 293
FREE (0x100413040) 14 bytes (file: link.c, line: 1001) - 279
FREE (0x100413010) 48 bytes (file: link.c, line: 1007) - 231
FREE (0x100413050) 3 bytes (file: link.c, line: 1000) - 228
FREE (0x100413090) 16 bytes (file: link.c, line: 1001) - 212
FREE (0x100413060) 48 bytes (file: link.c, line: 1007) - 164
FREE (0x100412e00) 72 bytes (file: db.c, line: 296) - 92
FREE (0x100412a20) 4 bytes (file: link.c, line: 1000) - 88
FREE (0x100412a30) 48 bytes (file: link.c, line: 1007) - 40
FREE (0x100412a60) 16 bytes (file: exclude.c, line: 1930) - 24
FREE (0x100412a00) 24 bytes (file: profiler.c, line: 133) - 0
curr_malloc_size: 0
