MALLOC (0x100412a00) 24 bytes (file: util.c, line: 1532) - 24
STRDUP (0x100412a20) 4 bytes (file: exclude.c, line: 872) - 28
MALLOC (0x100412a30) 48 bytes (file: link.c, line: 61) - 76
STRDUP (0x100412a60) 16 bytes (file: exclude.c, line: 862) - 92
MALLOC (0x100412a70) 128 bytes (file: util.c, line: 779) - 220
MALLOC (0x100412db0) 72 bytes (file: db.c, line: 212) - 292
REALLOC (0x0 -> 0x100412e00) 72 (0) bytes (file: db.c, line: 224) - 364
REALLOC (0x0 -> 0x100412af0) 8 (0) bytes (file: info.c, line: 275) - 372
STRDUP (0x100412e50) 2 bytes (file: info.c, line: 276) - 374
FREE (0x100412a70) 128 bytes (file: db.c, line: 659) - 246
MALLOC (0x100412a70) 128 bytes (file: util.c, line: 779) - 374
REALLOC (0x100412a70 -> 0x100412e60) 256 (128) bytes (file: util.c, line: 785) - 502
STRDUP (0x100412f60) 3 bytes (file: info.c, line: 106) - 505
MALLOC (0x100412f70) 48 bytes (file: link.c, line: 61) - 553
STRDUP (0x100412fa0) 5 bytes (file: info.c, line: 108) - 558
STRDUP (0x100412fb0) 5 bytes (file: info.c, line: 106) - 563
MALLOC (0x100412fc0) 48 bytes (file: link.c, line: 61) - 611
STRDUP (0x100412ff0) 16 bytes (file: info.c, line: 108) - 627
STRDUP (0x100413000) 3 bytes (file: info.c, line: 106) - 630
MALLOC (0x100413010) 48 bytes (file: link.c, line: 61) - 678
STRDUP (0x100413040) 14 bytes (file: info.c, line: 108) - 692
STRDUP (0x100413050) 3 bytes (file: info.c, line: 106) - 695
MALLOC (0x100413060) 48 bytes (file: link.c, line: 61) - 743
STRDUP (0x100413090) 16 bytes (file: info.c, line: 108) - 759
FREE (0x100412e60) 256 bytes (file: db.c, line: 659) - 503
MALLOC (0x100412a70) 128 bytes (file: util.c, line: 779) - 631
MALLOC (0x1004130a0) 288 bytes (file: func_unit.c, line: 118) - 919
STRDUP (0x100412e60) 6 bytes (file: db.c, line: 611) - 925
STRDUP (0x100412e70) 3 bytes (file: db.c, line: 613) - 928
FREE (0x100412a70) 128 bytes (file: db.c, line: 659) - 800
MALLOC (0x100412a70) 128 bytes (file: util.c, line: 779) - 928
MALLOC (0x100412e80) 104 bytes (file: instance.c, line: 141) - 1032
STRDUP (0x100412ef0) 6 bytes (file: instance.c, line: 143) - 1038
MALLOC (0x100412f00) 24 bytes (file: link.c, line: 304) - 1062
MALLOC (0x100412f20) 16 bytes (file: link.c, line: 242) - 1078
MALLOC (0x1004131c0) 288 bytes (file: func_unit.c, line: 118) - 1366
STRDUP (0x100412f30) 5 bytes (file: db.c, line: 611) - 1371
STRDUP (0x100412f40) 14 bytes (file: db.c, line: 613) - 1385
FREE (0x100412a70) 128 bytes (file: db.c, line: 659) - 1257
MALLOC (0x100412a70) 128 bytes (file: util.c, line: 779) - 1385
MALLOC (0x1004132e0) 96 bytes (file: expr.c, line: 644) - 1481
MALLOC (0x100412f50) 8 bytes (file: expr.c, line: 658) - 1489
MALLOC (0x100413340) 16 bytes (file: expr.c, line: 662) - 1505
MALLOC (0x100413350) 16 bytes (file: vector.c, line: 204) - 1521
MALLOC (0x100413360) 8 bytes (file: vector.c, line: 214) - 1529
MALLOC (0x100413370) 48 bytes (file: vector.c, line: 216) - 1577
FREE (0x100413340) 16 bytes (file: vector.c, line: 5339) - 1561
MALLOC (0x1004133a0) 56 bytes (file: binding.c, line: 131) - 1617
STRDUP (0x100413340) 4 bytes (file: binding.c, line: 133) - 1621
MALLOC (0x1004133e0) 16 bytes (file: link.c, line: 155) - 1637
FREE (0x100412a70) 128 bytes (file: db.c, line: 659) - 1509
MALLOC (0x100412a70) 128 bytes (file: util.c, line: 779) - 1637
MALLOC (0x1004133f0) 96 bytes (file: expr.c, line: 644) - 1733
MALLOC (0x100413450) 8 bytes (file: expr.c, line: 658) - 1741
MALLOC (0x100413460) 16 bytes (file: expr.c, line: 662) - 1757
MALLOC (0x100413470) 16 bytes (file: vector.c, line: 204) - 1773
MALLOC (0x100413480) 8 bytes (file: vector.c, line: 214) - 1781
MALLOC (0x100413490) 48 bytes (file: vector.c, line: 216) - 1829
FREE (0x100413460) 16 bytes (file: vector.c, line: 5339) - 1813
MALLOC (0x1004134c0) 56 bytes (file: binding.c, line: 131) - 1869
STRDUP (0x100413460) 4 bytes (file: binding.c, line: 133) - 1873
MALLOC (0x100413500) 16 bytes (file: link.c, line: 155) - 1889
FREE (0x100412a70) 128 bytes (file: db.c, line: 659) - 1761
MALLOC (0x100412a70) 128 bytes (file: util.c, line: 779) - 1889
MALLOC (0x100413510) 8 bytes (file: vsignal.c, line: 318) - 1897
MALLOC (0x100413520) 16 bytes (file: vector.c, line: 204) - 1913
MALLOC (0x100413530) 8 bytes (file: vector.c, line: 214) - 1921
MALLOC (0x100413540) 48 bytes (file: vector.c, line: 216) - 1969
MALLOC (0x100413570) 64 bytes (file: vsignal.c, line: 99) - 2033
MALLOC (0x1004135b0) 16 bytes (file: vector.c, line: 204) - 2049
MALLOC (0x1004135c0) 8 bytes (file: vector.c, line: 214) - 2057
MALLOC (0x1004135d0) 48 bytes (file: vector.c, line: 216) - 2105
STRDUP (0x100413600) 2 bytes (file: vsignal.c, line: 111) - 2107
FREE (0x1004135d0) 48 bytes (file: vector.c, line: 5302) - 2059
FREE (0x1004135c0) 8 bytes (file: vector.c, line: 5304) - 2051
FREE (0x1004135b0) 16 bytes (file: vector.c, line: 5339) - 2035
MALLOC (0x1004135b0) 16 bytes (file: link.c, line: 184) - 2051
FREE (0x100412a70) 128 bytes (file: db.c, line: 659) - 1923
MALLOC (0x100412a70) 128 bytes (file: util.c, line: 779) - 2051
MALLOC (0x1004135c0) 56 bytes (file: statement.c, line: 142) - 2107
MALLOC (0x100413610) 24 bytes (file: link.c, line: 99) - 2131
FREE (0x100412a70) 128 bytes (file: db.c, line: 659) - 2003
MALLOC (0x100412a70) 128 bytes (file: util.c, line: 779) - 2131
MALLOC (0x100413630) 56 bytes (file: statement.c, line: 142) - 2187
MALLOC (0x100413670) 24 bytes (file: link.c, line: 99) - 2211
FREE (0x100412a70) 128 bytes (file: db.c, line: 659) - 2083
MALLOC (0x100412a70) 128 bytes (file: util.c, line: 779) - 2211
STRDUP (0x100413690) 1 bytes (file: util.c, line: 1046) - 2212
STRDUP (0x1004136a0) 6 bytes (file: util.c, line: 1046) - 2218
FREE (0x100413690) 1 bytes (file: util.c, line: 1076) - 2217
FREE (0x1004136a0) 6 bytes (file: util.c, line: 1077) - 2211
MALLOC (0x1004136b0) 104 bytes (file: instance.c, line: 141) - 2315
STRDUP (0x1004136a0) 5 bytes (file: instance.c, line: 143) - 2320
MALLOC (0x100413720) 24 bytes (file: link.c, line: 304) - 2344
MALLOC (0x100413690) 16 bytes (file: link.c, line: 242) - 2360
MALLOC (0x100413740) 288 bytes (file: func_unit.c, line: 118) - 2648
STRDUP (0x100413860) 9 bytes (file: db.c, line: 611) - 2657
STRDUP (0x100413870) 14 bytes (file: db.c, line: 613) - 2671
MALLOC (0x100413880) 9 bytes (file: scope.c, line: 342) - 2680
MALLOC (0x100413890) 9 bytes (file: scope.c, line: 343) - 2689
STRDUP (0x1004138a0) 5 bytes (file: util.c, line: 1046) - 2694
STRDUP (0x1004138b0) 5 bytes (file: util.c, line: 1046) - 2699
FREE (0x1004138a0) 5 bytes (file: util.c, line: 1076) - 2694
FREE (0x1004138b0) 5 bytes (file: util.c, line: 1077) - 2689
FREE (0x100413880) 9 bytes (file: scope.c, line: 355) - 2680
FREE (0x100413890) 9 bytes (file: scope.c, line: 356) - 2671
STRDUP (0x100413890) 9 bytes (file: scope.c, line: 386) - 2680
STRDUP (0x100413880) 9 bytes (file: scope.c, line: 387) - 2689
STRDUP (0x1004138a0) 9 bytes (file: scope.c, line: 388) - 2698
STRDUP (0x1004138b0) 5 bytes (file: util.c, line: 1046) - 2703
STRDUP (0x1004138c0) 5 bytes (file: util.c, line: 1046) - 2708
FREE (0x1004138b0) 5 bytes (file: util.c, line: 1076) - 2703
FREE (0x1004138c0) 5 bytes (file: util.c, line: 1077) - 2698
FREE (0x100413890) 9 bytes (file: scope.c, line: 398) - 2689
FREE (0x100413880) 9 bytes (file: scope.c, line: 399) - 2680
FREE (0x1004138a0) 9 bytes (file: scope.c, line: 400) - 2671
MALLOC (0x1004138a0) 16 bytes (file: link.c, line: 242) - 2687
FREE (0x100412a70) 128 bytes (file: db.c, line: 659) - 2559
MALLOC (0x100412a70) 128 bytes (file: util.c, line: 779) - 2687
MALLOC (0x1004138d0) 96 bytes (file: expr.c, line: 644) - 2783
MALLOC (0x100413880) 8 bytes (file: expr.c, line: 658) - 2791
MALLOC (0x100413890) 16 bytes (file: expr.c, line: 662) - 2807
MALLOC (0x1004138b0) 16 bytes (file: vector.c, line: 204) - 2823
MALLOC (0x1004138c0) 8 bytes (file: vector.c, line: 214) - 2831
MALLOC (0x100413930) 16 bytes (file: vector.c, line: 216) - 2847
FREE (0x100413890) 16 bytes (file: vector.c, line: 5339) - 2831
MALLOC (0x100413890) 16 bytes (file: link.c, line: 155) - 2847
FREE (0x100412a70) 128 bytes (file: db.c, line: 659) - 2719
MALLOC (0x100412a70) 128 bytes (file: util.c, line: 779) - 2847
MALLOC (0x100413940) 96 bytes (file: expr.c, line: 644) - 2943
MALLOC (0x1004139a0) 8 bytes (file: expr.c, line: 658) - 2951
MALLOC (0x1004139b0) 16 bytes (file: expr.c, line: 662) - 2967
MALLOC (0x1004139c0) 16 bytes (file: vector.c, line: 204) - 2983
MALLOC (0x1004139d0) 8 bytes (file: vector.c, line: 214) - 2991
MALLOC (0x1004139e0) 48 bytes (file: vector.c, line: 216) - 3039
FREE (0x1004139e0) 48 bytes (file: vector.c, line: 5302) - 2991
FREE (0x1004139d0) 8 bytes (file: vector.c, line: 5304) - 2983
FREE (0x1004139b0) 16 bytes (file: vector.c, line: 5339) - 2967
MALLOC (0x1004139d0) 56 bytes (file: binding.c, line: 131) - 3023
STRDUP (0x1004139b0) 2 bytes (file: binding.c, line: 133) - 3025
MALLOC (0x100413a10) 16 bytes (file: link.c, line: 155) - 3041
FREE (0x100412a70) 128 bytes (file: db.c, line: 659) - 2913
MALLOC (0x100412a70) 128 bytes (file: util.c, line: 779) - 3041
MALLOC (0x100413a20) 96 bytes (file: expr.c, line: 644) - 3137
MALLOC (0x100413a80) 8 bytes (file: expr.c, line: 658) - 3145
MALLOC (0x100413a90) 16 bytes (file: expr.c, line: 662) - 3161
FREE (0x100413a90) 16 bytes (file: vector.c, line: 5339) - 3145
MALLOC (0x100413a90) 16 bytes (file: link.c, line: 155) - 3161
FREE (0x100412a70) 128 bytes (file: db.c, line: 659) - 3033
MALLOC (0x100412a70) 128 bytes (file: util.c, line: 779) - 3161
MALLOC (0x100413aa0) 96 bytes (file: expr.c, line: 644) - 3257
MALLOC (0x100413b00) 8 bytes (file: expr.c, line: 658) - 3265
MALLOC (0x100413b10) 16 bytes (file: expr.c, line: 662) - 3281
MALLOC (0x100413b20) 16 bytes (file: vector.c, line: 204) - 3297
MALLOC (0x100413b30) 8 bytes (file: vector.c, line: 214) - 3305
MALLOC (0x100413b40) 16 bytes (file: vector.c, line: 216) - 3321
FREE (0x100413b10) 16 bytes (file: vector.c, line: 5339) - 3305
MALLOC (0x100413b10) 16 bytes (file: link.c, line: 155) - 3321
FREE (0x100412a70) 128 bytes (file: db.c, line: 659) - 3193
MALLOC (0x100412a70) 128 bytes (file: util.c, line: 779) - 3321
MALLOC (0x100413b50) 96 bytes (file: expr.c, line: 644) - 3417
MALLOC (0x100413bb0) 8 bytes (file: expr.c, line: 658) - 3425
MALLOC (0x100413bc0) 16 bytes (file: expr.c, line: 662) - 3441
MALLOC (0x100413bd0) 16 bytes (file: vector.c, line: 204) - 3457
MALLOC (0x100413be0) 8 bytes (file: vector.c, line: 214) - 3465
MALLOC (0x100413bf0) 48 bytes (file: vector.c, line: 216) - 3513
FREE (0x100413bc0) 16 bytes (file: vector.c, line: 5339) - 3497
MALLOC (0x100413bc0) 16 bytes (file: link.c, line: 155) - 3513
FREE (0x100412a70) 128 bytes (file: db.c, line: 659) - 3385
MALLOC (0x100412a70) 128 bytes (file: util.c, line: 779) - 3513
MALLOC (0x100413c20) 96 bytes (file: expr.c, line: 644) - 3609
MALLOC (0x100413c80) 8 bytes (file: expr.c, line: 658) - 3617
MALLOC (0x100413c90) 16 bytes (file: expr.c, line: 662) - 3633
MALLOC (0x100413ca0) 16 bytes (file: vector.c, line: 204) - 3649
MALLOC (0x100413cb0) 8 bytes (file: vector.c, line: 214) - 3657
MALLOC (0x100413cc0) 16 bytes (file: vector.c, line: 216) - 3673
FREE (0x100413c90) 16 bytes (file: vector.c, line: 5339) - 3657
MALLOC (0x100413c90) 16 bytes (file: link.c, line: 155) - 3673
FREE (0x100412a70) 128 bytes (file: db.c, line: 659) - 3545
MALLOC (0x100412a70) 128 bytes (file: util.c, line: 779) - 3673
MALLOC (0x100413cd0) 96 bytes (file: expr.c, line: 644) - 3769
MALLOC (0x100413d30) 8 bytes (file: expr.c, line: 658) - 3777
MALLOC (0x100413d40) 16 bytes (file: expr.c, line: 662) - 3793
MALLOC (0x100413d50) 16 bytes (file: vector.c, line: 204) - 3809
MALLOC (0x100413d60) 8 bytes (file: vector.c, line: 214) - 3817
MALLOC (0x100413d70) 48 bytes (file: vector.c, line: 216) - 3865
FREE (0x100413d70) 48 bytes (file: vector.c, line: 5302) - 3817
FREE (0x100413d60) 8 bytes (file: vector.c, line: 5304) - 3809
FREE (0x100413d40) 16 bytes (file: vector.c, line: 5339) - 3793
MALLOC (0x100413d60) 56 bytes (file: binding.c, line: 131) - 3849
STRDUP (0x100413d40) 2 bytes (file: binding.c, line: 133) - 3851
MALLOC (0x100413da0) 16 bytes (file: link.c, line: 155) - 3867
FREE (0x100412a70) 128 bytes (file: db.c, line: 659) - 3739
MALLOC (0x100412a70) 128 bytes (file: util.c, line: 779) - 3867
MALLOC (0x100413db0) 96 bytes (file: expr.c, line: 644) - 3963
MALLOC (0x100413e10) 8 bytes (file: expr.c, line: 658) - 3971
MALLOC (0x100413e20) 16 bytes (file: expr.c, line: 662) - 3987
FREE (0x100413e20) 16 bytes (file: vector.c, line: 5339) - 3971
MALLOC (0x100413e20) 16 bytes (file: link.c, line: 155) - 3987
FREE (0x100412a70) 128 bytes (file: db.c, line: 659) - 3859
MALLOC (0x100412a70) 128 bytes (file: util.c, line: 779) - 3987
MALLOC (0x100413e30) 56 bytes (file: statement.c, line: 142) - 4043
MALLOC (0x100413e70) 24 bytes (file: statement.c, line: 200) - 4067
MALLOC (0x100413e90) 24 bytes (file: statement.c, line: 200) - 4091
MALLOC (0x100413eb0) 24 bytes (file: link.c, line: 99) - 4115
FREE (0x100412a70) 128 bytes (file: db.c, line: 659) - 3987
MALLOC (0x100412a70) 128 bytes (file: util.c, line: 779) - 4115
MALLOC (0x100413ed0) 56 bytes (file: statement.c, line: 142) - 4171
MALLOC (0x100413f10) 24 bytes (file: statement.c, line: 200) - 4195
FREE (0x100413e70) 24 bytes (file: statement.c, line: 271) - 4171
FREE (0x100413e90) 24 bytes (file: statement.c, line: 271) - 4147
MALLOC (0x100413e90) 24 bytes (file: link.c, line: 99) - 4171
FREE (0x100412a70) 128 bytes (file: db.c, line: 659) - 4043
MALLOC (0x100412a70) 128 bytes (file: util.c, line: 779) - 4171
MALLOC (0x100413f30) 56 bytes (file: statement.c, line: 142) - 4227
FREE (0x100413f10) 24 bytes (file: statement.c, line: 271) - 4203
MALLOC (0x100413f10) 24 bytes (file: link.c, line: 99) - 4227
FREE (0x100412a70) 128 bytes (file: db.c, line: 659) - 4099
MALLOC (0x100412a70) 128 bytes (file: util.c, line: 779) - 4227
STRDUP (0x100413e70) 5 bytes (file: util.c, line: 1046) - 4232
STRDUP (0x100413e80) 5 bytes (file: util.c, line: 1046) - 4237
FREE (0x100413e70) 5 bytes (file: util.c, line: 1076) - 4232
FREE (0x100413e80) 5 bytes (file: util.c, line: 1077) - 4227
MALLOC (0x100413f70) 104 bytes (file: instance.c, line: 141) - 4331
STRDUP (0x100413e80) 4 bytes (file: instance.c, line: 143) - 4335
MALLOC (0x100413e70) 16 bytes (file: link.c, line: 242) - 4351
MALLOC (0x100413fe0) 288 bytes (file: func_unit.c, line: 118) - 4639
STRDUP (0x100414100) 9 bytes (file: db.c, line: 611) - 4648
STRDUP (0x100414110) 14 bytes (file: db.c, line: 613) - 4662
MALLOC (0x100414120) 9 bytes (file: scope.c, line: 342) - 4671
MALLOC (0x100414130) 9 bytes (file: scope.c, line: 343) - 4680
STRDUP (0x100414140) 5 bytes (file: util.c, line: 1046) - 4685
STRDUP (0x100414150) 5 bytes (file: util.c, line: 1046) - 4690
FREE (0x100414140) 5 bytes (file: util.c, line: 1076) - 4685
FREE (0x100414150) 5 bytes (file: util.c, line: 1077) - 4680
FREE (0x100414120) 9 bytes (file: scope.c, line: 355) - 4671
FREE (0x100414130) 9 bytes (file: scope.c, line: 356) - 4662
STRDUP (0x100414130) 9 bytes (file: scope.c, line: 386) - 4671
STRDUP (0x100414120) 9 bytes (file: scope.c, line: 387) - 4680
STRDUP (0x100414140) 9 bytes (file: scope.c, line: 388) - 4689
STRDUP (0x100414150) 5 bytes (file: util.c, line: 1046) - 4694
STRDUP (0x100414160) 5 bytes (file: util.c, line: 1046) - 4699
FREE (0x100414150) 5 bytes (file: util.c, line: 1076) - 4694
FREE (0x100414160) 5 bytes (file: util.c, line: 1077) - 4689
FREE (0x100414130) 9 bytes (file: scope.c, line: 398) - 4680
FREE (0x100414120) 9 bytes (file: scope.c, line: 399) - 4671
FREE (0x100414140) 9 bytes (file: scope.c, line: 400) - 4662
MALLOC (0x100414140) 16 bytes (file: link.c, line: 242) - 4678
FREE (0x100412a70) 128 bytes (file: db.c, line: 659) - 4550
MALLOC (0x100412a70) 128 bytes (file: util.c, line: 779) - 4678
MALLOC (0x100414170) 96 bytes (file: expr.c, line: 644) - 4774
MALLOC (0x100414120) 8 bytes (file: expr.c, line: 658) - 4782
MALLOC (0x100414130) 16 bytes (file: expr.c, line: 662) - 4798
MALLOC (0x100414150) 16 bytes (file: vector.c, line: 204) - 4814
MALLOC (0x100414160) 8 bytes (file: vector.c, line: 214) - 4822
MALLOC (0x1004141d0) 16 bytes (file: vector.c, line: 216) - 4838
FREE (0x100414130) 16 bytes (file: vector.c, line: 5339) - 4822
MALLOC (0x100414130) 16 bytes (file: link.c, line: 155) - 4838
FREE (0x100412a70) 128 bytes (file: db.c, line: 659) - 4710
MALLOC (0x100412a70) 128 bytes (file: util.c, line: 779) - 4838
MALLOC (0x1004141e0) 96 bytes (file: expr.c, line: 644) - 4934
MALLOC (0x100414240) 8 bytes (file: expr.c, line: 658) - 4942
MALLOC (0x100414250) 16 bytes (file: expr.c, line: 662) - 4958
MALLOC (0x100414260) 16 bytes (file: vector.c, line: 204) - 4974
MALLOC (0x100414270) 8 bytes (file: vector.c, line: 214) - 4982
MALLOC (0x100414280) 48 bytes (file: vector.c, line: 216) - 5030
FREE (0x100414250) 16 bytes (file: vector.c, line: 5339) - 5014
MALLOC (0x100414250) 16 bytes (file: link.c, line: 155) - 5030
FREE (0x100412a70) 128 bytes (file: db.c, line: 659) - 4902
MALLOC (0x100412a70) 128 bytes (file: util.c, line: 779) - 5030
MALLOC (0x1004142b0) 96 bytes (file: expr.c, line: 644) - 5126
MALLOC (0x100414310) 8 bytes (file: expr.c, line: 658) - 5134
MALLOC (0x100414320) 16 bytes (file: expr.c, line: 662) - 5150
MALLOC (0x100414330) 16 bytes (file: vector.c, line: 204) - 5166
MALLOC (0x100414340) 8 bytes (file: vector.c, line: 214) - 5174
MALLOC (0x100414350) 48 bytes (file: vector.c, line: 216) - 5222
FREE (0x100414330) 16 bytes (file: expr.c, line: 603) - 5206
MALLOC (0x100414330) 16 bytes (file: vector.c, line: 204) - 5222
MALLOC (0x100414380) 8 bytes (file: vector.c, line: 214) - 5230
MALLOC (0x100414390) 48 bytes (file: vector.c, line: 216) - 5278
FREE (0x100414350) 48 bytes (file: vector.c, line: 5302) - 5230
FREE (0x100414340) 8 bytes (file: vector.c, line: 5304) - 5222
FREE (0x100414320) 16 bytes (file: vector.c, line: 5339) - 5206
MALLOC (0x100414320) 16 bytes (file: link.c, line: 155) - 5222
FREE (0x100412a70) 128 bytes (file: db.c, line: 659) - 5094
MALLOC (0x100412a70) 128 bytes (file: util.c, line: 779) - 5222
MALLOC (0x100414340) 56 bytes (file: statement.c, line: 142) - 5278
MALLOC (0x1004143c0) 24 bytes (file: statement.c, line: 200) - 5302
MALLOC (0x1004143e0) 24 bytes (file: link.c, line: 99) - 5326
FREE (0x100412a70) 128 bytes (file: db.c, line: 659) - 5198
MALLOC (0x100412a70) 128 bytes (file: util.c, line: 779) - 5326
MALLOC (0x100414400) 56 bytes (file: statement.c, line: 142) - 5382
FREE (0x1004143c0) 24 bytes (file: statement.c, line: 271) - 5358
MALLOC (0x1004143c0) 24 bytes (file: link.c, line: 99) - 5382
FREE (0x100412a70) 128 bytes (file: db.c, line: 659) - 5254
MALLOC (0x100412a70) 128 bytes (file: util.c, line: 779) - 5382
FREE (0x100412a70) 128 bytes (file: util.c, line: 796) - 5254
STRDUP (0x100414440) 5 bytes (file: util.c, line: 1046) - 5259
STRDUP (0x100414450) 5 bytes (file: util.c, line: 1046) - 5264
FREE (0x100414440) 5 bytes (file: util.c, line: 1076) - 5259
FREE (0x100414450) 5 bytes (file: util.c, line: 1077) - 5254
MALLOC (0x100412a70) 104 bytes (file: instance.c, line: 141) - 5358
STRDUP (0x100414450) 4 bytes (file: instance.c, line: 143) - 5362
MALLOC (0x100412ae0) 16 bytes (file: link.c, line: 242) - 5378
STRDUP (0x100414440) 5 bytes (file: util.c, line: 1046) - 5383
STRDUP (0x100414460) 5 bytes (file: util.c, line: 1046) - 5388
FREE (0x100414440) 5 bytes (file: util.c, line: 1076) - 5383
FREE (0x100414460) 5 bytes (file: util.c, line: 1077) - 5378
STRDUP (0x100414460) 4 bytes (file: util.c, line: 1046) - 5382
STRDUP (0x100414440) 4 bytes (file: util.c, line: 1046) - 5386
FREE (0x100414460) 4 bytes (file: util.c, line: 1076) - 5382
FREE (0x100414440) 4 bytes (file: util.c, line: 1077) - 5378
STRDUP (0x100414440) 4 bytes (file: binding.c, line: 853) - 5382
FREE (0x100413340) 4 bytes (file: binding.c, line: 270) - 5378
FREE (0x1004133a0) 56 bytes (file: binding.c, line: 271) - 5322
STRDUP (0x100413340) 5 bytes (file: util.c, line: 1046) - 5327
STRDUP (0x100414460) 5 bytes (file: util.c, line: 1046) - 5332
FREE (0x100413340) 5 bytes (file: util.c, line: 1076) - 5327
FREE (0x100414460) 5 bytes (file: util.c, line: 1077) - 5322
STRDUP (0x100414460) 4 bytes (file: util.c, line: 1046) - 5326
STRDUP (0x100413340) 4 bytes (file: util.c, line: 1046) - 5330
FREE (0x100414460) 4 bytes (file: util.c, line: 1076) - 5326
FREE (0x100413340) 4 bytes (file: util.c, line: 1077) - 5322
STRDUP (0x100413340) 4 bytes (file: util.c, line: 1046) - 5326
STRDUP (0x100414460) 4 bytes (file: util.c, line: 1046) - 5330
FREE (0x100413340) 4 bytes (file: util.c, line: 1076) - 5326
FREE (0x100414460) 4 bytes (file: util.c, line: 1077) - 5322
STRDUP (0x100414460) 4 bytes (file: binding.c, line: 853) - 5326
FREE (0x100413460) 4 bytes (file: binding.c, line: 270) - 5322
FREE (0x1004134c0) 56 bytes (file: binding.c, line: 271) - 5266
STRDUP (0x100413460) 2 bytes (file: scope.c, line: 124) - 5268
FREE (0x100413460) 2 bytes (file: scope.c, line: 175) - 5266
STRDUP (0x100413460) 2 bytes (file: scope.c, line: 209) - 5268
MALLOC (0x1004134c0) 40 bytes (file: gen_item.c, line: 550) - 5308
FREE (0x1004134c0) 40 bytes (file: gen_item.c, line: 1223) - 5268
STRDUP (0x1004134f0) 2 bytes (file: util.c, line: 1046) - 5270
STRDUP (0x100413340) 2 bytes (file: util.c, line: 1046) - 5272
FREE (0x1004134f0) 2 bytes (file: util.c, line: 1076) - 5270
FREE (0x100413340) 2 bytes (file: util.c, line: 1077) - 5268
FREE (0x100413460) 2 bytes (file: scope.c, line: 272) - 5266
MALLOC (0x100413460) 16 bytes (file: link.c, line: 155) - 5282
STRDUP (0x100413340) 2 bytes (file: binding.c, line: 853) - 5284
FREE (0x1004139b0) 2 bytes (file: binding.c, line: 270) - 5282
FREE (0x1004139d0) 56 bytes (file: binding.c, line: 271) - 5226
STRDUP (0x1004139b0) 2 bytes (file: scope.c, line: 124) - 5228
FREE (0x1004139b0) 2 bytes (file: scope.c, line: 175) - 5226
STRDUP (0x1004139b0) 2 bytes (file: scope.c, line: 209) - 5228
MALLOC (0x1004139d0) 40 bytes (file: gen_item.c, line: 550) - 5268
FREE (0x1004139d0) 40 bytes (file: gen_item.c, line: 1223) - 5228
STRDUP (0x100413a00) 2 bytes (file: util.c, line: 1046) - 5230
STRDUP (0x1004134c0) 2 bytes (file: util.c, line: 1046) - 5232
FREE (0x100413a00) 2 bytes (file: util.c, line: 1076) - 5230
FREE (0x1004134c0) 2 bytes (file: util.c, line: 1077) - 5228
FREE (0x1004139b0) 2 bytes (file: scope.c, line: 272) - 5226
MALLOC (0x1004139b0) 16 bytes (file: link.c, line: 155) - 5242
STRDUP (0x1004134c0) 2 bytes (file: binding.c, line: 853) - 5244
FREE (0x100413d40) 2 bytes (file: binding.c, line: 270) - 5242
FREE (0x100413d60) 56 bytes (file: binding.c, line: 271) - 5186
Exclusion ID: L10, Status: EXCLUDED
STRDUP (0x1004134d0) 45 bytes (file: report.c, line: 1026) - 5231
MALLOC (0x100413d40) 3 bytes (file: report.c, line: 1030) - 5234

  No exclusion information has been specified.  

FREE (0x1004134d0) 45 bytes (file: report.c, line: 1067) - 5189
FREE (0x100413d40) 3 bytes (file: report.c, line: 1068) - 5186
STRDUP (0x100413d40) 6 bytes (file: util.c, line: 1046) - 5192
STRDUP (0x1004134d0) 6 bytes (file: util.c, line: 1046) - 5198
FREE (0x100413d40) 6 bytes (file: util.c, line: 1076) - 5192
FREE (0x1004134d0) 6 bytes (file: util.c, line: 1077) - 5186
FREE (0x100412ef0) 6 bytes (file: instance.c, line: 1476) - 5180
FREE (0x100412e80) 104 bytes (file: instance.c, line: 1497) - 5076
FREE (0x100412f00) 24 bytes (file: link.c, line: 1253) - 5052
STRDUP (0x100413d40) 5 bytes (file: util.c, line: 1046) - 5057
STRDUP (0x1004134d0) 5 bytes (file: util.c, line: 1046) - 5062
FREE (0x100413d40) 5 bytes (file: util.c, line: 1076) - 5057
FREE (0x1004134d0) 5 bytes (file: util.c, line: 1077) - 5052
FREE (0x100413e80) 4 bytes (file: instance.c, line: 1476) - 5048
FREE (0x100413f70) 104 bytes (file: instance.c, line: 1497) - 4944
FREE (0x100414450) 4 bytes (file: instance.c, line: 1476) - 4940
FREE (0x100412a70) 104 bytes (file: instance.c, line: 1497) - 4836
FREE (0x1004136a0) 5 bytes (file: instance.c, line: 1476) - 4831
FREE (0x1004136b0) 104 bytes (file: instance.c, line: 1497) - 4727
FREE (0x100413720) 24 bytes (file: link.c, line: 1253) - 4703
FREE (0x100412e60) 6 bytes (file: func_unit.c, line: 1717) - 4697
FREE (0x100412e70) 3 bytes (file: func_unit.c, line: 1723) - 4694
FREE (0x1004130a0) 288 bytes (file: func_unit.c, line: 1768) - 4406
FREE (0x100412f20) 16 bytes (file: link.c, line: 1196) - 4390
FREE (0x100413600) 2 bytes (file: vsignal.c, line: 763) - 4388
FREE (0x100413510) 8 bytes (file: vsignal.c, line: 767) - 4380
FREE (0x100413540) 48 bytes (file: vector.c, line: 5302) - 4332
FREE (0x100413530) 8 bytes (file: vector.c, line: 5304) - 4324
FREE (0x100413520) 16 bytes (file: vector.c, line: 5339) - 4308
FREE (0x100413460) 16 bytes (file: link.c, line: 1108) - 4292
FREE (0x1004139b0) 16 bytes (file: link.c, line: 1108) - 4276
FREE (0x100413570) 64 bytes (file: vsignal.c, line: 784) - 4212
FREE (0x1004135b0) 16 bytes (file: link.c, line: 1138) - 4196
FREE (0x100413370) 48 bytes (file: vector.c, line: 5302) - 4148
FREE (0x100413360) 8 bytes (file: vector.c, line: 5304) - 4140
FREE (0x100413350) 16 bytes (file: vector.c, line: 5339) - 4124
FREE (0x100412f50) 8 bytes (file: expr.c, line: 6306) - 4116
FREE (0x100414440) 4 bytes (file: expr.c, line: 6309) - 4112
FREE (0x1004132e0) 96 bytes (file: expr.c, line: 6312) - 4016
FREE (0x1004133e0) 16 bytes (file: link.c, line: 1108) - 4000
FREE (0x100413490) 48 bytes (file: vector.c, line: 5302) - 3952
FREE (0x100413480) 8 bytes (file: vector.c, line: 5304) - 3944
FREE (0x100413470) 16 bytes (file: vector.c, line: 5339) - 3928
FREE (0x100413450) 8 bytes (file: expr.c, line: 6306) - 3920
FREE (0x100414460) 4 bytes (file: expr.c, line: 6309) - 3916
FREE (0x1004133f0) 96 bytes (file: expr.c, line: 6312) - 3820
FREE (0x100413500) 16 bytes (file: link.c, line: 1108) - 3804
FREE (0x1004135c0) 56 bytes (file: statement.c, line: 956) - 3748
FREE (0x100413610) 24 bytes (file: link.c, line: 1078) - 3724
FREE (0x100413630) 56 bytes (file: statement.c, line: 956) - 3668
FREE (0x100413670) 24 bytes (file: link.c, line: 1078) - 3644
FREE (0x1004138a0) 16 bytes (file: link.c, line: 1196) - 3628
FREE (0x100414140) 16 bytes (file: link.c, line: 1196) - 3612
FREE (0x100412f30) 5 bytes (file: func_unit.c, line: 1717) - 3607
FREE (0x100412f40) 14 bytes (file: func_unit.c, line: 1723) - 3593
FREE (0x1004131c0) 288 bytes (file: func_unit.c, line: 1768) - 3305
FREE (0x100413690) 16 bytes (file: link.c, line: 1196) - 3289
FREE (0x100413930) 16 bytes (file: vector.c, line: 5302) - 3273
FREE (0x1004138c0) 8 bytes (file: vector.c, line: 5304) - 3265
FREE (0x1004138b0) 16 bytes (file: vector.c, line: 5339) - 3249
FREE (0x100413880) 8 bytes (file: expr.c, line: 6306) - 3241
FREE (0x1004138d0) 96 bytes (file: expr.c, line: 6312) - 3145
FREE (0x100413890) 16 bytes (file: link.c, line: 1108) - 3129
FREE (0x1004139c0) 16 bytes (file: vector.c, line: 5339) - 3113
FREE (0x1004139a0) 8 bytes (file: expr.c, line: 6306) - 3105
FREE (0x100413340) 2 bytes (file: expr.c, line: 6309) - 3103
FREE (0x100413940) 96 bytes (file: expr.c, line: 6312) - 3007
FREE (0x100413a10) 16 bytes (file: link.c, line: 1108) - 2991
FREE (0x100413a80) 8 bytes (file: expr.c, line: 6306) - 2983
FREE (0x100413a20) 96 bytes (file: expr.c, line: 6312) - 2887
FREE (0x100413a90) 16 bytes (file: link.c, line: 1108) - 2871
FREE (0x100413b40) 16 bytes (file: vector.c, line: 5302) - 2855
FREE (0x100413b30) 8 bytes (file: vector.c, line: 5304) - 2847
FREE (0x100413b20) 16 bytes (file: vector.c, line: 5339) - 2831
FREE (0x100413b00) 8 bytes (file: expr.c, line: 6306) - 2823
FREE (0x100413aa0) 96 bytes (file: expr.c, line: 6312) - 2727
FREE (0x100413b10) 16 bytes (file: link.c, line: 1108) - 2711
FREE (0x100413bf0) 48 bytes (file: vector.c, line: 5302) - 2663
FREE (0x100413be0) 8 bytes (file: vector.c, line: 5304) - 2655
FREE (0x100413bd0) 16 bytes (file: vector.c, line: 5339) - 2639
FREE (0x100413bb0) 8 bytes (file: expr.c, line: 6306) - 2631
FREE (0x100413b50) 96 bytes (file: expr.c, line: 6312) - 2535
FREE (0x100413bc0) 16 bytes (file: link.c, line: 1108) - 2519
FREE (0x100413cc0) 16 bytes (file: vector.c, line: 5302) - 2503
FREE (0x100413cb0) 8 bytes (file: vector.c, line: 5304) - 2495
FREE (0x100413ca0) 16 bytes (file: vector.c, line: 5339) - 2479
FREE (0x100413c80) 8 bytes (file: expr.c, line: 6306) - 2471
FREE (0x100413c20) 96 bytes (file: expr.c, line: 6312) - 2375
FREE (0x100413c90) 16 bytes (file: link.c, line: 1108) - 2359
FREE (0x100413d50) 16 bytes (file: vector.c, line: 5339) - 2343
FREE (0x100413d30) 8 bytes (file: expr.c, line: 6306) - 2335
FREE (0x1004134c0) 2 bytes (file: expr.c, line: 6309) - 2333
FREE (0x100413cd0) 96 bytes (file: expr.c, line: 6312) - 2237
FREE (0x100413da0) 16 bytes (file: link.c, line: 1108) - 2221
FREE (0x100413e10) 8 bytes (file: expr.c, line: 6306) - 2213
FREE (0x100413db0) 96 bytes (file: expr.c, line: 6312) - 2117
FREE (0x100413e20) 16 bytes (file: link.c, line: 1108) - 2101
FREE (0x100413e30) 56 bytes (file: statement.c, line: 956) - 2045
FREE (0x100413eb0) 24 bytes (file: link.c, line: 1078) - 2021
FREE (0x100413ed0) 56 bytes (file: statement.c, line: 956) - 1965
FREE (0x100413e90) 24 bytes (file: link.c, line: 1078) - 1941
FREE (0x100413f30) 56 bytes (file: statement.c, line: 956) - 1885
FREE (0x100413f10) 24 bytes (file: link.c, line: 1078) - 1861
FREE (0x100413860) 9 bytes (file: func_unit.c, line: 1717) - 1852
FREE (0x100413870) 14 bytes (file: func_unit.c, line: 1723) - 1838
FREE (0x100413740) 288 bytes (file: func_unit.c, line: 1768) - 1550
FREE (0x100413e70) 16 bytes (file: link.c, line: 1196) - 1534
FREE (0x1004141d0) 16 bytes (file: vector.c, line: 5302) - 1518
FREE (0x100414160) 8 bytes (file: vector.c, line: 5304) - 1510
FREE (0x100414150) 16 bytes (file: vector.c, line: 5339) - 1494
FREE (0x100414120) 8 bytes (file: expr.c, line: 6306) - 1486
FREE (0x100414170) 96 bytes (file: expr.c, line: 6312) - 1390
FREE (0x100414130) 16 bytes (file: link.c, line: 1108) - 1374
FREE (0x100414280) 48 bytes (file: vector.c, line: 5302) - 1326
FREE (0x100414270) 8 bytes (file: vector.c, line: 5304) - 1318
FREE (0x100414260) 16 bytes (file: vector.c, line: 5339) - 1302
FREE (0x100414240) 8 bytes (file: expr.c, line: 6306) - 1294
FREE (0x1004141e0) 96 bytes (file: expr.c, line: 6312) - 1198
FREE (0x100414250) 16 bytes (file: link.c, line: 1108) - 1182
FREE (0x100414390) 48 bytes (file: vector.c, line: 5302) - 1134
FREE (0x100414380) 8 bytes (file: vector.c, line: 5304) - 1126
FREE (0x100414330) 16 bytes (file: vector.c, line: 5339) - 1110
FREE (0x100414310) 8 bytes (file: expr.c, line: 6306) - 1102
FREE (0x1004142b0) 96 bytes (file: expr.c, line: 6312) - 1006
FREE (0x100414320) 16 bytes (file: link.c, line: 1108) - 990
FREE (0x100414340) 56 bytes (file: statement.c, line: 956) - 934
FREE (0x1004143e0) 24 bytes (file: link.c, line: 1078) - 910
FREE (0x100414400) 56 bytes (file: statement.c, line: 956) - 854
FREE (0x1004143c0) 24 bytes (file: link.c, line: 1078) - 830
FREE (0x100414100) 9 bytes (file: func_unit.c, line: 1717) - 821
FREE (0x100414110) 14 bytes (file: func_unit.c, line: 1723) - 807
FREE (0x100413fe0) 288 bytes (file: func_unit.c, line: 1768) - 519
FREE (0x100412ae0) 16 bytes (file: link.c, line: 1196) - 503
FREE (0x100412e50) 2 bytes (file: db.c, line: 257) - 501
FREE (0x100412af0) 8 bytes (file: db.c, line: 259) - 493
FREE (0x100412db0) 72 bytes (file: db.c, line: 267) - 421
FREE (0x100412f60) 3 bytes (file: link.c, line: 1000) - 418
FREE (0x100412fa0) 5 bytes (file: link.c, line: 1001) - 413
FREE (0x100412f70) 48 bytes (file: link.c, line: 1007) - 365
FREE (0x100412fb0) 5 bytes (file: link.c, line: 1000) - 360
FREE (0x100412ff0) 16 bytes (file: link.c, line: 1001) - 344
FREE (0x100412fc0) 48 bytes (file: link.c, line: 1007) - 296
FREE (0x100413000) 3 bytes (file: link.c, line: 1000) - 293
FREE (0x100413040) 14 bytes (file: link.c, line: 1001) - 279
FREE (0x100413010) 48 bytes (file: link.c, line: 1007) - 231
FREE (0x100413050) 3 bytes (file: link.c, line: 1000) - 228
FREE (0x100413090) 16 bytes (file: link.c, line: 1001) - 212
FREE (0x100413060) 48 bytes (file: link.c, line: 1007) - 164
FREE (0x100412e00) 72 bytes (file: db.c, line: 296) - 92
FREE (0x100412a20) 4 bytes (file: link.c, line: 1000) - 88
FREE (0x100412a30) 48 bytes (file: link.c, line: 1007) - 40
FREE (0x100412a60) 16 bytes (file: exclude.c, line: 1930) - 24
FREE (0x100412a00) 24 bytes (file: profiler.c, line: 133) - 0
curr_malloc_size: 0
