MALLOC (0x1004129f0) 24 bytes (file: util.c, line: 1532) - 24
STRDUP (0x100412a10) 4 bytes (file: exclude.c, line: 872) - 28
MALLOC (0x100412a20) 48 bytes (file: link.c, line: 61) - 76
STRDUP (0x100412a50) 14 bytes (file: exclude.c, line: 862) - 90
MALLOC (0x100412a60) 128 bytes (file: util.c, line: 779) - 218
MALLOC (0x100412da0) 72 bytes (file: db.c, line: 212) - 290
REALLOC (0x0 -> 0x100412df0) 72 (0) bytes (file: db.c, line: 224) - 362
REALLOC (0x0 -> 0x100412ae0) 8 (0) bytes (file: info.c, line: 275) - 370
STRDUP (0x100412e40) 2 bytes (file: info.c, line: 276) - 372
FREE (0x100412a60) 128 bytes (file: db.c, line: 659) - 244
MALLOC (0x100412a60) 128 bytes (file: util.c, line: 779) - 372
STRDUP (0x100412e50) 3 bytes (file: info.c, line: 106) - 375
MALLOC (0x100412e60) 48 bytes (file: link.c, line: 61) - 423
STRDUP (0x100412e90) 5 bytes (file: info.c, line: 108) - 428
STRDUP (0x100412ea0) 5 bytes (file: info.c, line: 106) - 433
MALLOC (0x100412eb0) 48 bytes (file: link.c, line: 61) - 481
STRDUP (0x100412ee0) 14 bytes (file: info.c, line: 108) - 495
STRDUP (0x100412ef0) 3 bytes (file: info.c, line: 106) - 498
MALLOC (0x100412f00) 48 bytes (file: link.c, line: 61) - 546
STRDUP (0x100412f30) 12 bytes (file: info.c, line: 108) - 558
STRDUP (0x100412f40) 3 bytes (file: info.c, line: 106) - 561
MALLOC (0x100412f50) 48 bytes (file: link.c, line: 61) - 609
STRDUP (0x100412f80) 14 bytes (file: info.c, line: 108) - 623
FREE (0x100412a60) 128 bytes (file: db.c, line: 659) - 495
MALLOC (0x100412a60) 128 bytes (file: util.c, line: 779) - 623
MALLOC (0x100412f90) 288 bytes (file: func_unit.c, line: 118) - 911
STRDUP (0x1004130b0) 6 bytes (file: db.c, line: 611) - 917
STRDUP (0x1004130c0) 3 bytes (file: db.c, line: 613) - 920
FREE (0x100412a60) 128 bytes (file: db.c, line: 659) - 792
MALLOC (0x100412a60) 128 bytes (file: util.c, line: 779) - 920
MALLOC (0x1004130d0) 104 bytes (file: instance.c, line: 141) - 1024
STRDUP (0x100413140) 6 bytes (file: instance.c, line: 143) - 1030
MALLOC (0x100413150) 24 bytes (file: link.c, line: 304) - 1054
MALLOC (0x100413170) 16 bytes (file: link.c, line: 242) - 1070
MALLOC (0x100413180) 288 bytes (file: func_unit.c, line: 118) - 1358
STRDUP (0x1004132a0) 5 bytes (file: db.c, line: 611) - 1363
STRDUP (0x1004132b0) 12 bytes (file: db.c, line: 613) - 1375
FREE (0x100412a60) 128 bytes (file: db.c, line: 659) - 1247
MALLOC (0x100412a60) 128 bytes (file: util.c, line: 779) - 1375
MALLOC (0x1004132c0) 96 bytes (file: expr.c, line: 644) - 1471
MALLOC (0x100413320) 8 bytes (file: expr.c, line: 658) - 1479
MALLOC (0x100413330) 16 bytes (file: expr.c, line: 662) - 1495
MALLOC (0x100413340) 16 bytes (file: vector.c, line: 204) - 1511
MALLOC (0x100413350) 8 bytes (file: vector.c, line: 214) - 1519
MALLOC (0x100413360) 48 bytes (file: vector.c, line: 216) - 1567
FREE (0x100413330) 16 bytes (file: vector.c, line: 5339) - 1551
MALLOC (0x100413390) 56 bytes (file: binding.c, line: 131) - 1607
STRDUP (0x100413330) 4 bytes (file: binding.c, line: 133) - 1611
MALLOC (0x1004133d0) 16 bytes (file: link.c, line: 155) - 1627
FREE (0x100412a60) 128 bytes (file: db.c, line: 659) - 1499
MALLOC (0x100412a60) 128 bytes (file: util.c, line: 779) - 1627
MALLOC (0x1004133e0) 96 bytes (file: expr.c, line: 644) - 1723
MALLOC (0x100413440) 8 bytes (file: expr.c, line: 658) - 1731
MALLOC (0x100413450) 16 bytes (file: expr.c, line: 662) - 1747
MALLOC (0x100413460) 16 bytes (file: vector.c, line: 204) - 1763
MALLOC (0x100413470) 8 bytes (file: vector.c, line: 214) - 1771
MALLOC (0x100413480) 48 bytes (file: vector.c, line: 216) - 1819
FREE (0x100413450) 16 bytes (file: vector.c, line: 5339) - 1803
MALLOC (0x1004134b0) 56 bytes (file: binding.c, line: 131) - 1859
STRDUP (0x100413450) 4 bytes (file: binding.c, line: 133) - 1863
MALLOC (0x1004134f0) 16 bytes (file: link.c, line: 155) - 1879
FREE (0x100412a60) 128 bytes (file: db.c, line: 659) - 1751
MALLOC (0x100412a60) 128 bytes (file: util.c, line: 779) - 1879
MALLOC (0x100413500) 8 bytes (file: vsignal.c, line: 318) - 1887
MALLOC (0x100413510) 16 bytes (file: vector.c, line: 204) - 1903
MALLOC (0x100413520) 8 bytes (file: vector.c, line: 214) - 1911
MALLOC (0x100413530) 48 bytes (file: vector.c, line: 216) - 1959
MALLOC (0x100413560) 64 bytes (file: vsignal.c, line: 99) - 2023
MALLOC (0x1004135a0) 16 bytes (file: vector.c, line: 204) - 2039
MALLOC (0x1004135b0) 8 bytes (file: vector.c, line: 214) - 2047
MALLOC (0x1004135c0) 48 bytes (file: vector.c, line: 216) - 2095
STRDUP (0x1004135f0) 2 bytes (file: vsignal.c, line: 111) - 2097
FREE (0x1004135c0) 48 bytes (file: vector.c, line: 5302) - 2049
FREE (0x1004135b0) 8 bytes (file: vector.c, line: 5304) - 2041
FREE (0x1004135a0) 16 bytes (file: vector.c, line: 5339) - 2025
MALLOC (0x1004135a0) 16 bytes (file: link.c, line: 184) - 2041
FREE (0x100412a60) 128 bytes (file: db.c, line: 659) - 1913
MALLOC (0x100412a60) 128 bytes (file: util.c, line: 779) - 2041
MALLOC (0x1004135b0) 56 bytes (file: statement.c, line: 142) - 2097
MALLOC (0x100413600) 24 bytes (file: link.c, line: 99) - 2121
FREE (0x100412a60) 128 bytes (file: db.c, line: 659) - 1993
MALLOC (0x100412a60) 128 bytes (file: util.c, line: 779) - 2121
MALLOC (0x100413620) 56 bytes (file: statement.c, line: 142) - 2177
MALLOC (0x100413660) 24 bytes (file: link.c, line: 99) - 2201
FREE (0x100412a60) 128 bytes (file: db.c, line: 659) - 2073
MALLOC (0x100412a60) 128 bytes (file: util.c, line: 779) - 2201
MALLOC (0x100413680) 32 bytes (file: exclude.c, line: 945) - 2233
STRDUP (0x1004136a0) 24 bytes (file: exclude.c, line: 956) - 2257
FREE (0x100412a60) 128 bytes (file: db.c, line: 659) - 2129
MALLOC (0x100412a60) 128 bytes (file: util.c, line: 779) - 2257
STRDUP (0x1004136c0) 1 bytes (file: util.c, line: 1046) - 2258
STRDUP (0x1004136d0) 6 bytes (file: util.c, line: 1046) - 2264
FREE (0x1004136c0) 1 bytes (file: util.c, line: 1076) - 2263
FREE (0x1004136d0) 6 bytes (file: util.c, line: 1077) - 2257
MALLOC (0x1004136e0) 104 bytes (file: instance.c, line: 141) - 2361
STRDUP (0x1004136d0) 5 bytes (file: instance.c, line: 143) - 2366
MALLOC (0x100413750) 24 bytes (file: link.c, line: 304) - 2390
MALLOC (0x1004136c0) 16 bytes (file: link.c, line: 242) - 2406
MALLOC (0x100413770) 288 bytes (file: func_unit.c, line: 118) - 2694
STRDUP (0x100413890) 9 bytes (file: db.c, line: 611) - 2703
STRDUP (0x1004138a0) 12 bytes (file: db.c, line: 613) - 2715
MALLOC (0x1004138b0) 9 bytes (file: scope.c, line: 342) - 2724
MALLOC (0x1004138c0) 9 bytes (file: scope.c, line: 343) - 2733
STRDUP (0x1004138d0) 5 bytes (file: util.c, line: 1046) - 2738
STRDUP (0x1004138e0) 5 bytes (file: util.c, line: 1046) - 2743
FREE (0x1004138d0) 5 bytes (file: util.c, line: 1076) - 2738
FREE (0x1004138e0) 5 bytes (file: util.c, line: 1077) - 2733
FREE (0x1004138b0) 9 bytes (file: scope.c, line: 355) - 2724
FREE (0x1004138c0) 9 bytes (file: scope.c, line: 356) - 2715
STRDUP (0x1004138c0) 9 bytes (file: scope.c, line: 386) - 2724
STRDUP (0x1004138b0) 9 bytes (file: scope.c, line: 387) - 2733
STRDUP (0x1004138d0) 9 bytes (file: scope.c, line: 388) - 2742
STRDUP (0x1004138e0) 5 bytes (file: util.c, line: 1046) - 2747
STRDUP (0x1004138f0) 5 bytes (file: util.c, line: 1046) - 2752
FREE (0x1004138e0) 5 bytes (file: util.c, line: 1076) - 2747
FREE (0x1004138f0) 5 bytes (file: util.c, line: 1077) - 2742
FREE (0x1004138c0) 9 bytes (file: scope.c, line: 398) - 2733
FREE (0x1004138b0) 9 bytes (file: scope.c, line: 399) - 2724
FREE (0x1004138d0) 9 bytes (file: scope.c, line: 400) - 2715
MALLOC (0x1004138d0) 16 bytes (file: link.c, line: 242) - 2731
FREE (0x100412a60) 128 bytes (file: db.c, line: 659) - 2603
MALLOC (0x100412a60) 128 bytes (file: util.c, line: 779) - 2731
MALLOC (0x100413900) 96 bytes (file: expr.c, line: 644) - 2827
MALLOC (0x1004138b0) 8 bytes (file: expr.c, line: 658) - 2835
MALLOC (0x1004138c0) 16 bytes (file: expr.c, line: 662) - 2851
MALLOC (0x1004138e0) 16 bytes (file: vector.c, line: 204) - 2867
MALLOC (0x1004138f0) 8 bytes (file: vector.c, line: 214) - 2875
MALLOC (0x100413960) 16 bytes (file: vector.c, line: 216) - 2891
FREE (0x1004138c0) 16 bytes (file: vector.c, line: 5339) - 2875
MALLOC (0x1004138c0) 16 bytes (file: link.c, line: 155) - 2891
FREE (0x100412a60) 128 bytes (file: db.c, line: 659) - 2763
MALLOC (0x100412a60) 128 bytes (file: util.c, line: 779) - 2891
MALLOC (0x100413970) 96 bytes (file: expr.c, line: 644) - 2987
MALLOC (0x1004139d0) 8 bytes (file: expr.c, line: 658) - 2995
MALLOC (0x1004139e0) 16 bytes (file: expr.c, line: 662) - 3011
MALLOC (0x1004139f0) 16 bytes (file: vector.c, line: 204) - 3027
MALLOC (0x100413a00) 8 bytes (file: vector.c, line: 214) - 3035
MALLOC (0x100413a10) 48 bytes (file: vector.c, line: 216) - 3083
FREE (0x100413a10) 48 bytes (file: vector.c, line: 5302) - 3035
FREE (0x100413a00) 8 bytes (file: vector.c, line: 5304) - 3027
FREE (0x1004139e0) 16 bytes (file: vector.c, line: 5339) - 3011
MALLOC (0x100413a00) 56 bytes (file: binding.c, line: 131) - 3067
STRDUP (0x1004139e0) 2 bytes (file: binding.c, line: 133) - 3069
MALLOC (0x100413a40) 16 bytes (file: link.c, line: 155) - 3085
FREE (0x100412a60) 128 bytes (file: db.c, line: 659) - 2957
MALLOC (0x100412a60) 128 bytes (file: util.c, line: 779) - 3085
MALLOC (0x100413a50) 96 bytes (file: expr.c, line: 644) - 3181
MALLOC (0x100413ab0) 8 bytes (file: expr.c, line: 658) - 3189
MALLOC (0x100413ac0) 16 bytes (file: expr.c, line: 662) - 3205
FREE (0x100413ac0) 16 bytes (file: vector.c, line: 5339) - 3189
MALLOC (0x100413ac0) 16 bytes (file: link.c, line: 155) - 3205
FREE (0x100412a60) 128 bytes (file: db.c, line: 659) - 3077
MALLOC (0x100412a60) 128 bytes (file: util.c, line: 779) - 3205
MALLOC (0x100413ad0) 96 bytes (file: expr.c, line: 644) - 3301
MALLOC (0x100413b30) 8 bytes (file: expr.c, line: 658) - 3309
MALLOC (0x100413b40) 16 bytes (file: expr.c, line: 662) - 3325
MALLOC (0x100413b50) 16 bytes (file: vector.c, line: 204) - 3341
MALLOC (0x100413b60) 8 bytes (file: vector.c, line: 214) - 3349
MALLOC (0x100413b70) 16 bytes (file: vector.c, line: 216) - 3365
FREE (0x100413b40) 16 bytes (file: vector.c, line: 5339) - 3349
MALLOC (0x100413b40) 16 bytes (file: link.c, line: 155) - 3365
FREE (0x100412a60) 128 bytes (file: db.c, line: 659) - 3237
MALLOC (0x100412a60) 128 bytes (file: util.c, line: 779) - 3365
MALLOC (0x100413b80) 96 bytes (file: expr.c, line: 644) - 3461
MALLOC (0x100413be0) 8 bytes (file: expr.c, line: 658) - 3469
MALLOC (0x100413bf0) 16 bytes (file: expr.c, line: 662) - 3485
MALLOC (0x100413c00) 16 bytes (file: vector.c, line: 204) - 3501
MALLOC (0x100413c10) 8 bytes (file: vector.c, line: 214) - 3509
MALLOC (0x100413c20) 48 bytes (file: vector.c, line: 216) - 3557
FREE (0x100413bf0) 16 bytes (file: vector.c, line: 5339) - 3541
MALLOC (0x100413bf0) 16 bytes (file: link.c, line: 155) - 3557
FREE (0x100412a60) 128 bytes (file: db.c, line: 659) - 3429
MALLOC (0x100412a60) 128 bytes (file: util.c, line: 779) - 3557
MALLOC (0x100413c50) 96 bytes (file: expr.c, line: 644) - 3653
MALLOC (0x100413cb0) 8 bytes (file: expr.c, line: 658) - 3661
MALLOC (0x100413cc0) 16 bytes (file: expr.c, line: 662) - 3677
MALLOC (0x100413cd0) 16 bytes (file: vector.c, line: 204) - 3693
MALLOC (0x100413ce0) 8 bytes (file: vector.c, line: 214) - 3701
MALLOC (0x100413cf0) 16 bytes (file: vector.c, line: 216) - 3717
FREE (0x100413cc0) 16 bytes (file: vector.c, line: 5339) - 3701
MALLOC (0x100413cc0) 16 bytes (file: link.c, line: 155) - 3717
FREE (0x100412a60) 128 bytes (file: db.c, line: 659) - 3589
MALLOC (0x100412a60) 128 bytes (file: util.c, line: 779) - 3717
MALLOC (0x100413d00) 96 bytes (file: expr.c, line: 644) - 3813
MALLOC (0x100413d60) 8 bytes (file: expr.c, line: 658) - 3821
MALLOC (0x100413d70) 16 bytes (file: expr.c, line: 662) - 3837
MALLOC (0x100413d80) 16 bytes (file: vector.c, line: 204) - 3853
MALLOC (0x100413d90) 8 bytes (file: vector.c, line: 214) - 3861
MALLOC (0x100413da0) 48 bytes (file: vector.c, line: 216) - 3909
FREE (0x100413da0) 48 bytes (file: vector.c, line: 5302) - 3861
FREE (0x100413d90) 8 bytes (file: vector.c, line: 5304) - 3853
FREE (0x100413d70) 16 bytes (file: vector.c, line: 5339) - 3837
MALLOC (0x100413d90) 56 bytes (file: binding.c, line: 131) - 3893
STRDUP (0x100413d70) 2 bytes (file: binding.c, line: 133) - 3895
MALLOC (0x100413dd0) 16 bytes (file: link.c, line: 155) - 3911
FREE (0x100412a60) 128 bytes (file: db.c, line: 659) - 3783
MALLOC (0x100412a60) 128 bytes (file: util.c, line: 779) - 3911
MALLOC (0x100413de0) 96 bytes (file: expr.c, line: 644) - 4007
MALLOC (0x100413e40) 8 bytes (file: expr.c, line: 658) - 4015
MALLOC (0x100413e50) 16 bytes (file: expr.c, line: 662) - 4031
FREE (0x100413e50) 16 bytes (file: vector.c, line: 5339) - 4015
MALLOC (0x100413e50) 16 bytes (file: link.c, line: 155) - 4031
FREE (0x100412a60) 128 bytes (file: db.c, line: 659) - 3903
MALLOC (0x100412a60) 128 bytes (file: util.c, line: 779) - 4031
MALLOC (0x100413e60) 56 bytes (file: statement.c, line: 142) - 4087
MALLOC (0x100413ea0) 24 bytes (file: statement.c, line: 200) - 4111
MALLOC (0x100413ec0) 24 bytes (file: statement.c, line: 200) - 4135
MALLOC (0x100413ee0) 24 bytes (file: link.c, line: 99) - 4159
FREE (0x100412a60) 128 bytes (file: db.c, line: 659) - 4031
MALLOC (0x100412a60) 128 bytes (file: util.c, line: 779) - 4159
MALLOC (0x100413f00) 56 bytes (file: statement.c, line: 142) - 4215
MALLOC (0x100413f40) 24 bytes (file: statement.c, line: 200) - 4239
FREE (0x100413ea0) 24 bytes (file: statement.c, line: 271) - 4215
FREE (0x100413ec0) 24 bytes (file: statement.c, line: 271) - 4191
MALLOC (0x100413ec0) 24 bytes (file: link.c, line: 99) - 4215
FREE (0x100412a60) 128 bytes (file: db.c, line: 659) - 4087
MALLOC (0x100412a60) 128 bytes (file: util.c, line: 779) - 4215
MALLOC (0x100413f60) 56 bytes (file: statement.c, line: 142) - 4271
FREE (0x100413f40) 24 bytes (file: statement.c, line: 271) - 4247
MALLOC (0x100413f40) 24 bytes (file: link.c, line: 99) - 4271
FREE (0x100412a60) 128 bytes (file: db.c, line: 659) - 4143
MALLOC (0x100412a60) 128 bytes (file: util.c, line: 779) - 4271
STRDUP (0x100413ea0) 5 bytes (file: util.c, line: 1046) - 4276
STRDUP (0x100413eb0) 5 bytes (file: util.c, line: 1046) - 4281
FREE (0x100413ea0) 5 bytes (file: util.c, line: 1076) - 4276
FREE (0x100413eb0) 5 bytes (file: util.c, line: 1077) - 4271
MALLOC (0x100413fa0) 104 bytes (file: instance.c, line: 141) - 4375
STRDUP (0x100413eb0) 4 bytes (file: instance.c, line: 143) - 4379
MALLOC (0x100413ea0) 16 bytes (file: link.c, line: 242) - 4395
MALLOC (0x100414010) 288 bytes (file: func_unit.c, line: 118) - 4683
STRDUP (0x100414130) 9 bytes (file: db.c, line: 611) - 4692
STRDUP (0x100414140) 12 bytes (file: db.c, line: 613) - 4704
MALLOC (0x100414150) 9 bytes (file: scope.c, line: 342) - 4713
MALLOC (0x100414160) 9 bytes (file: scope.c, line: 343) - 4722
STRDUP (0x100414170) 5 bytes (file: util.c, line: 1046) - 4727
STRDUP (0x100414180) 5 bytes (file: util.c, line: 1046) - 4732
FREE (0x100414170) 5 bytes (file: util.c, line: 1076) - 4727
FREE (0x100414180) 5 bytes (file: util.c, line: 1077) - 4722
FREE (0x100414150) 9 bytes (file: scope.c, line: 355) - 4713
FREE (0x100414160) 9 bytes (file: scope.c, line: 356) - 4704
STRDUP (0x100414160) 9 bytes (file: scope.c, line: 386) - 4713
STRDUP (0x100414150) 9 bytes (file: scope.c, line: 387) - 4722
STRDUP (0x100414170) 9 bytes (file: scope.c, line: 388) - 4731
STRDUP (0x100414180) 5 bytes (file: util.c, line: 1046) - 4736
STRDUP (0x100414190) 5 bytes (file: util.c, line: 1046) - 4741
FREE (0x100414180) 5 bytes (file: util.c, line: 1076) - 4736
FREE (0x100414190) 5 bytes (file: util.c, line: 1077) - 4731
FREE (0x100414160) 9 bytes (file: scope.c, line: 398) - 4722
FREE (0x100414150) 9 bytes (file: scope.c, line: 399) - 4713
FREE (0x100414170) 9 bytes (file: scope.c, line: 400) - 4704
MALLOC (0x100414170) 16 bytes (file: link.c, line: 242) - 4720
FREE (0x100412a60) 128 bytes (file: db.c, line: 659) - 4592
MALLOC (0x100412a60) 128 bytes (file: util.c, line: 779) - 4720
MALLOC (0x1004141a0) 96 bytes (file: expr.c, line: 644) - 4816
MALLOC (0x100414150) 8 bytes (file: expr.c, line: 658) - 4824
MALLOC (0x100414160) 16 bytes (file: expr.c, line: 662) - 4840
MALLOC (0x100414180) 16 bytes (file: vector.c, line: 204) - 4856
MALLOC (0x100414190) 8 bytes (file: vector.c, line: 214) - 4864
MALLOC (0x100414200) 16 bytes (file: vector.c, line: 216) - 4880
FREE (0x100414160) 16 bytes (file: vector.c, line: 5339) - 4864
MALLOC (0x100414160) 16 bytes (file: link.c, line: 155) - 4880
FREE (0x100412a60) 128 bytes (file: db.c, line: 659) - 4752
MALLOC (0x100412a60) 128 bytes (file: util.c, line: 779) - 4880
MALLOC (0x100414210) 96 bytes (file: expr.c, line: 644) - 4976
MALLOC (0x100414270) 8 bytes (file: expr.c, line: 658) - 4984
MALLOC (0x100414280) 16 bytes (file: expr.c, line: 662) - 5000
MALLOC (0x100414290) 16 bytes (file: vector.c, line: 204) - 5016
MALLOC (0x1004142a0) 8 bytes (file: vector.c, line: 214) - 5024
MALLOC (0x1004142b0) 48 bytes (file: vector.c, line: 216) - 5072
FREE (0x100414280) 16 bytes (file: vector.c, line: 5339) - 5056
MALLOC (0x100414280) 16 bytes (file: link.c, line: 155) - 5072
FREE (0x100412a60) 128 bytes (file: db.c, line: 659) - 4944
MALLOC (0x100412a60) 128 bytes (file: util.c, line: 779) - 5072
MALLOC (0x1004142e0) 96 bytes (file: expr.c, line: 644) - 5168
MALLOC (0x100414340) 8 bytes (file: expr.c, line: 658) - 5176
MALLOC (0x100414350) 16 bytes (file: expr.c, line: 662) - 5192
MALLOC (0x100414360) 16 bytes (file: vector.c, line: 204) - 5208
MALLOC (0x100414370) 8 bytes (file: vector.c, line: 214) - 5216
MALLOC (0x100414380) 48 bytes (file: vector.c, line: 216) - 5264
FREE (0x100414360) 16 bytes (file: expr.c, line: 603) - 5248
MALLOC (0x100414360) 16 bytes (file: vector.c, line: 204) - 5264
MALLOC (0x1004143b0) 8 bytes (file: vector.c, line: 214) - 5272
MALLOC (0x1004143c0) 48 bytes (file: vector.c, line: 216) - 5320
FREE (0x100414380) 48 bytes (file: vector.c, line: 5302) - 5272
FREE (0x100414370) 8 bytes (file: vector.c, line: 5304) - 5264
FREE (0x100414350) 16 bytes (file: vector.c, line: 5339) - 5248
MALLOC (0x100414350) 16 bytes (file: link.c, line: 155) - 5264
FREE (0x100412a60) 128 bytes (file: db.c, line: 659) - 5136
MALLOC (0x100412a60) 128 bytes (file: util.c, line: 779) - 5264
MALLOC (0x100414370) 56 bytes (file: statement.c, line: 142) - 5320
MALLOC (0x1004143f0) 24 bytes (file: statement.c, line: 200) - 5344
MALLOC (0x100414410) 24 bytes (file: link.c, line: 99) - 5368
FREE (0x100412a60) 128 bytes (file: db.c, line: 659) - 5240
MALLOC (0x100412a60) 128 bytes (file: util.c, line: 779) - 5368
MALLOC (0x100414430) 56 bytes (file: statement.c, line: 142) - 5424
FREE (0x1004143f0) 24 bytes (file: statement.c, line: 271) - 5400
MALLOC (0x1004143f0) 24 bytes (file: link.c, line: 99) - 5424
FREE (0x100412a60) 128 bytes (file: db.c, line: 659) - 5296
MALLOC (0x100412a60) 128 bytes (file: util.c, line: 779) - 5424
FREE (0x100412a60) 128 bytes (file: util.c, line: 796) - 5296
STRDUP (0x100414470) 5 bytes (file: util.c, line: 1046) - 5301
STRDUP (0x100414480) 5 bytes (file: util.c, line: 1046) - 5306
FREE (0x100414470) 5 bytes (file: util.c, line: 1076) - 5301
FREE (0x100414480) 5 bytes (file: util.c, line: 1077) - 5296
MALLOC (0x100412a60) 104 bytes (file: instance.c, line: 141) - 5400
STRDUP (0x100414480) 4 bytes (file: instance.c, line: 143) - 5404
MALLOC (0x100412ad0) 16 bytes (file: link.c, line: 242) - 5420
STRDUP (0x100414470) 5 bytes (file: util.c, line: 1046) - 5425
STRDUP (0x100414490) 5 bytes (file: util.c, line: 1046) - 5430
FREE (0x100414470) 5 bytes (file: util.c, line: 1076) - 5425
FREE (0x100414490) 5 bytes (file: util.c, line: 1077) - 5420
STRDUP (0x100414490) 4 bytes (file: util.c, line: 1046) - 5424
STRDUP (0x100414470) 4 bytes (file: util.c, line: 1046) - 5428
FREE (0x100414490) 4 bytes (file: util.c, line: 1076) - 5424
FREE (0x100414470) 4 bytes (file: util.c, line: 1077) - 5420
STRDUP (0x100414470) 4 bytes (file: binding.c, line: 853) - 5424
FREE (0x100413330) 4 bytes (file: binding.c, line: 270) - 5420
FREE (0x100413390) 56 bytes (file: binding.c, line: 271) - 5364
STRDUP (0x100413330) 5 bytes (file: util.c, line: 1046) - 5369
STRDUP (0x100414490) 5 bytes (file: util.c, line: 1046) - 5374
FREE (0x100413330) 5 bytes (file: util.c, line: 1076) - 5369
FREE (0x100414490) 5 bytes (file: util.c, line: 1077) - 5364
STRDUP (0x100414490) 4 bytes (file: util.c, line: 1046) - 5368
STRDUP (0x100413330) 4 bytes (file: util.c, line: 1046) - 5372
FREE (0x100414490) 4 bytes (file: util.c, line: 1076) - 5368
FREE (0x100413330) 4 bytes (file: util.c, line: 1077) - 5364
STRDUP (0x100413330) 4 bytes (file: util.c, line: 1046) - 5368
STRDUP (0x100414490) 4 bytes (file: util.c, line: 1046) - 5372
FREE (0x100413330) 4 bytes (file: util.c, line: 1076) - 5368
FREE (0x100414490) 4 bytes (file: util.c, line: 1077) - 5364
STRDUP (0x100414490) 4 bytes (file: binding.c, line: 853) - 5368
FREE (0x100413450) 4 bytes (file: binding.c, line: 270) - 5364
FREE (0x1004134b0) 56 bytes (file: binding.c, line: 271) - 5308
STRDUP (0x100413450) 2 bytes (file: scope.c, line: 124) - 5310
FREE (0x100413450) 2 bytes (file: scope.c, line: 175) - 5308
STRDUP (0x100413450) 2 bytes (file: scope.c, line: 209) - 5310
MALLOC (0x1004134b0) 40 bytes (file: gen_item.c, line: 550) - 5350
FREE (0x1004134b0) 40 bytes (file: gen_item.c, line: 1223) - 5310
STRDUP (0x1004134e0) 2 bytes (file: util.c, line: 1046) - 5312
STRDUP (0x100413330) 2 bytes (file: util.c, line: 1046) - 5314
FREE (0x1004134e0) 2 bytes (file: util.c, line: 1076) - 5312
FREE (0x100413330) 2 bytes (file: util.c, line: 1077) - 5310
FREE (0x100413450) 2 bytes (file: scope.c, line: 272) - 5308
MALLOC (0x100413450) 16 bytes (file: link.c, line: 155) - 5324
STRDUP (0x100413330) 2 bytes (file: binding.c, line: 853) - 5326
FREE (0x1004139e0) 2 bytes (file: binding.c, line: 270) - 5324
FREE (0x100413a00) 56 bytes (file: binding.c, line: 271) - 5268
STRDUP (0x1004139e0) 2 bytes (file: scope.c, line: 124) - 5270
FREE (0x1004139e0) 2 bytes (file: scope.c, line: 175) - 5268
STRDUP (0x1004139e0) 2 bytes (file: scope.c, line: 209) - 5270
MALLOC (0x100413a00) 40 bytes (file: gen_item.c, line: 550) - 5310
FREE (0x100413a00) 40 bytes (file: gen_item.c, line: 1223) - 5270
STRDUP (0x100413a30) 2 bytes (file: util.c, line: 1046) - 5272
STRDUP (0x1004134b0) 2 bytes (file: util.c, line: 1046) - 5274
FREE (0x100413a30) 2 bytes (file: util.c, line: 1076) - 5272
FREE (0x1004134b0) 2 bytes (file: util.c, line: 1077) - 5270
FREE (0x1004139e0) 2 bytes (file: scope.c, line: 272) - 5268
MALLOC (0x1004139e0) 16 bytes (file: link.c, line: 155) - 5284
STRDUP (0x1004134b0) 2 bytes (file: binding.c, line: 853) - 5286
FREE (0x100413d70) 2 bytes (file: binding.c, line: 270) - 5284
FREE (0x100413d90) 56 bytes (file: binding.c, line: 271) - 5228
Exclusion ID: L10, Status: EXCLUDED
STRDUP (0x1004134c0) 24 bytes (file: report.c, line: 1026) - 5252
MALLOC (0x1004134e0) 3 bytes (file: report.c, line: 1030) - 5255

  This line is not needed 

FREE (0x1004134c0) 24 bytes (file: report.c, line: 1067) - 5231
FREE (0x1004134e0) 3 bytes (file: report.c, line: 1068) - 5228
STRDUP (0x1004134e0) 6 bytes (file: util.c, line: 1046) - 5234
STRDUP (0x100413d70) 6 bytes (file: util.c, line: 1046) - 5240
FREE (0x1004134e0) 6 bytes (file: util.c, line: 1076) - 5234
FREE (0x100413d70) 6 bytes (file: util.c, line: 1077) - 5228
FREE (0x100413140) 6 bytes (file: instance.c, line: 1476) - 5222
FREE (0x1004130d0) 104 bytes (file: instance.c, line: 1497) - 5118
FREE (0x100413150) 24 bytes (file: link.c, line: 1253) - 5094
STRDUP (0x100413d70) 5 bytes (file: util.c, line: 1046) - 5099
STRDUP (0x1004134c0) 5 bytes (file: util.c, line: 1046) - 5104
FREE (0x100413d70) 5 bytes (file: util.c, line: 1076) - 5099
FREE (0x1004134c0) 5 bytes (file: util.c, line: 1077) - 5094
FREE (0x100413eb0) 4 bytes (file: instance.c, line: 1476) - 5090
FREE (0x100413fa0) 104 bytes (file: instance.c, line: 1497) - 4986
FREE (0x100414480) 4 bytes (file: instance.c, line: 1476) - 4982
FREE (0x100412a60) 104 bytes (file: instance.c, line: 1497) - 4878
FREE (0x1004136d0) 5 bytes (file: instance.c, line: 1476) - 4873
FREE (0x1004136e0) 104 bytes (file: instance.c, line: 1497) - 4769
FREE (0x100413750) 24 bytes (file: link.c, line: 1253) - 4745
FREE (0x1004130b0) 6 bytes (file: func_unit.c, line: 1717) - 4739
FREE (0x1004130c0) 3 bytes (file: func_unit.c, line: 1723) - 4736
FREE (0x100412f90) 288 bytes (file: func_unit.c, line: 1768) - 4448
FREE (0x100413170) 16 bytes (file: link.c, line: 1196) - 4432
FREE (0x1004135f0) 2 bytes (file: vsignal.c, line: 763) - 4430
FREE (0x100413500) 8 bytes (file: vsignal.c, line: 767) - 4422
FREE (0x100413530) 48 bytes (file: vector.c, line: 5302) - 4374
FREE (0x100413520) 8 bytes (file: vector.c, line: 5304) - 4366
FREE (0x100413510) 16 bytes (file: vector.c, line: 5339) - 4350
FREE (0x100413450) 16 bytes (file: link.c, line: 1108) - 4334
FREE (0x1004139e0) 16 bytes (file: link.c, line: 1108) - 4318
FREE (0x100413560) 64 bytes (file: vsignal.c, line: 784) - 4254
FREE (0x1004135a0) 16 bytes (file: link.c, line: 1138) - 4238
FREE (0x100413360) 48 bytes (file: vector.c, line: 5302) - 4190
FREE (0x100413350) 8 bytes (file: vector.c, line: 5304) - 4182
FREE (0x100413340) 16 bytes (file: vector.c, line: 5339) - 4166
FREE (0x100413320) 8 bytes (file: expr.c, line: 6306) - 4158
FREE (0x100414470) 4 bytes (file: expr.c, line: 6309) - 4154
FREE (0x1004132c0) 96 bytes (file: expr.c, line: 6312) - 4058
FREE (0x1004133d0) 16 bytes (file: link.c, line: 1108) - 4042
FREE (0x100413480) 48 bytes (file: vector.c, line: 5302) - 3994
FREE (0x100413470) 8 bytes (file: vector.c, line: 5304) - 3986
FREE (0x100413460) 16 bytes (file: vector.c, line: 5339) - 3970
FREE (0x100413440) 8 bytes (file: expr.c, line: 6306) - 3962
FREE (0x100414490) 4 bytes (file: expr.c, line: 6309) - 3958
FREE (0x1004133e0) 96 bytes (file: expr.c, line: 6312) - 3862
FREE (0x1004134f0) 16 bytes (file: link.c, line: 1108) - 3846
FREE (0x1004135b0) 56 bytes (file: statement.c, line: 956) - 3790
FREE (0x100413600) 24 bytes (file: link.c, line: 1078) - 3766
FREE (0x100413620) 56 bytes (file: statement.c, line: 956) - 3710
FREE (0x100413660) 24 bytes (file: link.c, line: 1078) - 3686
FREE (0x1004138d0) 16 bytes (file: link.c, line: 1196) - 3670
FREE (0x100414170) 16 bytes (file: link.c, line: 1196) - 3654
FREE (0x1004136a0) 24 bytes (file: func_unit.c, line: 1706) - 3630
FREE (0x100413680) 32 bytes (file: func_unit.c, line: 1707) - 3598
FREE (0x1004132a0) 5 bytes (file: func_unit.c, line: 1717) - 3593
FREE (0x1004132b0) 12 bytes (file: func_unit.c, line: 1723) - 3581
FREE (0x100413180) 288 bytes (file: func_unit.c, line: 1768) - 3293
FREE (0x1004136c0) 16 bytes (file: link.c, line: 1196) - 3277
FREE (0x100413960) 16 bytes (file: vector.c, line: 5302) - 3261
FREE (0x1004138f0) 8 bytes (file: vector.c, line: 5304) - 3253
FREE (0x1004138e0) 16 bytes (file: vector.c, line: 5339) - 3237
FREE (0x1004138b0) 8 bytes (file: expr.c, line: 6306) - 3229
FREE (0x100413900) 96 bytes (file: expr.c, line: 6312) - 3133
FREE (0x1004138c0) 16 bytes (file: link.c, line: 1108) - 3117
FREE (0x1004139f0) 16 bytes (file: vector.c, line: 5339) - 3101
FREE (0x1004139d0) 8 bytes (file: expr.c, line: 6306) - 3093
FREE (0x100413330) 2 bytes (file: expr.c, line: 6309) - 3091
FREE (0x100413970) 96 bytes (file: expr.c, line: 6312) - 2995
FREE (0x100413a40) 16 bytes (file: link.c, line: 1108) - 2979
FREE (0x100413ab0) 8 bytes (file: expr.c, line: 6306) - 2971
FREE (0x100413a50) 96 bytes (file: expr.c, line: 6312) - 2875
FREE (0x100413ac0) 16 bytes (file: link.c, line: 1108) - 2859
FREE (0x100413b70) 16 bytes (file: vector.c, line: 5302) - 2843
FREE (0x100413b60) 8 bytes (file: vector.c, line: 5304) - 2835
FREE (0x100413b50) 16 bytes (file: vector.c, line: 5339) - 2819
FREE (0x100413b30) 8 bytes (file: expr.c, line: 6306) - 2811
FREE (0x100413ad0) 96 bytes (file: expr.c, line: 6312) - 2715
FREE (0x100413b40) 16 bytes (file: link.c, line: 1108) - 2699
FREE (0x100413c20) 48 bytes (file: vector.c, line: 5302) - 2651
FREE (0x100413c10) 8 bytes (file: vector.c, line: 5304) - 2643
FREE (0x100413c00) 16 bytes (file: vector.c, line: 5339) - 2627
FREE (0x100413be0) 8 bytes (file: expr.c, line: 6306) - 2619
FREE (0x100413b80) 96 bytes (file: expr.c, line: 6312) - 2523
FREE (0x100413bf0) 16 bytes (file: link.c, line: 1108) - 2507
FREE (0x100413cf0) 16 bytes (file: vector.c, line: 5302) - 2491
FREE (0x100413ce0) 8 bytes (file: vector.c, line: 5304) - 2483
FREE (0x100413cd0) 16 bytes (file: vector.c, line: 5339) - 2467
FREE (0x100413cb0) 8 bytes (file: expr.c, line: 6306) - 2459
FREE (0x100413c50) 96 bytes (file: expr.c, line: 6312) - 2363
FREE (0x100413cc0) 16 bytes (file: link.c, line: 1108) - 2347
FREE (0x100413d80) 16 bytes (file: vector.c, line: 5339) - 2331
FREE (0x100413d60) 8 bytes (file: expr.c, line: 6306) - 2323
FREE (0x1004134b0) 2 bytes (file: expr.c, line: 6309) - 2321
FREE (0x100413d00) 96 bytes (file: expr.c, line: 6312) - 2225
FREE (0x100413dd0) 16 bytes (file: link.c, line: 1108) - 2209
FREE (0x100413e40) 8 bytes (file: expr.c, line: 6306) - 2201
FREE (0x100413de0) 96 bytes (file: expr.c, line: 6312) - 2105
FREE (0x100413e50) 16 bytes (file: link.c, line: 1108) - 2089
FREE (0x100413e60) 56 bytes (file: statement.c, line: 956) - 2033
FREE (0x100413ee0) 24 bytes (file: link.c, line: 1078) - 2009
FREE (0x100413f00) 56 bytes (file: statement.c, line: 956) - 1953
FREE (0x100413ec0) 24 bytes (file: link.c, line: 1078) - 1929
FREE (0x100413f60) 56 bytes (file: statement.c, line: 956) - 1873
FREE (0x100413f40) 24 bytes (file: link.c, line: 1078) - 1849
FREE (0x100413890) 9 bytes (file: func_unit.c, line: 1717) - 1840
FREE (0x1004138a0) 12 bytes (file: func_unit.c, line: 1723) - 1828
FREE (0x100413770) 288 bytes (file: func_unit.c, line: 1768) - 1540
FREE (0x100413ea0) 16 bytes (file: link.c, line: 1196) - 1524
FREE (0x100414200) 16 bytes (file: vector.c, line: 5302) - 1508
FREE (0x100414190) 8 bytes (file: vector.c, line: 5304) - 1500
FREE (0x100414180) 16 bytes (file: vector.c, line: 5339) - 1484
FREE (0x100414150) 8 bytes (file: expr.c, line: 6306) - 1476
FREE (0x1004141a0) 96 bytes (file: expr.c, line: 6312) - 1380
FREE (0x100414160) 16 bytes (file: link.c, line: 1108) - 1364
FREE (0x1004142b0) 48 bytes (file: vector.c, line: 5302) - 1316
FREE (0x1004142a0) 8 bytes (file: vector.c, line: 5304) - 1308
FREE (0x100414290) 16 bytes (file: vector.c, line: 5339) - 1292
FREE (0x100414270) 8 bytes (file: expr.c, line: 6306) - 1284
FREE (0x100414210) 96 bytes (file: expr.c, line: 6312) - 1188
FREE (0x100414280) 16 bytes (file: link.c, line: 1108) - 1172
FREE (0x1004143c0) 48 bytes (file: vector.c, line: 5302) - 1124
FREE (0x1004143b0) 8 bytes (file: vector.c, line: 5304) - 1116
FREE (0x100414360) 16 bytes (file: vector.c, line: 5339) - 1100
FREE (0x100414340) 8 bytes (file: expr.c, line: 6306) - 1092
FREE (0x1004142e0) 96 bytes (file: expr.c, line: 6312) - 996
FREE (0x100414350) 16 bytes (file: link.c, line: 1108) - 980
FREE (0x100414370) 56 bytes (file: statement.c, line: 956) - 924
FREE (0x100414410) 24 bytes (file: link.c, line: 1078) - 900
FREE (0x100414430) 56 bytes (file: statement.c, line: 956) - 844
FREE (0x1004143f0) 24 bytes (file: link.c, line: 1078) - 820
FREE (0x100414130) 9 bytes (file: func_unit.c, line: 1717) - 811
FREE (0x100414140) 12 bytes (file: func_unit.c, line: 1723) - 799
FREE (0x100414010) 288 bytes (file: func_unit.c, line: 1768) - 511
FREE (0x100412ad0) 16 bytes (file: link.c, line: 1196) - 495
FREE (0x100412e40) 2 bytes (file: db.c, line: 257) - 493
FREE (0x100412ae0) 8 bytes (file: db.c, line: 259) - 485
FREE (0x100412da0) 72 bytes (file: db.c, line: 267) - 413
FREE (0x100412e50) 3 bytes (file: link.c, line: 1000) - 410
FREE (0x100412e90) 5 bytes (file: link.c, line: 1001) - 405
FREE (0x100412e60) 48 bytes (file: link.c, line: 1007) - 357
FREE (0x100412ea0) 5 bytes (file: link.c, line: 1000) - 352
FREE (0x100412ee0) 14 bytes (file: link.c, line: 1001) - 338
FREE (0x100412eb0) 48 bytes (file: link.c, line: 1007) - 290
FREE (0x100412ef0) 3 bytes (file: link.c, line: 1000) - 287
FREE (0x100412f30) 12 bytes (file: link.c, line: 1001) - 275
FREE (0x100412f00) 48 bytes (file: link.c, line: 1007) - 227
FREE (0x100412f40) 3 bytes (file: link.c, line: 1000) - 224
FREE (0x100412f80) 14 bytes (file: link.c, line: 1001) - 210
FREE (0x100412f50) 48 bytes (file: link.c, line: 1007) - 162
FREE (0x100412df0) 72 bytes (file: db.c, line: 296) - 90
FREE (0x100412a10) 4 bytes (file: link.c, line: 1000) - 86
FREE (0x100412a20) 48 bytes (file: link.c, line: 1007) - 38
FREE (0x100412a50) 14 bytes (file: exclude.c, line: 1930) - 24
FREE (0x1004129f0) 24 bytes (file: profiler.c, line: 133) - 0
curr_malloc_size: 0
