MALLOC (0x100412a00) 24 bytes (file: util.c, line: 1532) - 24
STRDUP (0x100412a20) 4 bytes (file: exclude.c, line: 872) - 28
MALLOC (0x100412a30) 48 bytes (file: link.c, line: 61) - 76
STRDUP (0x100412a60) 16 bytes (file: exclude.c, line: 862) - 92
MALLOC (0x100412a70) 128 bytes (file: util.c, line: 779) - 220
MALLOC (0x100412db0) 72 bytes (file: db.c, line: 212) - 292
REALLOC (0x0 -> 0x100412e00) 72 (0) bytes (file: db.c, line: 224) - 364
REALLOC (0x0 -> 0x100412af0) 8 (0) bytes (file: info.c, line: 275) - 372
STRDUP (0x100412e50) 2 bytes (file: info.c, line: 276) - 374
FREE (0x100412a70) 128 bytes (file: db.c, line: 659) - 246
MALLOC (0x100412a70) 128 bytes (file: util.c, line: 779) - 374
REALLOC (0x100412a70 -> 0x100412e60) 256 (128) bytes (file: util.c, line: 785) - 502
STRDUP (0x100412f60) 3 bytes (file: info.c, line: 106) - 505
MALLOC (0x100412f70) 48 bytes (file: link.c, line: 61) - 553
STRDUP (0x100412fa0) 5 bytes (file: info.c, line: 108) - 558
STRDUP (0x100412fb0) 5 bytes (file: info.c, line: 106) - 563
MALLOC (0x100412fc0) 48 bytes (file: link.c, line: 61) - 611
STRDUP (0x100412ff0) 16 bytes (file: info.c, line: 108) - 627
STRDUP (0x100413000) 3 bytes (file: info.c, line: 106) - 630
MALLOC (0x100413010) 48 bytes (file: link.c, line: 61) - 678
STRDUP (0x100413040) 14 bytes (file: info.c, line: 108) - 692
STRDUP (0x100413050) 3 bytes (file: info.c, line: 106) - 695
MALLOC (0x100413060) 48 bytes (file: link.c, line: 61) - 743
STRDUP (0x100413090) 16 bytes (file: info.c, line: 108) - 759
FREE (0x100412e60) 256 bytes (file: db.c, line: 659) - 503
MALLOC (0x100412a70) 128 bytes (file: util.c, line: 779) - 631
MALLOC (0x1004130a0) 288 bytes (file: func_unit.c, line: 118) - 919
STRDUP (0x100412e60) 6 bytes (file: db.c, line: 611) - 925
STRDUP (0x100412e70) 3 bytes (file: db.c, line: 613) - 928
FREE (0x100412a70) 128 bytes (file: db.c, line: 659) - 800
MALLOC (0x100412a70) 128 bytes (file: util.c, line: 779) - 928
MALLOC (0x100412e80) 104 bytes (file: instance.c, line: 141) - 1032
STRDUP (0x100412ef0) 6 bytes (file: instance.c, line: 143) - 1038
MALLOC (0x100412f00) 24 bytes (file: link.c, line: 304) - 1062
MALLOC (0x100412f20) 16 bytes (file: link.c, line: 242) - 1078
MALLOC (0x1004131c0) 288 bytes (file: func_unit.c, line: 118) - 1366
STRDUP (0x100412f30) 5 bytes (file: db.c, line: 611) - 1371
STRDUP (0x100412f40) 14 bytes (file: db.c, line: 613) - 1385
FREE (0x100412a70) 128 bytes (file: db.c, line: 659) - 1257
MALLOC (0x100412a70) 128 bytes (file: util.c, line: 779) - 1385
MALLOC (0x1004132e0) 96 bytes (file: expr.c, line: 644) - 1481
MALLOC (0x100412f50) 8 bytes (file: expr.c, line: 658) - 1489
MALLOC (0x100413340) 16 bytes (file: expr.c, line: 662) - 1505
MALLOC (0x100413350) 16 bytes (file: vector.c, line: 204) - 1521
MALLOC (0x100413360) 8 bytes (file: vector.c, line: 214) - 1529
MALLOC (0x100413370) 48 bytes (file: vector.c, line: 216) - 1577
FREE (0x100413340) 16 bytes (file: vector.c, line: 5339) - 1561
MALLOC (0x1004133a0) 56 bytes (file: binding.c, line: 131) - 1617
STRDUP (0x100413340) 4 bytes (file: binding.c, line: 133) - 1621
MALLOC (0x1004133e0) 16 bytes (file: link.c, line: 155) - 1637
FREE (0x100412a70) 128 bytes (file: db.c, line: 659) - 1509
MALLOC (0x100412a70) 128 bytes (file: util.c, line: 779) - 1637
MALLOC (0x1004133f0) 96 bytes (file: expr.c, line: 644) - 1733
MALLOC (0x100413450) 8 bytes (file: expr.c, line: 658) - 1741
MALLOC (0x100413460) 16 bytes (file: expr.c, line: 662) - 1757
MALLOC (0x100413470) 16 bytes (file: vector.c, line: 204) - 1773
MALLOC (0x100413480) 8 bytes (file: vector.c, line: 214) - 1781
MALLOC (0x100413490) 48 bytes (file: vector.c, line: 216) - 1829
FREE (0x100413460) 16 bytes (file: vector.c, line: 5339) - 1813
MALLOC (0x1004134c0) 56 bytes (file: binding.c, line: 131) - 1869
STRDUP (0x100413460) 4 bytes (file: binding.c, line: 133) - 1873
MALLOC (0x100413500) 16 bytes (file: link.c, line: 155) - 1889
FREE (0x100412a70) 128 bytes (file: db.c, line: 659) - 1761
MALLOC (0x100412a70) 128 bytes (file: util.c, line: 779) - 1889
MALLOC (0x100413510) 16 bytes (file: vsignal.c, line: 318) - 1905
MALLOC (0x100413520) 16 bytes (file: vector.c, line: 204) - 1921
MALLOC (0x100413530) 8 bytes (file: vector.c, line: 214) - 1929
MALLOC (0x100413540) 64 bytes (file: vector.c, line: 216) - 1993
MALLOC (0x100413580) 64 bytes (file: vsignal.c, line: 99) - 2057
MALLOC (0x1004135c0) 16 bytes (file: vector.c, line: 204) - 2073
MALLOC (0x1004135d0) 8 bytes (file: vector.c, line: 214) - 2081
MALLOC (0x1004135e0) 64 bytes (file: vector.c, line: 216) - 2145
STRDUP (0x100413620) 2 bytes (file: vsignal.c, line: 111) - 2147
FREE (0x1004135e0) 64 bytes (file: vector.c, line: 5302) - 2083
FREE (0x1004135d0) 8 bytes (file: vector.c, line: 5304) - 2075
FREE (0x1004135c0) 16 bytes (file: vector.c, line: 5339) - 2059
MALLOC (0x1004135c0) 16 bytes (file: link.c, line: 184) - 2075
FREE (0x100412a70) 128 bytes (file: db.c, line: 659) - 1947
MALLOC (0x100412a70) 128 bytes (file: util.c, line: 779) - 2075
MALLOC (0x1004135d0) 16 bytes (file: vsignal.c, line: 318) - 2091
MALLOC (0x1004135e0) 16 bytes (file: vector.c, line: 204) - 2107
MALLOC (0x1004135f0) 8 bytes (file: vector.c, line: 214) - 2115
MALLOC (0x100413630) 64 bytes (file: vector.c, line: 216) - 2179
MALLOC (0x100413670) 64 bytes (file: vsignal.c, line: 99) - 2243
MALLOC (0x100413600) 16 bytes (file: vector.c, line: 204) - 2259
MALLOC (0x100413610) 8 bytes (file: vector.c, line: 214) - 2267
MALLOC (0x1004136b0) 64 bytes (file: vector.c, line: 216) - 2331
STRDUP (0x1004136f0) 2 bytes (file: vsignal.c, line: 111) - 2333
FREE (0x1004136b0) 64 bytes (file: vector.c, line: 5302) - 2269
FREE (0x100413610) 8 bytes (file: vector.c, line: 5304) - 2261
FREE (0x100413600) 16 bytes (file: vector.c, line: 5339) - 2245
MALLOC (0x100413600) 16 bytes (file: link.c, line: 184) - 2261
FREE (0x100412a70) 128 bytes (file: db.c, line: 659) - 2133
MALLOC (0x100412a70) 128 bytes (file: util.c, line: 779) - 2261
MALLOC (0x1004136b0) 56 bytes (file: statement.c, line: 142) - 2317
MALLOC (0x100413700) 24 bytes (file: link.c, line: 99) - 2341
FREE (0x100412a70) 128 bytes (file: db.c, line: 659) - 2213
MALLOC (0x100412a70) 128 bytes (file: util.c, line: 779) - 2341
MALLOC (0x100413720) 56 bytes (file: statement.c, line: 142) - 2397
MALLOC (0x100413760) 24 bytes (file: link.c, line: 99) - 2421
FREE (0x100412a70) 128 bytes (file: db.c, line: 659) - 2293
MALLOC (0x100412a70) 128 bytes (file: util.c, line: 779) - 2421
MALLOC (0x100413780) 32 bytes (file: exclude.c, line: 945) - 2453
STRDUP (0x1004137a0) 26 bytes (file: exclude.c, line: 956) - 2479
FREE (0x100412a70) 128 bytes (file: db.c, line: 659) - 2351
MALLOC (0x100412a70) 128 bytes (file: util.c, line: 779) - 2479
STRDUP (0x100413610) 1 bytes (file: util.c, line: 1046) - 2480
STRDUP (0x1004137c0) 6 bytes (file: util.c, line: 1046) - 2486
FREE (0x100413610) 1 bytes (file: util.c, line: 1076) - 2485
FREE (0x1004137c0) 6 bytes (file: util.c, line: 1077) - 2479
MALLOC (0x1004137d0) 104 bytes (file: instance.c, line: 141) - 2583
STRDUP (0x1004137c0) 5 bytes (file: instance.c, line: 143) - 2588
MALLOC (0x100413840) 24 bytes (file: link.c, line: 304) - 2612
MALLOC (0x100413610) 16 bytes (file: link.c, line: 242) - 2628
MALLOC (0x100413860) 288 bytes (file: func_unit.c, line: 118) - 2916
STRDUP (0x100413980) 9 bytes (file: db.c, line: 611) - 2925
STRDUP (0x100413990) 14 bytes (file: db.c, line: 613) - 2939
MALLOC (0x1004139a0) 9 bytes (file: scope.c, line: 342) - 2948
MALLOC (0x1004139b0) 9 bytes (file: scope.c, line: 343) - 2957
STRDUP (0x1004139c0) 5 bytes (file: util.c, line: 1046) - 2962
STRDUP (0x1004139d0) 5 bytes (file: util.c, line: 1046) - 2967
FREE (0x1004139c0) 5 bytes (file: util.c, line: 1076) - 2962
FREE (0x1004139d0) 5 bytes (file: util.c, line: 1077) - 2957
FREE (0x1004139a0) 9 bytes (file: scope.c, line: 355) - 2948
FREE (0x1004139b0) 9 bytes (file: scope.c, line: 356) - 2939
STRDUP (0x1004139b0) 9 bytes (file: scope.c, line: 386) - 2948
STRDUP (0x1004139a0) 9 bytes (file: scope.c, line: 387) - 2957
STRDUP (0x1004139c0) 9 bytes (file: scope.c, line: 388) - 2966
STRDUP (0x1004139d0) 5 bytes (file: util.c, line: 1046) - 2971
STRDUP (0x1004139e0) 5 bytes (file: util.c, line: 1046) - 2976
FREE (0x1004139d0) 5 bytes (file: util.c, line: 1076) - 2971
FREE (0x1004139e0) 5 bytes (file: util.c, line: 1077) - 2966
FREE (0x1004139b0) 9 bytes (file: scope.c, line: 398) - 2957
FREE (0x1004139a0) 9 bytes (file: scope.c, line: 399) - 2948
FREE (0x1004139c0) 9 bytes (file: scope.c, line: 400) - 2939
MALLOC (0x1004139c0) 16 bytes (file: link.c, line: 242) - 2955
FREE (0x100412a70) 128 bytes (file: db.c, line: 659) - 2827
MALLOC (0x100412a70) 128 bytes (file: util.c, line: 779) - 2955
MALLOC (0x1004139f0) 96 bytes (file: expr.c, line: 644) - 3051
MALLOC (0x1004139a0) 8 bytes (file: expr.c, line: 658) - 3059
MALLOC (0x1004139b0) 16 bytes (file: expr.c, line: 662) - 3075
MALLOC (0x1004139d0) 16 bytes (file: vector.c, line: 204) - 3091
MALLOC (0x1004139e0) 8 bytes (file: vector.c, line: 214) - 3099
MALLOC (0x100413a50) 16 bytes (file: vector.c, line: 216) - 3115
FREE (0x1004139b0) 16 bytes (file: vector.c, line: 5339) - 3099
MALLOC (0x1004139b0) 16 bytes (file: link.c, line: 155) - 3115
FREE (0x100412a70) 128 bytes (file: db.c, line: 659) - 2987
MALLOC (0x100412a70) 128 bytes (file: util.c, line: 779) - 3115
MALLOC (0x100413a60) 96 bytes (file: expr.c, line: 644) - 3211
MALLOC (0x100413ac0) 8 bytes (file: expr.c, line: 658) - 3219
MALLOC (0x100413ad0) 16 bytes (file: expr.c, line: 662) - 3235
MALLOC (0x100413ae0) 16 bytes (file: vector.c, line: 204) - 3251
MALLOC (0x100413af0) 8 bytes (file: vector.c, line: 214) - 3259
MALLOC (0x100413b00) 16 bytes (file: vector.c, line: 216) - 3275
FREE (0x100413ad0) 16 bytes (file: vector.c, line: 5339) - 3259
MALLOC (0x100413ad0) 16 bytes (file: link.c, line: 155) - 3275
FREE (0x100412a70) 128 bytes (file: db.c, line: 659) - 3147
MALLOC (0x100412a70) 128 bytes (file: util.c, line: 779) - 3275
MALLOC (0x100413b10) 96 bytes (file: expr.c, line: 644) - 3371
MALLOC (0x100413b70) 8 bytes (file: expr.c, line: 658) - 3379
MALLOC (0x100413b80) 16 bytes (file: expr.c, line: 662) - 3395
MALLOC (0x100413b90) 20 bytes (file: expr.c, line: 671) - 3415
MALLOC (0x100413bb0) 16 bytes (file: vector.c, line: 204) - 3431
MALLOC (0x100413bc0) 8 bytes (file: vector.c, line: 214) - 3439
MALLOC (0x100413bd0) 48 bytes (file: vector.c, line: 216) - 3487
FREE (0x100413b80) 16 bytes (file: vector.c, line: 5339) - 3471
MALLOC (0x100413c00) 56 bytes (file: binding.c, line: 131) - 3527
STRDUP (0x100413b80) 2 bytes (file: binding.c, line: 133) - 3529
MALLOC (0x100413c40) 16 bytes (file: link.c, line: 155) - 3545
FREE (0x100412a70) 128 bytes (file: db.c, line: 659) - 3417
MALLOC (0x100412a70) 128 bytes (file: util.c, line: 779) - 3545
MALLOC (0x100413c50) 96 bytes (file: expr.c, line: 644) - 3641
MALLOC (0x100413cb0) 8 bytes (file: expr.c, line: 658) - 3649
MALLOC (0x100413cc0) 16 bytes (file: expr.c, line: 662) - 3665
FREE (0x100413cc0) 16 bytes (file: vector.c, line: 5339) - 3649
MALLOC (0x100413cc0) 16 bytes (file: link.c, line: 155) - 3665
FREE (0x100412a70) 128 bytes (file: db.c, line: 659) - 3537
MALLOC (0x100412a70) 128 bytes (file: util.c, line: 779) - 3665
MALLOC (0x100413cd0) 96 bytes (file: expr.c, line: 644) - 3761
MALLOC (0x100413d30) 8 bytes (file: expr.c, line: 658) - 3769
MALLOC (0x100413d40) 16 bytes (file: expr.c, line: 662) - 3785
MALLOC (0x100413d50) 16 bytes (file: vector.c, line: 204) - 3801
MALLOC (0x100413d60) 8 bytes (file: vector.c, line: 214) - 3809
MALLOC (0x100413d70) 16 bytes (file: vector.c, line: 216) - 3825
FREE (0x100413d40) 16 bytes (file: vector.c, line: 5339) - 3809
MALLOC (0x100413d40) 16 bytes (file: link.c, line: 155) - 3825
FREE (0x100412a70) 128 bytes (file: db.c, line: 659) - 3697
MALLOC (0x100412a70) 128 bytes (file: util.c, line: 779) - 3825
MALLOC (0x100413d80) 96 bytes (file: expr.c, line: 644) - 3921
MALLOC (0x100413de0) 8 bytes (file: expr.c, line: 658) - 3929
MALLOC (0x100413df0) 16 bytes (file: expr.c, line: 662) - 3945
MALLOC (0x100413e00) 16 bytes (file: vector.c, line: 204) - 3961
MALLOC (0x100413e10) 8 bytes (file: vector.c, line: 214) - 3969
MALLOC (0x100413e20) 48 bytes (file: vector.c, line: 216) - 4017
FREE (0x100413df0) 16 bytes (file: vector.c, line: 5339) - 4001
MALLOC (0x100413df0) 16 bytes (file: link.c, line: 155) - 4017
FREE (0x100412a70) 128 bytes (file: db.c, line: 659) - 3889
MALLOC (0x100412a70) 128 bytes (file: util.c, line: 779) - 4017
MALLOC (0x100413e50) 96 bytes (file: expr.c, line: 644) - 4113
MALLOC (0x100413eb0) 8 bytes (file: expr.c, line: 658) - 4121
MALLOC (0x100413ec0) 16 bytes (file: expr.c, line: 662) - 4137
MALLOC (0x100413ed0) 16 bytes (file: vector.c, line: 204) - 4153
MALLOC (0x100413ee0) 8 bytes (file: vector.c, line: 214) - 4161
MALLOC (0x100413ef0) 16 bytes (file: vector.c, line: 216) - 4177
FREE (0x100413ec0) 16 bytes (file: vector.c, line: 5339) - 4161
MALLOC (0x100413ec0) 16 bytes (file: link.c, line: 155) - 4177
FREE (0x100412a70) 128 bytes (file: db.c, line: 659) - 4049
MALLOC (0x100412a70) 128 bytes (file: util.c, line: 779) - 4177
MALLOC (0x100413f00) 96 bytes (file: expr.c, line: 644) - 4273
MALLOC (0x100413f60) 8 bytes (file: expr.c, line: 658) - 4281
MALLOC (0x100413f70) 16 bytes (file: expr.c, line: 662) - 4297
MALLOC (0x100413f80) 16 bytes (file: vector.c, line: 204) - 4313
MALLOC (0x100413f90) 8 bytes (file: vector.c, line: 214) - 4321
MALLOC (0x100413fa0) 16 bytes (file: vector.c, line: 216) - 4337
FREE (0x100413f70) 16 bytes (file: vector.c, line: 5339) - 4321
MALLOC (0x100413f70) 16 bytes (file: link.c, line: 155) - 4337
FREE (0x100412a70) 128 bytes (file: db.c, line: 659) - 4209
MALLOC (0x100412a70) 128 bytes (file: util.c, line: 779) - 4337
MALLOC (0x100413fb0) 96 bytes (file: expr.c, line: 644) - 4433
MALLOC (0x100414010) 8 bytes (file: expr.c, line: 658) - 4441
MALLOC (0x100414020) 16 bytes (file: expr.c, line: 662) - 4457
MALLOC (0x100414030) 20 bytes (file: expr.c, line: 671) - 4477
MALLOC (0x100414050) 16 bytes (file: vector.c, line: 204) - 4493
MALLOC (0x100414060) 8 bytes (file: vector.c, line: 214) - 4501
MALLOC (0x100414070) 48 bytes (file: vector.c, line: 216) - 4549
FREE (0x100414020) 16 bytes (file: vector.c, line: 5339) - 4533
MALLOC (0x1004140a0) 56 bytes (file: binding.c, line: 131) - 4589
STRDUP (0x100414020) 2 bytes (file: binding.c, line: 133) - 4591
MALLOC (0x1004140e0) 16 bytes (file: link.c, line: 155) - 4607
FREE (0x100412a70) 128 bytes (file: db.c, line: 659) - 4479
MALLOC (0x100412a70) 128 bytes (file: util.c, line: 779) - 4607
MALLOC (0x1004140f0) 96 bytes (file: expr.c, line: 644) - 4703
MALLOC (0x100414150) 8 bytes (file: expr.c, line: 658) - 4711
MALLOC (0x100414160) 16 bytes (file: expr.c, line: 662) - 4727
FREE (0x100414160) 16 bytes (file: vector.c, line: 5339) - 4711
MALLOC (0x100414160) 16 bytes (file: link.c, line: 155) - 4727
FREE (0x100412a70) 128 bytes (file: db.c, line: 659) - 4599
MALLOC (0x100412a70) 128 bytes (file: util.c, line: 779) - 4727
MALLOC (0x100414170) 56 bytes (file: statement.c, line: 142) - 4783
MALLOC (0x1004141b0) 24 bytes (file: statement.c, line: 200) - 4807
MALLOC (0x1004141d0) 24 bytes (file: statement.c, line: 200) - 4831
MALLOC (0x1004141f0) 24 bytes (file: link.c, line: 99) - 4855
FREE (0x100412a70) 128 bytes (file: db.c, line: 659) - 4727
MALLOC (0x100412a70) 128 bytes (file: util.c, line: 779) - 4855
MALLOC (0x100414210) 56 bytes (file: statement.c, line: 142) - 4911
MALLOC (0x100414250) 24 bytes (file: statement.c, line: 200) - 4935
FREE (0x1004141b0) 24 bytes (file: statement.c, line: 271) - 4911
FREE (0x1004141d0) 24 bytes (file: statement.c, line: 271) - 4887
MALLOC (0x1004141d0) 24 bytes (file: link.c, line: 99) - 4911
FREE (0x100412a70) 128 bytes (file: db.c, line: 659) - 4783
MALLOC (0x100412a70) 128 bytes (file: util.c, line: 779) - 4911
MALLOC (0x100414270) 56 bytes (file: statement.c, line: 142) - 4967
FREE (0x100414250) 24 bytes (file: statement.c, line: 271) - 4943
MALLOC (0x100414250) 24 bytes (file: link.c, line: 99) - 4967
FREE (0x100412a70) 128 bytes (file: db.c, line: 659) - 4839
MALLOC (0x100412a70) 128 bytes (file: util.c, line: 779) - 4967
STRDUP (0x1004141b0) 5 bytes (file: util.c, line: 1046) - 4972
STRDUP (0x1004141c0) 5 bytes (file: util.c, line: 1046) - 4977
FREE (0x1004141b0) 5 bytes (file: util.c, line: 1076) - 4972
FREE (0x1004141c0) 5 bytes (file: util.c, line: 1077) - 4967
MALLOC (0x1004142b0) 104 bytes (file: instance.c, line: 141) - 5071
STRDUP (0x1004141c0) 4 bytes (file: instance.c, line: 143) - 5075
MALLOC (0x1004141b0) 16 bytes (file: link.c, line: 242) - 5091
MALLOC (0x100414320) 288 bytes (file: func_unit.c, line: 118) - 5379
STRDUP (0x100414440) 9 bytes (file: db.c, line: 611) - 5388
STRDUP (0x100414450) 14 bytes (file: db.c, line: 613) - 5402
MALLOC (0x100414460) 9 bytes (file: scope.c, line: 342) - 5411
MALLOC (0x100414470) 9 bytes (file: scope.c, line: 343) - 5420
STRDUP (0x100414480) 5 bytes (file: util.c, line: 1046) - 5425
STRDUP (0x100414490) 5 bytes (file: util.c, line: 1046) - 5430
FREE (0x100414480) 5 bytes (file: util.c, line: 1076) - 5425
FREE (0x100414490) 5 bytes (file: util.c, line: 1077) - 5420
FREE (0x100414460) 9 bytes (file: scope.c, line: 355) - 5411
FREE (0x100414470) 9 bytes (file: scope.c, line: 356) - 5402
STRDUP (0x100414470) 9 bytes (file: scope.c, line: 386) - 5411
STRDUP (0x100414460) 9 bytes (file: scope.c, line: 387) - 5420
STRDUP (0x100414480) 9 bytes (file: scope.c, line: 388) - 5429
STRDUP (0x100414490) 5 bytes (file: util.c, line: 1046) - 5434
STRDUP (0x1004144a0) 5 bytes (file: util.c, line: 1046) - 5439
FREE (0x100414490) 5 bytes (file: util.c, line: 1076) - 5434
FREE (0x1004144a0) 5 bytes (file: util.c, line: 1077) - 5429
FREE (0x100414470) 9 bytes (file: scope.c, line: 398) - 5420
FREE (0x100414460) 9 bytes (file: scope.c, line: 399) - 5411
FREE (0x100414480) 9 bytes (file: scope.c, line: 400) - 5402
MALLOC (0x100414480) 16 bytes (file: link.c, line: 242) - 5418
FREE (0x100412a70) 128 bytes (file: db.c, line: 659) - 5290
MALLOC (0x100412a70) 128 bytes (file: util.c, line: 779) - 5418
MALLOC (0x1004144b0) 96 bytes (file: expr.c, line: 644) - 5514
MALLOC (0x100414460) 8 bytes (file: expr.c, line: 658) - 5522
MALLOC (0x100414470) 16 bytes (file: expr.c, line: 662) - 5538
MALLOC (0x100414490) 16 bytes (file: vector.c, line: 204) - 5554
MALLOC (0x1004144a0) 8 bytes (file: vector.c, line: 214) - 5562
MALLOC (0x100414510) 16 bytes (file: vector.c, line: 216) - 5578
FREE (0x100414470) 16 bytes (file: vector.c, line: 5339) - 5562
MALLOC (0x100414470) 16 bytes (file: link.c, line: 155) - 5578
FREE (0x100412a70) 128 bytes (file: db.c, line: 659) - 5450
MALLOC (0x100412a70) 128 bytes (file: util.c, line: 779) - 5578
MALLOC (0x100414520) 96 bytes (file: expr.c, line: 644) - 5674
MALLOC (0x100414580) 8 bytes (file: expr.c, line: 658) - 5682
MALLOC (0x100414590) 16 bytes (file: expr.c, line: 662) - 5698
MALLOC (0x1004145a0) 16 bytes (file: vector.c, line: 204) - 5714
MALLOC (0x1004145b0) 8 bytes (file: vector.c, line: 214) - 5722
MALLOC (0x1004145c0) 48 bytes (file: vector.c, line: 216) - 5770
FREE (0x100414590) 16 bytes (file: vector.c, line: 5339) - 5754
MALLOC (0x100414590) 16 bytes (file: link.c, line: 155) - 5770
FREE (0x100412a70) 128 bytes (file: db.c, line: 659) - 5642
MALLOC (0x100412a70) 128 bytes (file: util.c, line: 779) - 5770
MALLOC (0x1004145f0) 96 bytes (file: expr.c, line: 644) - 5866
MALLOC (0x100414650) 8 bytes (file: expr.c, line: 658) - 5874
MALLOC (0x100414660) 16 bytes (file: expr.c, line: 662) - 5890
MALLOC (0x100414670) 16 bytes (file: vector.c, line: 204) - 5906
MALLOC (0x100414680) 8 bytes (file: vector.c, line: 214) - 5914
MALLOC (0x100414690) 48 bytes (file: vector.c, line: 216) - 5962
FREE (0x100414670) 16 bytes (file: expr.c, line: 603) - 5946
MALLOC (0x100414670) 16 bytes (file: vector.c, line: 204) - 5962
MALLOC (0x1004146c0) 8 bytes (file: vector.c, line: 214) - 5970
MALLOC (0x1004146d0) 48 bytes (file: vector.c, line: 216) - 6018
FREE (0x100414690) 48 bytes (file: vector.c, line: 5302) - 5970
FREE (0x100414680) 8 bytes (file: vector.c, line: 5304) - 5962
FREE (0x100414660) 16 bytes (file: vector.c, line: 5339) - 5946
MALLOC (0x100414660) 16 bytes (file: link.c, line: 155) - 5962
FREE (0x100412a70) 128 bytes (file: db.c, line: 659) - 5834
MALLOC (0x100412a70) 128 bytes (file: util.c, line: 779) - 5962
MALLOC (0x100414680) 56 bytes (file: statement.c, line: 142) - 6018
MALLOC (0x100414700) 24 bytes (file: statement.c, line: 200) - 6042
MALLOC (0x100414720) 24 bytes (file: link.c, line: 99) - 6066
FREE (0x100412a70) 128 bytes (file: db.c, line: 659) - 5938
MALLOC (0x100412a70) 128 bytes (file: util.c, line: 779) - 6066
MALLOC (0x100414740) 56 bytes (file: statement.c, line: 142) - 6122
FREE (0x100414700) 24 bytes (file: statement.c, line: 271) - 6098
MALLOC (0x100414700) 24 bytes (file: link.c, line: 99) - 6122
FREE (0x100412a70) 128 bytes (file: db.c, line: 659) - 5994
MALLOC (0x100412a70) 128 bytes (file: util.c, line: 779) - 6122
FREE (0x100412a70) 128 bytes (file: util.c, line: 796) - 5994
STRDUP (0x100414780) 5 bytes (file: util.c, line: 1046) - 5999
STRDUP (0x100414790) 5 bytes (file: util.c, line: 1046) - 6004
FREE (0x100414780) 5 bytes (file: util.c, line: 1076) - 5999
FREE (0x100414790) 5 bytes (file: util.c, line: 1077) - 5994
MALLOC (0x100412a70) 104 bytes (file: instance.c, line: 141) - 6098
STRDUP (0x100414790) 4 bytes (file: instance.c, line: 143) - 6102
MALLOC (0x100412ae0) 16 bytes (file: link.c, line: 242) - 6118
STRDUP (0x100414780) 5 bytes (file: util.c, line: 1046) - 6123
STRDUP (0x1004147a0) 5 bytes (file: util.c, line: 1046) - 6128
FREE (0x100414780) 5 bytes (file: util.c, line: 1076) - 6123
FREE (0x1004147a0) 5 bytes (file: util.c, line: 1077) - 6118
STRDUP (0x1004147a0) 4 bytes (file: util.c, line: 1046) - 6122
STRDUP (0x100414780) 4 bytes (file: util.c, line: 1046) - 6126
FREE (0x1004147a0) 4 bytes (file: util.c, line: 1076) - 6122
FREE (0x100414780) 4 bytes (file: util.c, line: 1077) - 6118
STRDUP (0x100414780) 4 bytes (file: binding.c, line: 853) - 6122
FREE (0x100413340) 4 bytes (file: binding.c, line: 270) - 6118
FREE (0x1004133a0) 56 bytes (file: binding.c, line: 271) - 6062
STRDUP (0x100413340) 5 bytes (file: util.c, line: 1046) - 6067
STRDUP (0x1004147a0) 5 bytes (file: util.c, line: 1046) - 6072
FREE (0x100413340) 5 bytes (file: util.c, line: 1076) - 6067
FREE (0x1004147a0) 5 bytes (file: util.c, line: 1077) - 6062
STRDUP (0x1004147a0) 4 bytes (file: util.c, line: 1046) - 6066
STRDUP (0x100413340) 4 bytes (file: util.c, line: 1046) - 6070
FREE (0x1004147a0) 4 bytes (file: util.c, line: 1076) - 6066
FREE (0x100413340) 4 bytes (file: util.c, line: 1077) - 6062
STRDUP (0x100413340) 4 bytes (file: util.c, line: 1046) - 6066
STRDUP (0x1004147a0) 4 bytes (file: util.c, line: 1046) - 6070
FREE (0x100413340) 4 bytes (file: util.c, line: 1076) - 6066
FREE (0x1004147a0) 4 bytes (file: util.c, line: 1077) - 6062
STRDUP (0x1004147a0) 4 bytes (file: binding.c, line: 853) - 6066
FREE (0x100413460) 4 bytes (file: binding.c, line: 270) - 6062
FREE (0x1004134c0) 56 bytes (file: binding.c, line: 271) - 6006
STRDUP (0x100413460) 2 bytes (file: scope.c, line: 124) - 6008
FREE (0x100413460) 2 bytes (file: scope.c, line: 175) - 6006
STRDUP (0x100413460) 2 bytes (file: scope.c, line: 209) - 6008
MALLOC (0x1004134c0) 40 bytes (file: gen_item.c, line: 550) - 6048
FREE (0x1004134c0) 40 bytes (file: gen_item.c, line: 1223) - 6008
STRDUP (0x1004134f0) 2 bytes (file: util.c, line: 1046) - 6010
STRDUP (0x100413340) 2 bytes (file: util.c, line: 1046) - 6012
FREE (0x1004134f0) 2 bytes (file: util.c, line: 1076) - 6010
FREE (0x100413340) 2 bytes (file: util.c, line: 1077) - 6008
FREE (0x100413460) 2 bytes (file: scope.c, line: 272) - 6006
MALLOC (0x100413460) 16 bytes (file: link.c, line: 155) - 6022
FREE (0x100413bd0) 48 bytes (file: vector.c, line: 5302) - 5974
FREE (0x100413bc0) 8 bytes (file: vector.c, line: 5304) - 5966
MALLOC (0x100413bc0) 16 bytes (file: vector.c, line: 204) - 5982
MALLOC (0x100413340) 8 bytes (file: vector.c, line: 214) - 5990
MALLOC (0x100413bd0) 48 bytes (file: vector.c, line: 216) - 6038
FREE (0x100413bc0) 16 bytes (file: expr.c, line: 603) - 6022
STRDUP (0x100413bc0) 2 bytes (file: binding.c, line: 853) - 6024
FREE (0x100413b80) 2 bytes (file: binding.c, line: 270) - 6022
FREE (0x100413c00) 56 bytes (file: binding.c, line: 271) - 5966
STRDUP (0x100413b80) 2 bytes (file: scope.c, line: 124) - 5968
FREE (0x100413b80) 2 bytes (file: scope.c, line: 175) - 5966
STRDUP (0x100413b80) 2 bytes (file: scope.c, line: 209) - 5968
MALLOC (0x100413c00) 40 bytes (file: gen_item.c, line: 550) - 6008
FREE (0x100413c00) 40 bytes (file: gen_item.c, line: 1223) - 5968
STRDUP (0x100413c30) 2 bytes (file: util.c, line: 1046) - 5970
STRDUP (0x1004134c0) 2 bytes (file: util.c, line: 1046) - 5972
FREE (0x100413c30) 2 bytes (file: util.c, line: 1076) - 5970
FREE (0x1004134c0) 2 bytes (file: util.c, line: 1077) - 5968
FREE (0x100413b80) 2 bytes (file: scope.c, line: 272) - 5966
MALLOC (0x100413b80) 16 bytes (file: link.c, line: 155) - 5982
FREE (0x100414070) 48 bytes (file: vector.c, line: 5302) - 5934
FREE (0x100414060) 8 bytes (file: vector.c, line: 5304) - 5926
MALLOC (0x100414060) 16 bytes (file: vector.c, line: 204) - 5942
MALLOC (0x100414070) 8 bytes (file: vector.c, line: 214) - 5950
MALLOC (0x1004134c0) 48 bytes (file: vector.c, line: 216) - 5998
FREE (0x100414060) 16 bytes (file: expr.c, line: 603) - 5982
STRDUP (0x100414060) 2 bytes (file: binding.c, line: 853) - 5984
FREE (0x100414020) 2 bytes (file: binding.c, line: 270) - 5982
FREE (0x1004140a0) 56 bytes (file: binding.c, line: 271) - 5926
Exclusion ID: M01, Status: EXCLUDED
STRDUP (0x100414080) 26 bytes (file: report.c, line: 1026) - 5952
MALLOC (0x100414020) 3 bytes (file: report.c, line: 1030) - 5955

  This memory is not needed 

FREE (0x100414080) 26 bytes (file: report.c, line: 1067) - 5929
FREE (0x100414020) 3 bytes (file: report.c, line: 1068) - 5926
STRDUP (0x100414020) 6 bytes (file: util.c, line: 1046) - 5932
STRDUP (0x1004134f0) 6 bytes (file: util.c, line: 1046) - 5938
FREE (0x100414020) 6 bytes (file: util.c, line: 1076) - 5932
FREE (0x1004134f0) 6 bytes (file: util.c, line: 1077) - 5926
FREE (0x100412ef0) 6 bytes (file: instance.c, line: 1476) - 5920
FREE (0x100412e80) 104 bytes (file: instance.c, line: 1497) - 5816
FREE (0x100412f00) 24 bytes (file: link.c, line: 1253) - 5792
STRDUP (0x1004134f0) 5 bytes (file: util.c, line: 1046) - 5797
STRDUP (0x100414020) 5 bytes (file: util.c, line: 1046) - 5802
FREE (0x1004134f0) 5 bytes (file: util.c, line: 1076) - 5797
FREE (0x100414020) 5 bytes (file: util.c, line: 1077) - 5792
FREE (0x1004141c0) 4 bytes (file: instance.c, line: 1476) - 5788
FREE (0x1004142b0) 104 bytes (file: instance.c, line: 1497) - 5684
FREE (0x100414790) 4 bytes (file: instance.c, line: 1476) - 5680
FREE (0x100412a70) 104 bytes (file: instance.c, line: 1497) - 5576
FREE (0x1004137c0) 5 bytes (file: instance.c, line: 1476) - 5571
FREE (0x1004137d0) 104 bytes (file: instance.c, line: 1497) - 5467
FREE (0x100413840) 24 bytes (file: link.c, line: 1253) - 5443
FREE (0x100412e60) 6 bytes (file: func_unit.c, line: 1717) - 5437
FREE (0x100412e70) 3 bytes (file: func_unit.c, line: 1723) - 5434
FREE (0x1004130a0) 288 bytes (file: func_unit.c, line: 1768) - 5146
FREE (0x100412f20) 16 bytes (file: link.c, line: 1196) - 5130
FREE (0x100413620) 2 bytes (file: vsignal.c, line: 763) - 5128
FREE (0x100413510) 16 bytes (file: vsignal.c, line: 767) - 5112
FREE (0x100413540) 64 bytes (file: vector.c, line: 5302) - 5048
FREE (0x100413530) 8 bytes (file: vector.c, line: 5304) - 5040
FREE (0x100413520) 16 bytes (file: vector.c, line: 5339) - 5024
FREE (0x100413460) 16 bytes (file: link.c, line: 1108) - 5008
FREE (0x100413b80) 16 bytes (file: link.c, line: 1108) - 4992
FREE (0x100413580) 64 bytes (file: vsignal.c, line: 784) - 4928
FREE (0x1004135c0) 16 bytes (file: link.c, line: 1138) - 4912
FREE (0x1004136f0) 2 bytes (file: vsignal.c, line: 763) - 4910
FREE (0x1004135d0) 16 bytes (file: vsignal.c, line: 767) - 4894
FREE (0x100413630) 64 bytes (file: vector.c, line: 5302) - 4830
FREE (0x1004135f0) 8 bytes (file: vector.c, line: 5304) - 4822
FREE (0x1004135e0) 16 bytes (file: vector.c, line: 5339) - 4806
FREE (0x100413670) 64 bytes (file: vsignal.c, line: 784) - 4742
FREE (0x100413600) 16 bytes (file: link.c, line: 1138) - 4726
FREE (0x100413370) 48 bytes (file: vector.c, line: 5302) - 4678
FREE (0x100413360) 8 bytes (file: vector.c, line: 5304) - 4670
FREE (0x100413350) 16 bytes (file: vector.c, line: 5339) - 4654
FREE (0x100412f50) 8 bytes (file: expr.c, line: 6306) - 4646
FREE (0x100414780) 4 bytes (file: expr.c, line: 6309) - 4642
FREE (0x1004132e0) 96 bytes (file: expr.c, line: 6312) - 4546
FREE (0x1004133e0) 16 bytes (file: link.c, line: 1108) - 4530
FREE (0x100413490) 48 bytes (file: vector.c, line: 5302) - 4482
FREE (0x100413480) 8 bytes (file: vector.c, line: 5304) - 4474
FREE (0x100413470) 16 bytes (file: vector.c, line: 5339) - 4458
FREE (0x100413450) 8 bytes (file: expr.c, line: 6306) - 4450
FREE (0x1004147a0) 4 bytes (file: expr.c, line: 6309) - 4446
FREE (0x1004133f0) 96 bytes (file: expr.c, line: 6312) - 4350
FREE (0x100413500) 16 bytes (file: link.c, line: 1108) - 4334
FREE (0x1004136b0) 56 bytes (file: statement.c, line: 956) - 4278
FREE (0x100413700) 24 bytes (file: link.c, line: 1078) - 4254
FREE (0x100413720) 56 bytes (file: statement.c, line: 956) - 4198
FREE (0x100413760) 24 bytes (file: link.c, line: 1078) - 4174
FREE (0x1004139c0) 16 bytes (file: link.c, line: 1196) - 4158
FREE (0x100414480) 16 bytes (file: link.c, line: 1196) - 4142
FREE (0x1004137a0) 26 bytes (file: func_unit.c, line: 1706) - 4116
FREE (0x100413780) 32 bytes (file: func_unit.c, line: 1707) - 4084
FREE (0x100412f30) 5 bytes (file: func_unit.c, line: 1717) - 4079
FREE (0x100412f40) 14 bytes (file: func_unit.c, line: 1723) - 4065
FREE (0x1004131c0) 288 bytes (file: func_unit.c, line: 1768) - 3777
FREE (0x100413610) 16 bytes (file: link.c, line: 1196) - 3761
FREE (0x100413a50) 16 bytes (file: vector.c, line: 5302) - 3745
FREE (0x1004139e0) 8 bytes (file: vector.c, line: 5304) - 3737
FREE (0x1004139d0) 16 bytes (file: vector.c, line: 5339) - 3721
FREE (0x1004139a0) 8 bytes (file: expr.c, line: 6306) - 3713
FREE (0x1004139f0) 96 bytes (file: expr.c, line: 6312) - 3617
FREE (0x1004139b0) 16 bytes (file: link.c, line: 1108) - 3601
FREE (0x100413b00) 16 bytes (file: vector.c, line: 5302) - 3585
FREE (0x100413af0) 8 bytes (file: vector.c, line: 5304) - 3577
FREE (0x100413ae0) 16 bytes (file: vector.c, line: 5339) - 3561
FREE (0x100413ac0) 8 bytes (file: expr.c, line: 6306) - 3553
FREE (0x100413a60) 96 bytes (file: expr.c, line: 6312) - 3457
FREE (0x100413ad0) 16 bytes (file: link.c, line: 1108) - 3441
FREE (0x100413bd0) 48 bytes (file: vector.c, line: 5302) - 3393
FREE (0x100413340) 8 bytes (file: vector.c, line: 5304) - 3385
FREE (0x100413bb0) 16 bytes (file: vector.c, line: 5339) - 3369
FREE (0x100413b90) 20 bytes (file: expr.c, line: 6301) - 3349
FREE (0x100413b70) 8 bytes (file: expr.c, line: 6306) - 3341
FREE (0x100413bc0) 2 bytes (file: expr.c, line: 6309) - 3339
FREE (0x100413b10) 96 bytes (file: expr.c, line: 6312) - 3243
FREE (0x100413c40) 16 bytes (file: link.c, line: 1108) - 3227
FREE (0x100413cb0) 8 bytes (file: expr.c, line: 6306) - 3219
FREE (0x100413c50) 96 bytes (file: expr.c, line: 6312) - 3123
FREE (0x100413cc0) 16 bytes (file: link.c, line: 1108) - 3107
FREE (0x100413d70) 16 bytes (file: vector.c, line: 5302) - 3091
FREE (0x100413d60) 8 bytes (file: vector.c, line: 5304) - 3083
FREE (0x100413d50) 16 bytes (file: vector.c, line: 5339) - 3067
FREE (0x100413d30) 8 bytes (file: expr.c, line: 6306) - 3059
FREE (0x100413cd0) 96 bytes (file: expr.c, line: 6312) - 2963
FREE (0x100413d40) 16 bytes (file: link.c, line: 1108) - 2947
FREE (0x100413e20) 48 bytes (file: vector.c, line: 5302) - 2899
FREE (0x100413e10) 8 bytes (file: vector.c, line: 5304) - 2891
FREE (0x100413e00) 16 bytes (file: vector.c, line: 5339) - 2875
FREE (0x100413de0) 8 bytes (file: expr.c, line: 6306) - 2867
FREE (0x100413d80) 96 bytes (file: expr.c, line: 6312) - 2771
FREE (0x100413df0) 16 bytes (file: link.c, line: 1108) - 2755
FREE (0x100413ef0) 16 bytes (file: vector.c, line: 5302) - 2739
FREE (0x100413ee0) 8 bytes (file: vector.c, line: 5304) - 2731
FREE (0x100413ed0) 16 bytes (file: vector.c, line: 5339) - 2715
FREE (0x100413eb0) 8 bytes (file: expr.c, line: 6306) - 2707
FREE (0x100413e50) 96 bytes (file: expr.c, line: 6312) - 2611
FREE (0x100413ec0) 16 bytes (file: link.c, line: 1108) - 2595
FREE (0x100413fa0) 16 bytes (file: vector.c, line: 5302) - 2579
FREE (0x100413f90) 8 bytes (file: vector.c, line: 5304) - 2571
FREE (0x100413f80) 16 bytes (file: vector.c, line: 5339) - 2555
FREE (0x100413f60) 8 bytes (file: expr.c, line: 6306) - 2547
FREE (0x100413f00) 96 bytes (file: expr.c, line: 6312) - 2451
FREE (0x100413f70) 16 bytes (file: link.c, line: 1108) - 2435
FREE (0x1004134c0) 48 bytes (file: vector.c, line: 5302) - 2387
FREE (0x100414070) 8 bytes (file: vector.c, line: 5304) - 2379
FREE (0x100414050) 16 bytes (file: vector.c, line: 5339) - 2363
FREE (0x100414030) 20 bytes (file: expr.c, line: 6301) - 2343
FREE (0x100414010) 8 bytes (file: expr.c, line: 6306) - 2335
FREE (0x100414060) 2 bytes (file: expr.c, line: 6309) - 2333
FREE (0x100413fb0) 96 bytes (file: expr.c, line: 6312) - 2237
FREE (0x1004140e0) 16 bytes (file: link.c, line: 1108) - 2221
FREE (0x100414150) 8 bytes (file: expr.c, line: 6306) - 2213
FREE (0x1004140f0) 96 bytes (file: expr.c, line: 6312) - 2117
FREE (0x100414160) 16 bytes (file: link.c, line: 1108) - 2101
FREE (0x100414170) 56 bytes (file: statement.c, line: 956) - 2045
FREE (0x1004141f0) 24 bytes (file: link.c, line: 1078) - 2021
FREE (0x100414210) 56 bytes (file: statement.c, line: 956) - 1965
FREE (0x1004141d0) 24 bytes (file: link.c, line: 1078) - 1941
FREE (0x100414270) 56 bytes (file: statement.c, line: 956) - 1885
FREE (0x100414250) 24 bytes (file: link.c, line: 1078) - 1861
FREE (0x100413980) 9 bytes (file: func_unit.c, line: 1717) - 1852
FREE (0x100413990) 14 bytes (file: func_unit.c, line: 1723) - 1838
FREE (0x100413860) 288 bytes (file: func_unit.c, line: 1768) - 1550
FREE (0x1004141b0) 16 bytes (file: link.c, line: 1196) - 1534
FREE (0x100414510) 16 bytes (file: vector.c, line: 5302) - 1518
FREE (0x1004144a0) 8 bytes (file: vector.c, line: 5304) - 1510
FREE (0x100414490) 16 bytes (file: vector.c, line: 5339) - 1494
FREE (0x100414460) 8 bytes (file: expr.c, line: 6306) - 1486
FREE (0x1004144b0) 96 bytes (file: expr.c, line: 6312) - 1390
FREE (0x100414470) 16 bytes (file: link.c, line: 1108) - 1374
FREE (0x1004145c0) 48 bytes (file: vector.c, line: 5302) - 1326
FREE (0x1004145b0) 8 bytes (file: vector.c, line: 5304) - 1318
FREE (0x1004145a0) 16 bytes (file: vector.c, line: 5339) - 1302
FREE (0x100414580) 8 bytes (file: expr.c, line: 6306) - 1294
FREE (0x100414520) 96 bytes (file: expr.c, line: 6312) - 1198
FREE (0x100414590) 16 bytes (file: link.c, line: 1108) - 1182
FREE (0x1004146d0) 48 bytes (file: vector.c, line: 5302) - 1134
FREE (0x1004146c0) 8 bytes (file: vector.c, line: 5304) - 1126
FREE (0x100414670) 16 bytes (file: vector.c, line: 5339) - 1110
FREE (0x100414650) 8 bytes (file: expr.c, line: 6306) - 1102
FREE (0x1004145f0) 96 bytes (file: expr.c, line: 6312) - 1006
FREE (0x100414660) 16 bytes (file: link.c, line: 1108) - 990
FREE (0x100414680) 56 bytes (file: statement.c, line: 956) - 934
FREE (0x100414720) 24 bytes (file: link.c, line: 1078) - 910
FREE (0x100414740) 56 bytes (file: statement.c, line: 956) - 854
FREE (0x100414700) 24 bytes (file: link.c, line: 1078) - 830
FREE (0x100414440) 9 bytes (file: func_unit.c, line: 1717) - 821
FREE (0x100414450) 14 bytes (file: func_unit.c, line: 1723) - 807
FREE (0x100414320) 288 bytes (file: func_unit.c, line: 1768) - 519
FREE (0x100412ae0) 16 bytes (file: link.c, line: 1196) - 503
FREE (0x100412e50) 2 bytes (file: db.c, line: 257) - 501
FREE (0x100412af0) 8 bytes (file: db.c, line: 259) - 493
FREE (0x100412db0) 72 bytes (file: db.c, line: 267) - 421
FREE (0x100412f60) 3 bytes (file: link.c, line: 1000) - 418
FREE (0x100412fa0) 5 bytes (file: link.c, line: 1001) - 413
FREE (0x100412f70) 48 bytes (file: link.c, line: 1007) - 365
FREE (0x100412fb0) 5 bytes (file: link.c, line: 1000) - 360
FREE (0x100412ff0) 16 bytes (file: link.c, line: 1001) - 344
FREE (0x100412fc0) 48 bytes (file: link.c, line: 1007) - 296
FREE (0x100413000) 3 bytes (file: link.c, line: 1000) - 293
FREE (0x100413040) 14 bytes (file: link.c, line: 1001) - 279
FREE (0x100413010) 48 bytes (file: link.c, line: 1007) - 231
FREE (0x100413050) 3 bytes (file: link.c, line: 1000) - 228
FREE (0x100413090) 16 bytes (file: link.c, line: 1001) - 212
FREE (0x100413060) 48 bytes (file: link.c, line: 1007) - 164
FREE (0x100412e00) 72 bytes (file: db.c, line: 296) - 92
FREE (0x100412a20) 4 bytes (file: link.c, line: 1000) - 88
FREE (0x100412a30) 48 bytes (file: link.c, line: 1007) - 40
FREE (0x100412a60) 16 bytes (file: exclude.c, line: 1930) - 24
FREE (0x100412a00) 24 bytes (file: profiler.c, line: 133) - 0
curr_malloc_size: 0
